number of clusters = 6
Cluster 0 (3) : 
0: Input vars: (0x4), and 1-to-32Z(0x0) 

1: Input vars: (0x4), and 1-to-32Z(0x0) 

22: Input vars: (0x4), and 1-to-32Z(0x0) 

Cluster 1 (15) : 
2: Input vars: 1-to-32S(0x2), and (0x0) 

4: Input vars: 1-to-32S(0x2), and (0x0) 

5: Input vars: 1-to-32S(0x2), and (0x0) 

11: Input vars: 1-to-32S(0x2), and (0x0) 

12: Input vars: 1-to-32S(0x2), and (0x0) 

14: Input vars: 1-to-32S(0x2), and (0x0) 

15: Input vars: 1-to-32S(0x2), and (0x0) 

16: Input vars: 1-to-32S(0x2), and (0x0) 

19: Input vars: 1-to-32S(0x2), and (0x0) 

20: Input vars: 1-to-32S(0x2), and (0x0) 

23: Input vars: 1-to-32S(0x2), and (0x0) 

24: Input vars: 1-to-32S(0x2), and (0x0) 

26: Input vars: 1-to-32S(0x2), and (0x0) 

27: Input vars: 1-to-32S(0x2), and (0x0) 

29: Input vars: 1-to-32S(0x2), and (0x0) 

Cluster 2 (3) : 
3: Input vars: (0x5), and 32-to-1(0x0) 

7: Input vars: (0x5), and 32-to-1(0x0) 

25: Input vars: (0x5), and 32-to-1(0x0) 

Cluster 3 (4) : 
6: Input vars: 1-to-32S(0x8), and (0x0) 

13: Input vars: 1-to-32S(0x8), and (0x0) 

17: Input vars: 1-to-32S(0x8), and (0x0) 

18: Input vars: 1-to-32S(0x8), and (0x0) 

Cluster 4 (4) : 
8: Input vars: 1-to-32S(0x7), and (0x0) 

9: Input vars: 1-to-32S(0x7), and (0x0) 

10: Input vars: 1-to-32S(0x7), and (0x0) 

31: Input vars: 1-to-32S(0x7), and (0x0) 

Cluster 5 (3) : 
21: Input vars: (0x4), and 32-to-1(0x0) 

28: Input vars: (0x4), and 32-to-1(0x0) 

30: Input vars: (0x4), and 32-to-1(0x0) 

