../../fuzzball
../../stp
fuzz-start-addr : 0x000000000040150c
f1:   0x000000000040109f @ 0x401447
f2:   0x00000000004011a6
wrap_f2: 0x00000000004013ca @ 0x401496
branch: 0x4014c0
1328 = f1(3)
1329 = f2(3)
synth_ret_opt = -synthesize-return-adaptor return-typeconv:0x00000000004011a6:0x40149b:3
synth_struct_opt[0] = -synthesize-struct-adaptor
synth_struct_opt[1] = 1111621632
synth_struct_opt[2] = -struct-adaptor-params
synth_struct_opt[3] = 2:2:1032
default adaptor = 0 0 0 1 0 2 ret-adaptor = 0 0 structure-adaptor = 196608 4 1 17180327936 4 1
Checking simple adaptor = 0,0,0,1,0,2, ret adaptor = 0,0, struct adaptor = f1_type=0x30000, f1_size=0x4, f1_n=0x1, f2_type=0x400070000, f2_size=0x4, f2_n=0x1,  with sane_addr=0x42420000
synth_struct_opt[0] = -synthesize-struct-adaptor
synth_struct_opt[1] = 1111621632
synth_struct_opt[2] = -struct-adaptor-params
synth_struct_opt[3] = 2:2:1032
../../fuzzball -linux-syscalls -arch x64 ./rc4setup_m_o -solver smtlib -solver-path ../../stp -smtlib-solver-type stp -fuzz-start-addr 0x000000000040150c -trace-sym-addr-details -trace-sym-addrs -trace-syscalls -omit-pf-af -trace-temps -trace-regions -time-stats -trace-memory-snapshots -trace-tables -table-limit 12 -trace-binary-paths-bracketed -trace-basic -trace-conditions -trace-decisions -store-byte 0x4251bf40=0x61 -match-syscalls-in-addr-range 0x401447:0x40144c:0x401496:0x40149b -synthesize-adaptor simple:0x401496:3:0x00000000004011a6:3 -extra-condition a_is_const:reg1_t==0x0:reg1_t -extra-condition a_val:reg64_t==0x0000000000000000:reg64_t -extra-condition b_is_const:reg1_t==0x0:reg1_t -extra-condition b_val:reg64_t==0x0000000000000001:reg64_t -extra-condition c_is_const:reg1_t==0x0:reg1_t -extra-condition c_val:reg64_t==0x0000000000000002:reg64_t -extra-condition 'a_is_const:reg1_t==0:reg1_t | a_val:reg64_t>=$0xffffffffffffffff:reg64_t' -extra-condition 'a_is_const:reg1_t==0:reg1_t | a_val:reg64_t<=$0xf:reg64_t' -extra-condition 'b_is_const:reg1_t==0:reg1_t | b_val:reg64_t>=$0xffffffffffffffff:reg64_t' -extra-condition 'b_is_const:reg1_t==0:reg1_t | b_val:reg64_t<=$0xf:reg64_t' -extra-condition 'c_is_const:reg1_t==0:reg1_t | c_val:reg64_t>=$0xffffffffffffffff:reg64_t' -extra-condition 'c_is_const:reg1_t==0:reg1_t | c_val:reg64_t<=$0xf:reg64_t' -synthesize-return-adaptor return-typeconv:0x00000000004011a6:0x40149b:3 -extra-condition ret_type:reg8_t==0x0:reg8_t -extra-condition ret_val:reg64_t==0x0000000000000000:reg64_t -synthesize-struct-adaptor 1111621632 -struct-adaptor-params 2:2:1032 -split-target-formulas -adaptor-ivc -extra-condition f1_type:reg64_t==0x30000:reg64_t -extra-condition f1_size:reg16_t==0x4:reg16_t -extra-condition f1_n:reg16_t==0x1:reg16_t -extra-condition f2_type:reg64_t==0x400070000:reg64_t -extra-condition f2_size:reg16_t==0x4:reg16_t -extra-condition f2_n:reg16_t==0x1:reg16_t -disable-ce-cache -return-zero-missing-x64-syscalls -iteration-limit 4000 -region-limit 1032 -branch-preference 0x4014c0:0 -trace-iterations -trace-assigns -solve-final-pc -trace-stopping -random-seed 416303 -- ./rc4setup_m_o 1328 1329 g ceinputs
  Loading executable from ./rc4setup_m_o
  Loading       text segment from 00400000 to 004c00c8
  Loading       data segment from 006c0eb0 to 006c2c30
                Zero filling from 006c2c30 to 006c5188
          Extra zero filling from 006c5188 to 006c6000
  Setting initial break to 0x006c6000
  Loading       NOTE segment from 00400190 to 004001d4
  Loading        TLS segment from 006c0eb0 to 006c0ed0
  Loading      STACK segment from 00000000 to 00000000
  Loading      RELRO segment from 006c0eb0 to 006c1000
  From real env., setting env. var DISPLAY to :0
  Skipping missing env. var EDITOR
  From real env., setting env. var HOME to /home/grad06/vaibhav
  From real env., setting env. var LANG to en_US.UTF-8
  From real env., setting env. var LOGNAME to vaibhav
  Skipping missing env. var PAGER
  From real env., setting env. var PATH to /home/fac05/mccamant/soft/amd64/texinfo/4.13a/bin:/home/fac05/mccamant/soft/amd64/caml/ocaml/4.02.1/bin:/home/fac05/mccamant/soft/amd64/caml/opam/1.1.2/bin:/soft/scheme/mit-gnu/9.2/trusty64/bin:/soft/perl5.14.1/bin:/soft/jdk1.7.0_76/bin:/usr/local/sbin:/usr/local/bin:/usr/sbin:/usr/bin:/sbin:/bin:/usr/games:/usr/local/games:/soft/netbeans-8.0.2/bin:/opt/gnu/bin:/opt/local/bin:/soft/vt-1.07:/usr/X11R6/bin:/soft/X11R6.3/bin:/soft/math8.0.1/bin:/export/scratch/vaibhav/fuzzball-adaptorsynth/exec_utils/:/export/scratch/vaibhav/fuzzball-adaptorsynth/stp:/export/scratch/vaibhav/code/dwarfdump/:/export/scratch/vaibhav/fuzzball-adaptorsynth/libasmir/apps:/export/scratch/vaibhav/spim-install/usr/bin/spim/:/export/scratch/vaibhav/LLVM/build/bin:/export/scratch/vaibhav/solvers:/export/scratch/vaibhav/fuzzball-adaptorsynth/exec_utils/:/export/scratch/vaibhav/fuzzball-adaptorsynth/stp:/export/scratch/vaibhav/code/dwarfdump/:/export/scratch/vaibhav/fuzzball-adaptorsynth/libasmir/apps:/export/scratch/vaibhav/spim-install/usr/bin/spim/:/export/scratch/vaibhav/LLVM/build/bin:/export/scratch/vaibhav/solvers
  From real env., setting env. var PWD to /export/scratch/vaibhav/fuzzball-synth/eg/artifact/rc4/rc4setup
  From real env., setting env. var SHELL to /bin/bash
  From real env., setting env. var TERM to screen
  From real env., setting env. var USER to vaibhav
  Skipping missing env. var USERNAME
  From real env., setting env. var XAUTHORITY to /home/grad06/vaibhav/.Xauthority
  Initial stack pointer is 0xbfffd000
  Starting address 0x00400f4e, fuzz start 0x0040150c
  Initial registers:
  %rax: 0:reg64_t
  %rbx: 0:reg64_t
  %rcx: 0:reg64_t
  %rdx: 0:reg64_t
  %rsi: 0:reg64_t
  %rdi: 0:reg64_t
  %rsp: 0xbfffd000:reg64_t
  %rbp: 0:reg64_t
  %r8: 0:reg64_t
  %r9: 0:reg64_t
  %r10: 0:reg64_t
  %r11: 0:reg64_t
  %r12: 0:reg64_t
  %r13: 0:reg64_t
  %r14: 0:reg64_t
  %r15: 0:reg64_t
  CF: false
  PF: false
  AF: false
  ZF: false
  SF: false
  OF: false
  YMM0: 0:reg64_t 0:reg64_t 0:reg64_t 0:reg64_t
  YMM1: 0:reg64_t 0:reg64_t 0:reg64_t 0:reg64_t
  YMM2: 0:reg64_t 0:reg64_t 0:reg64_t 0:reg64_t
  YMM3: 0:reg64_t 0:reg64_t 0:reg64_t 0:reg64_t
  YMM4: 0:reg64_t 0:reg64_t 0:reg64_t 0:reg64_t
  YMM5: 0:reg64_t 0:reg64_t 0:reg64_t 0:reg64_t
  YMM6: 0:reg64_t 0:reg64_t 0:reg64_t 0:reg64_t
  YMM7: 0:reg64_t 0:reg64_t 0:reg64_t 0:reg64_t
  YMM8: 0:reg64_t 0:reg64_t 0:reg64_t 0:reg64_t
  YMM9: 0:reg64_t 0:reg64_t 0:reg64_t 0:reg64_t
  YMM10: 0:reg64_t 0:reg64_t 0:reg64_t 0:reg64_t
  YMM11: 0:reg64_t 0:reg64_t 0:reg64_t 0:reg64_t
  YMM12: 0:reg64_t 0:reg64_t 0:reg64_t 0:reg64_t
  YMM13: 0:reg64_t 0:reg64_t 0:reg64_t 0:reg64_t
  YMM14: 0:reg64_t 0:reg64_t 0:reg64_t 0:reg64_t
  YMM15: 0:reg64_t 0:reg64_t 0:reg64_t 0:reg64_t
  Pre-fuzzing execution...
  uname(0xbfffcd80) = 0 (0x00000000)
  brk(0x00000000) = 7102464 (0x006c6000)
  brk(0x006c71c0) = 7107008 (0x006c71c0)
  arch_prctl(4098, 0x006c6880) = 0 (0x00000000)
  readlink("/proc/self/exe", 0xbfffbeb0, 4096) = 59 (0x0000003b)
  brk(0x006e81c0) = 7242176 (0x006e81c0)
  brk(0x006e9000) = 7245824 (0x006e9000)
  access("/etc/ld.so.nohwcap", 0x0) = -2 (0xfffffffffffffffe)
  open("ceinputs", 0x0, 0o0) = 3 (0x00000003)
  GSSM#make_snap 1 -> 2
  GSM#make_snap called
  exec_fuzzloop adding tmp_cond2 = !
   (
   (
    f2_type_12573:reg64_t >> 0x20:reg8_t 
   <=  f1_type_12572:reg64_t >> 0x20:reg8_t 
    & 
    f1_type_12572:reg64_t >> 0x20:reg8_t 
   <=  (0xffff:reg64_t &  f2_type_12573:reg64_t >> 0x10:reg8_t ) 
   )
    | 
   (
    f2_type_12573:reg64_t >> 0x20:reg8_t 
   <=  (0xffff:reg64_t &  f1_type_12572:reg64_t >> 0x10:reg8_t ) 
    & 
    (0xffff:reg64_t &  f1_type_12572:reg64_t >> 0x10:reg8_t ) 
   <=  (0xffff:reg64_t &  f2_type_12573:reg64_t >> 0x10:reg8_t ) 
   )
   )
   
  exec_fuzzloop adding tmp_cond3 =    (  (0xffff:reg64_t &  f1_type_12572:reg64_t >> 0x10:reg8_t )  + 1:reg64_t 
   -  (f1_type_12572:reg64_t >> 0x20:reg8_t) )
    % cast(f1_n_12570:reg16_t)U:reg64_t  == 0:reg64_t 
  exec_fuzzloop adding tmp_cond2 = !
   (
   (
    f1_type_12572:reg64_t >> 0x20:reg8_t 
   <=  f2_type_12573:reg64_t >> 0x20:reg8_t 
    & 
    f2_type_12573:reg64_t >> 0x20:reg8_t 
   <=  (0xffff:reg64_t &  f1_type_12572:reg64_t >> 0x10:reg8_t ) 
   )
    | 
   (
    f1_type_12572:reg64_t >> 0x20:reg8_t 
   <=  (0xffff:reg64_t &  f2_type_12573:reg64_t >> 0x10:reg8_t ) 
    & 
    (0xffff:reg64_t &  f2_type_12573:reg64_t >> 0x10:reg8_t ) 
   <=  (0xffff:reg64_t &  f1_type_12572:reg64_t >> 0x10:reg8_t ) 
   )
   )
   
  exec_fuzzloop adding tmp_cond3 =    (  (0xffff:reg64_t &  f2_type_12573:reg64_t >> 0x10:reg8_t )  + 1:reg64_t 
   -  (f2_type_12573:reg64_t >> 0x20:reg8_t) )
    % cast(f2_n_12574:reg16_t)U:reg64_t  == 0:reg64_t 
  Setting up symbolic values:
  GSSSM#make_snap 2 -> 3
  linux_syscalls#make_snap called
  Took snapshot
  SRFM#field=2 Hashtbl.len = 10
  SRFM#field=2 Hashtbl.len = 48
  SRFM#field=2 Hashtbl.len = 82
  SRFM#field=2 Hashtbl.len = 116
  SRFM#field=2 Hashtbl.len = 150
  SRFM#field=2 Hashtbl.len = 184
  SRFM#field=2 Hashtbl.len = 184
  SRFM#field=2 Hashtbl.len = 214
  SRFM#field=2 Hashtbl.len = 214
  SRFM#field=2 Hashtbl.len = 214
  SRFM#field=2 Hashtbl.len = 235
  SRFM#field=2 Hashtbl.len = 235
  SRFM#field=2 Hashtbl.len = 235
  SRFM#field=2 Hashtbl.len = 235
  SRFM#field=2 Hashtbl.len = 235
  SRFM#field=2 Hashtbl.len = 235
  SRFM#field=2 Hashtbl.len = 235
  SRFM#field=2 Hashtbl.len = 235
  SRFM#field=2 Hashtbl.len = 269
  SRFM#field=2 Hashtbl.len = 303
  SRFM#field=2 Hashtbl.len = 303
  SRFM#field=2 Hashtbl.len = 303
  SRFM#field=2 Hashtbl.len = 303
  SRFM#field=2 Hashtbl.len = 303
  SRFM#field=2 Hashtbl.len = 303
  SRFM#field=2 Hashtbl.len = 303
  SRFM#field=2 Hashtbl.len = 303
  SRFM#field=2 Hashtbl.len = 303
  SRFM#field=2 Hashtbl.len = 303
  SRFM#field=2 Hashtbl.len = 314
  SRFM#field=2 Hashtbl.len = 314
  SRFM#field=2 Hashtbl.len = 314
  SRFM#field=2 Hashtbl.len = 314
  SRFM#field=2 Hashtbl.len = 314
  SRFM#field=2 Hashtbl.len = 314
  SRFM#field=2 Hashtbl.len = 314
  SRFM#field=2 Hashtbl.len = 314
  SRFM#field=2 Hashtbl.len = 314
  get_array_offsets_l done...field ranges...SRFM#field=2 Hashtbl.len = 10
  SRFM#field=2 Hashtbl.len = 48
  SRFM#field=2 Hashtbl.len = 82
  SRFM#field=2 Hashtbl.len = 116
  SRFM#field=2 Hashtbl.len = 150
  SRFM#field=2 Hashtbl.len = 184
  SRFM#field=2 Hashtbl.len = 184
  SRFM#field=2 Hashtbl.len = 214
  SRFM#field=2 Hashtbl.len = 214
  SRFM#field=2 Hashtbl.len = 214
  SRFM#field=2 Hashtbl.len = 235
  SRFM#field=2 Hashtbl.len = 235
  SRFM#field=2 Hashtbl.len = 235
  SRFM#field=2 Hashtbl.len = 235
  SRFM#field=2 Hashtbl.len = 235
  SRFM#field=2 Hashtbl.len = 235
  SRFM#field=2 Hashtbl.len = 235
  SRFM#field=2 Hashtbl.len = 235
  SRFM#field=2 Hashtbl.len = 269
  SRFM#field=2 Hashtbl.len = 303
  SRFM#field=2 Hashtbl.len = 303
  SRFM#field=2 Hashtbl.len = 303
  SRFM#field=2 Hashtbl.len = 303
  SRFM#field=2 Hashtbl.len = 303
  SRFM#field=2 Hashtbl.len = 303
  SRFM#field=2 Hashtbl.len = 303
  SRFM#field=2 Hashtbl.len = 303
  SRFM#field=2 Hashtbl.len = 303
  SRFM#field=2 Hashtbl.len = 303
  SRFM#field=2 Hashtbl.len = 314
  SRFM#field=2 Hashtbl.len = 314
  SRFM#field=2 Hashtbl.len = 314
  SRFM#field=2 Hashtbl.len = 314
  SRFM#field=2 Hashtbl.len = 314
  SRFM#field=2 Hashtbl.len = 314
  SRFM#field=2 Hashtbl.len = 314
  SRFM#field=2 Hashtbl.len = 314
  SRFM#field=2 Hashtbl.len = 314
  get_array_offsets_l done...field ranges...i_byte_arr list lengths = 
  38 48 66 64 89 87 83 83 114 112 108 108 102 102 102 102 128 126 122 122 116 116 116 116 108 108 108 108 108 108 108 108 134 132 128 128 122 122 122 122 114 114 114 114 114 114 114 114 106 106 106 106 106 106 106 106 106 106 106 106 106 106 106 106 132 130 126 126 120 120 120 120 112 112 112 112 112 112 112 112 104 104 104 104 104 104 104 104 104 104 104 104 104 104 104 104 96 96 96 96 96 96 96 96 96 96 96 96 96 96 96 96 96 96 96 96 96 96 96 96 96 96 96 96 96 96 96 96 122 120 116 116 110 110 110 110 102 102 102 102 102 102 102 102 94 94 94 94 94 94 94 94 94 94 94 94 94 94 94 94 86 86 86 86 86 86 86 86 86 86 86 86 86 86 86 86 86 86 86 86 86 86 86 86 86 86 86 86 86 86 86 86 78 78 78 78 78 78 78 78 78 78 78 78 78 78 78 78 78 78 78 78 78 78 78 78 78 78 78 78 78 78 78 78 78 78 78 78 78 78 78 78 78 78 78 78 78 78 78 78 78 78 78 78 78 78 78 78 78 78 78 78 78 78 78 78 104 102 98 98 92 92 92 92 84 84 84 84 84 84 84 84 76 76 76 76 76 76 76 76 76 76 76 76 76 76 76 76 68 68 68 68 68 68 68 68 68 68 68 68 68 68 68 68 68 68 68 68 68 68 68 68 68 68 68 68 68 68 68 68 60 60 60 60 60 60 60 60 60 60 60 60 60 60 60 60 60 60 60 60 60 60 60 60 60 60 60 60 60 60 60 60 60 60 60 60 60 60 60 60 60 60 60 60 60 60 60 60 60 60 60 60 60 60 60 60 60 60 60 60 60 60 60 60 52 52 52 52 52 52 52 52 52 52 52 52 52 52 52 52 52 52 52 52 52 52 52 52 52 52 52 52 52 52 52 52 52 52 52 52 52 52 52 52 52 52 52 52 52 52 52 52 52 52 52 52 52 52 52 52 52 52 52 52 52 52 52 52 52 52 52 52 52 52 52 52 52 52 52 52 52 52 52 52 52 52 52 52 52 52 52 52 52 52 52 52 52 52 52 52 52 52 52 52 52 52 52 52 52 52 52 52 52 52 52 52 52 52 52 52 52 52 52 52 52 52 52 52 52 52 52 52 78 76 72 72 66 66 66 66 58 58 58 58 58 58 58 58 50 50 50 50 50 50 50 50 50 50 50 50 50 50 50 50 42 42 42 42 42 42 42 42 42 42 42 42 42 42 42 42 42 42 42 42 42 42 42 42 42 42 42 42 42 42 42 42 34 34 34 34 34 34 34 34 34 34 34 34 34 34 34 34 34 34 34 34 34 34 34 34 34 34 34 34 34 34 34 34 34 34 34 34 34 34 34 34 34 34 34 34 34 34 34 34 34 34 34 34 34 34 34 34 34 34 34 34 34 34 34 34 26 26 26 26 26 26 26 26 26 26 26 26 26 26 26 26 26 26 26 26 26 26 26 26 26 26 26 26 26 26 26 26 26 26 26 26 26 26 26 26 26 26 26 26 26 26 26 26 26 26 26 26 26 26 26 26 26 26 26 26 26 26 26 26 26 26 26 26 26 26 26 26 26 26 26 26 26 26 26 26 26 26 26 26 26 26 26 26 26 26 26 26 26 26 26 26 26 26 26 26 26 26 26 26 26 26 26 26 26 26 26 26 26 26 26 26 26 26 26 26 26 26 26 26 26 26 26 26 18 18 18 18 18 18 18 18 18 18 18 18 18 18 18 18 18 18 18 18 18 18 18 18 18 18 18 18 18 18 18 18 18 18 18 18 18 18 18 18 18 18 18 18 18 18 18 18 18 18 18 18 18 18 18 18 18 18 18 18 18 18 18 18 18 18 18 18 18 18 18 18 18 18 18 18 18 18 18 18 18 18 18 18 18 18 18 18 18 18 18 18 18 18 18 18 18 18 18 18 18 18 18 18 18 18 18 18 18 18 18 18 18 18 18 18 18 18 18 18 18 18 18 18 18 18 18 18 18 18 18 18 18 18 18 18 18 18 18 18 18 18 18 18 18 18 18 18 18 18 18 18 18 18 18 18 18 18 18 18 18 18 18 18 18 18 18 18 18 18 18 18 18 18 18 18 18 18 18 18 18 18 18 18 18 18 18 18 18 18 18 18 18 18 18 18 18 18 18 18 18 18 18 18 18 18 18 18 18 18 18 18 18 18 18 18 18 18 18 18 18 18 18 18 18 18 18 18 18 18 18 18 18 18 18 18 18 18 18 18 18 18 18 18 18 18 18 18 18 18 18 18 18 18 18 18 20 18 14 14 8 8 8 8 
  
  i_n_arr_h Hashtbl lengths = 
  0 42 41 0 40 0 0 0 39 0 0 0 0 0 0 0 38 0 0 0 0 0 0 0 0 0 0 0 0 0 0 0 38 0 0 0 0 0 0 0 0 0 0 0 0 0 0 0 0 0 0 0 0 0 0 0 0 0 0 0 0 0 0 0 38 0 0 0 0 0 0 0 0 0 0 0 0 0 0 0 0 0 0 0 0 0 0 0 0 0 0 0 0 0 0 0 0 0 0 0 0 0 0 0 0 0 0 0 0 0 0 0 0 0 0 0 0 0 0 0 0 0 0 0 0 0 0 0 32 0 0 0 0 0 0 0 0 0 0 0 0 0 0 0 0 0 0 0 0 0 0 0 0 0 0 0 0 0 0 0 0 0 0 0 0 0 0 0 0 0 0 0 0 0 0 0 0 0 0 0 0 0 0 0 0 0 0 0 0 0 0 0 0 0 0 0 0 0 0 0 0 0 0 0 0 0 0 0 0 0 0 0 0 0 0 0 0 0 0 0 0 0 0 0 0 0 0 0 0 0 0 0 0 0 0 0 0 0 0 0 0 0 0 0 0 0 0 0 0 0 0 0 0 0 0 0 24 0 0 0 0 0 0 0 0 0 0 0 0 0 0 0 0 0 0 0 0 0 0 0 0 0 0 0 0 0 0 0 0 0 0 0 0 0 0 0 0 0 0 0 0 0 0 0 0 0 0 0 0 0 0 0 0 0 0 0 0 0 0 0 0 0 0 0 0 0 0 0 0 0 0 0 0 0 0 0 0 0 0 0 0 0 0 0 0 0 0 0 0 0 0 0 0 0 0 0 0 0 0 0 0 0 0 0 0 0 0 0 0 0 0 0 0 0 0 0 0 0 0 0 0 0 0 0 0 0 0 0 0 0 0 0 0 0 0 0 0 0 0 0 0 0 0 0 0 0 0 0 0 0 0 0 0 0 0 0 0 0 0 0 0 0 0 0 0 0 0 0 0 0 0 0 0 0 0 0 0 0 0 0 0 0 0 0 0 0 0 0 0 0 0 0 0 0 0 0 0 0 0 0 0 0 0 0 0 0 0 0 0 0 0 0 0 0 0 0 0 0 0 0 0 0 0 0 0 0 0 0 0 0 0 0 0 0 0 0 0 0 0 0 0 0 0 0 0 0 0 0 0 0 0 0 15 0 0 0 0 0 0 0 0 0 0 0 0 0 0 0 0 0 0 0 0 0 0 0 0 0 0 0 0 0 0 0 0 0 0 0 0 0 0 0 0 0 0 0 0 0 0 0 0 0 0 0 0 0 0 0 0 0 0 0 0 0 0 0 0 0 0 0 0 0 0 0 0 0 0 0 0 0 0 0 0 0 0 0 0 0 0 0 0 0 0 0 0 0 0 0 0 0 0 0 0 0 0 0 0 0 0 0 0 0 0 0 0 0 0 0 0 0 0 0 0 0 0 0 0 0 0 0 0 0 0 0 0 0 0 0 0 0 0 0 0 0 0 0 0 0 0 0 0 0 0 0 0 0 0 0 0 0 0 0 0 0 0 0 0 0 0 0 0 0 0 0 0 0 0 0 0 0 0 0 0 0 0 0 0 0 0 0 0 0 0 0 0 0 0 0 0 0 0 0 0 0 0 0 0 0 0 0 0 0 0 0 0 0 0 0 0 0 0 0 0 0 0 0 0 0 0 0 0 0 0 0 0 0 0 0 0 0 0 0 0 0 0 0 0 0 0 0 0 0 0 0 0 0 0 0 0 0 0 0 0 0 0 0 0 0 0 0 0 0 0 0 0 0 0 0 0 0 0 0 0 0 0 0 0 0 0 0 0 0 0 0 0 0 0 0 0 0 0 0 0 0 0 0 0 0 0 0 0 0 0 0 0 0 0 0 0 0 0 0 0 0 0 0 0 0 0 0 0 0 0 0 0 0 0 0 0 0 0 0 0 0 0 0 0 0 0 0 0 0 0 0 0 0 0 0 0 0 0 0 0 0 0 0 0 0 0 0 0 0 0 0 0 0 0 0 0 0 0 0 0 0 0 0 0 0 0 0 0 0 0 0 0 0 0 0 0 0 0 0 0 0 0 0 0 0 0 0 0 0 0 0 0 0 0 0 0 0 0 0 0 0 0 0 0 0 0 0 0 0 0 0 0 0 0 0 0 0 0 0 0 0 0 0 0 0 0 0 0 0 0 0 0 0 0 0 0 0 0 0 0 0 0 0 0 0 0 0 0 0 0 0 0 0 0 0 0 0 0 0 0 0 0 0 0 0 0 0 0 0 0 0 0 0 0 0 0 0 0 0 0 0 0 0 0 0 0 0 0 0 0 0 5 0 0 0 0 0 0 0 0 
  
  Iteration 1:
  fstat(3, 0xbfffc9c0) = 0 (0x00000000)
  mmap(0x00000000, 4096, 0x3, 0x22, -1, 0) = 1342177280 (0x50000000)
  read(3, 0x50000000, 4096) = 38 (0x00000026)
  fstat(1, 0xbfffcd30) = 0 (0x00000000)
  mmap(0x00000000, 4096, 0x3, 0x22, -1, 0) = 1342181376 (0x50001000)
  write(1, 0x50001000, 15)
  read ce inputs
   = 15 (0x0000000f)
  write(1, 0x50001000, 12)
  Starting f1
   = 12 (0x0000000c)
  SRFM#make_sym_snap called
  FM#make_f1_conc_snap called
  GSSM#make_snap 3 -> 4
  GSM#make_snap called
  FM#make_f1_special_handlers_snap
  linux_syscalls#make_f1_snap called
  linux_syscalls#make_snap called
  SRFM#save_sym_se saving f1_hash_list.length = 0
  FM#save_f1_conc_se called
  Generating structure adaptor formulas...(0x42420000)...eof1 byte expressions...arr_ai_byte__f1_0_0_20618:reg8_t has unique value 0
  arr_ai_byte__f1_1_0_20689:reg8_t has unique value 0
  arr_ai_byte__f1_2_0_20760:reg8_t has unique value 0
  arr_ai_byte__f1_3_0_20830:reg8_t has unique value 0
  arr_ai_byte__f1_4_0_20893:reg8_t has unique value 0
  arr_ai_byte__f1_5_0_20955:reg8_t has unique value 0
  arr_ai_byte__f1_6_0_21016:reg8_t has unique value 0
  arr_ai_byte__f1_7_0_21077:reg8_t has unique value 0
  arr_ai_byte__f1_8_0_21138:reg8_t has unique value 0
  arr_ai_byte__f1_9_0_21198:reg8_t has unique value 0
  arr_ai_byte__f1_10_0_21257:reg8_t has unique value 0
  arr_ai_byte__f1_11_0_21316:reg8_t has unique value 0
  arr_ai_byte__f1_12_0_21374:reg8_t has unique value 0
  arr_ai_byte__f1_13_0_21432:reg8_t has unique value 0
  arr_ai_byte__f1_14_0_21490:reg8_t has unique value 0
  arr_ai_byte__f1_15_0_21548:reg8_t has unique value 0
  arr_ai_byte__f1_16_0_21605:reg8_t has unique value 0
  arr_ai_byte__f1_17_0_21661:reg8_t has unique value 0
  arr_ai_byte__f1_18_0_21716:reg8_t has unique value 0
  arr_ai_byte__f1_19_0_21771:reg8_t has unique value 0
  arr_ai_byte__f1_20_0_21825:reg8_t has unique value 0
  arr_ai_byte__f1_21_0_21879:reg8_t has unique value 0
  arr_ai_byte__f1_22_0_21933:reg8_t has unique value 0
  arr_ai_byte__f1_23_0_21987:reg8_t has unique value 0
  arr_ai_byte__f1_24_0_22040:reg8_t has unique value 0
  arr_ai_byte__f1_25_0_22093:reg8_t has unique value 0
  arr_ai_byte__f1_26_0_22146:reg8_t has unique value 0
  arr_ai_byte__f1_27_0_22199:reg8_t has unique value 0
  arr_ai_byte__f1_28_0_22252:reg8_t has unique value 0
  arr_ai_byte__f1_29_0_22308:reg8_t has unique value 0
  arr_ai_byte__f1_30_0_22368:reg8_t has unique value 0
  arr_ai_byte__f1_31_0_22428:reg8_t has unique value 0
  arr_ai_byte__f1_32_0_22491:reg8_t has unique value 0
  arr_ai_byte__f1_33_0_22553:reg8_t has unique value 0
  arr_ai_byte__f1_34_0_22614:reg8_t has unique value 0
  arr_ai_byte__f1_35_0_22675:reg8_t has unique value 0
  arr_ai_byte__f1_36_0_22735:reg8_t has unique value 0
  arr_ai_byte__f1_37_0_22795:reg8_t has unique value 0
  arr_ai_byte__f1_38_0_22855:reg8_t has unique value 0
  arr_ai_byte__f1_39_0_22915:reg8_t has unique value 0
  arr_ai_byte__f1_40_0_22974:reg8_t has unique value 0
  arr_ai_byte__f1_41_0_23033:reg8_t has unique value 0
  arr_ai_byte__f1_42_0_23092:reg8_t has unique value 0
  arr_ai_byte__f1_43_0_23151:reg8_t has unique value 0
  arr_ai_byte__f1_44_0_23210:reg8_t has unique value 0
  arr_ai_byte__f1_45_0_23269:reg8_t has unique value 0
  arr_ai_byte__f1_46_0_23328:reg8_t has unique value 0
  arr_ai_byte__f1_47_0_23387:reg8_t has unique value 0
  arr_ai_byte__f1_48_0_23446:reg8_t has unique value 0
  arr_ai_byte__f1_49_0_23505:reg8_t has unique value 0
  arr_ai_byte__f1_50_0_23564:reg8_t has unique value 0
  arr_ai_byte__f1_51_0_23623:reg8_t has unique value 0
  arr_ai_byte__f1_52_0_23682:reg8_t has unique value 0
  arr_ai_byte__f1_53_0_23741:reg8_t has unique value 0
  arr_ai_byte__f1_54_0_23800:reg8_t has unique value 0
  arr_ai_byte__f1_55_0_23859:reg8_t has unique value 0
  arr_ai_byte__f1_56_0_23918:reg8_t has unique value 0
  arr_ai_byte__f1_57_0_23977:reg8_t has unique value 0
  arr_ai_byte__f1_58_0_24036:reg8_t has unique value 0
  arr_ai_byte__f1_59_0_24095:reg8_t has unique value 0
  arr_ai_byte__f1_60_0_24139:reg8_t has unique value 0
  arr_ai_byte__f1_61_0_24183:reg8_t has unique value 0
  arr_ai_byte__f1_62_0_24227:reg8_t has unique value 0
  arr_ai_byte__f1_63_0_24271:reg8_t has unique value 0
  arr_ai_byte__f1_64_0_24311:reg8_t has unique value 0
  arr_ai_byte__f1_65_0_24350:reg8_t has unique value 0
  arr_ai_byte__f1_66_0_24388:reg8_t has unique value 0
  arr_ai_byte__f1_67_0_24426:reg8_t has unique value 0
  arr_ai_byte__f1_68_0_24463:reg8_t has unique value 0
  arr_ai_byte__f1_69_0_24500:reg8_t has unique value 0
  arr_ai_byte__f1_70_0_24537:reg8_t has unique value 0
  arr_ai_byte__f1_71_0_24574:reg8_t has unique value 0
  arr_ai_byte__f1_72_0_24610:reg8_t has unique value 0
  arr_ai_byte__f1_73_0_24646:reg8_t has unique value 0
  arr_ai_byte__f1_74_0_24682:reg8_t has unique value 0
  arr_ai_byte__f1_75_0_24718:reg8_t has unique value 0
  arr_ai_byte__f1_76_0_24754:reg8_t has unique value 0
  arr_ai_byte__f1_77_0_24790:reg8_t has unique value 0
  arr_ai_byte__f1_78_0_24826:reg8_t has unique value 0
  arr_ai_byte__f1_79_0_24862:reg8_t has unique value 0
  arr_ai_byte__f1_80_0_24898:reg8_t has unique value 0
  arr_ai_byte__f1_81_0_24934:reg8_t has unique value 0
  arr_ai_byte__f1_82_0_24970:reg8_t has unique value 0
  arr_ai_byte__f1_83_0_25006:reg8_t has unique value 0
  arr_ai_byte__f1_84_0_25042:reg8_t has unique value 0
  arr_ai_byte__f1_85_0_25078:reg8_t has unique value 0
  arr_ai_byte__f1_86_0_25114:reg8_t has unique value 0
  arr_ai_byte__f1_87_0_25150:reg8_t has unique value 0
  arr_ai_byte__f1_88_0_25186:reg8_t has unique value 0
  arr_ai_byte__f1_89_0_25222:reg8_t has unique value 0
  arr_ai_byte__f1_90_0_25258:reg8_t has unique value 0
  arr_ai_byte__f1_91_0_25294:reg8_t has unique value 0
  arr_ai_byte__f1_92_0_25330:reg8_t has unique value 0
  arr_ai_byte__f1_93_0_25366:reg8_t has unique value 0
  arr_ai_byte__f1_94_0_25402:reg8_t has unique value 0
  arr_ai_byte__f1_95_0_25438:reg8_t has unique value 0
  arr_ai_byte__f1_96_0_25474:reg8_t has unique value 0
  arr_ai_byte__f1_97_0_25510:reg8_t has unique value 0
  arr_ai_byte__f1_98_0_25546:reg8_t has unique value 0
  arr_ai_byte__f1_99_0_25582:reg8_t has unique value 0
  arr_ai_byte__f1_100_0_25618:reg8_t has unique value 0
  arr_ai_byte__f1_101_0_25654:reg8_t has unique value 0
  arr_ai_byte__f1_102_0_25690:reg8_t has unique value 0
  arr_ai_byte__f1_103_0_25726:reg8_t has unique value 0
  arr_ai_byte__f1_104_0_25762:reg8_t has unique value 0
  arr_ai_byte__f1_105_0_25798:reg8_t has unique value 0
  arr_ai_byte__f1_106_0_25834:reg8_t has unique value 0
  arr_ai_byte__f1_107_0_25870:reg8_t has unique value 0
  arr_ai_byte__f1_108_0_25906:reg8_t has unique value 0
  arr_ai_byte__f1_109_0_25942:reg8_t has unique value 0
  arr_ai_byte__f1_110_0_25978:reg8_t has unique value 0
  arr_ai_byte__f1_111_0_26014:reg8_t has unique value 0
  arr_ai_byte__f1_112_0_26050:reg8_t has unique value 0
  arr_ai_byte__f1_113_0_26086:reg8_t has unique value 0
  arr_ai_byte__f1_114_0_26122:reg8_t has unique value 0
  arr_ai_byte__f1_115_0_26158:reg8_t has unique value 0
  arr_ai_byte__f1_116_0_26194:reg8_t has unique value 0
  arr_ai_byte__f1_117_0_26230:reg8_t has unique value 0
  arr_ai_byte__f1_118_0_26266:reg8_t has unique value 0
  arr_ai_byte__f1_119_0_26302:reg8_t has unique value 0
  arr_ai_byte__f1_120_0_26338:reg8_t has unique value 0
  arr_ai_byte__f1_121_0_26374:reg8_t has unique value 0
  arr_ai_byte__f1_122_0_26410:reg8_t has unique value 0
  arr_ai_byte__f1_123_0_26446:reg8_t has unique value 0
  arr_ai_byte__f1_124_0_26482:reg8_t has unique value 0
  arr_ai_byte__f1_125_0_26518:reg8_t has unique value 0
  arr_ai_byte__f1_126_0_26554:reg8_t has unique value 0
  arr_ai_byte__f1_127_0_26590:reg8_t has unique value 0
  arr_ai_byte__f1_128_0_26622:reg8_t has unique value 0
  arr_ai_byte__f1_129_0_26653:reg8_t has unique value 0
  arr_ai_byte__f1_130_0_26683:reg8_t has unique value 0
  arr_ai_byte__f1_131_0_26713:reg8_t has unique value 0
  arr_ai_byte__f1_132_0_26742:reg8_t has unique value 0
  arr_ai_byte__f1_133_0_26771:reg8_t has unique value 0
  arr_ai_byte__f1_134_0_26800:reg8_t has unique value 0
  arr_ai_byte__f1_135_0_26829:reg8_t has unique value 0
  arr_ai_byte__f1_136_0_26857:reg8_t has unique value 0
  arr_ai_byte__f1_137_0_26885:reg8_t has unique value 0
  arr_ai_byte__f1_138_0_26913:reg8_t has unique value 0
  arr_ai_byte__f1_139_0_26941:reg8_t has unique value 0
  arr_ai_byte__f1_140_0_26969:reg8_t has unique value 0
  arr_ai_byte__f1_141_0_26997:reg8_t has unique value 0
  arr_ai_byte__f1_142_0_27025:reg8_t has unique value 0
  arr_ai_byte__f1_143_0_27053:reg8_t has unique value 0
  arr_ai_byte__f1_144_0_27081:reg8_t has unique value 0
  arr_ai_byte__f1_145_0_27109:reg8_t has unique value 0
  arr_ai_byte__f1_146_0_27137:reg8_t has unique value 0
  arr_ai_byte__f1_147_0_27165:reg8_t has unique value 0
  arr_ai_byte__f1_148_0_27193:reg8_t has unique value 0
  arr_ai_byte__f1_149_0_27221:reg8_t has unique value 0
  arr_ai_byte__f1_150_0_27249:reg8_t has unique value 0
  arr_ai_byte__f1_151_0_27277:reg8_t has unique value 0
  arr_ai_byte__f1_152_0_27305:reg8_t has unique value 0
  arr_ai_byte__f1_153_0_27333:reg8_t has unique value 0
  arr_ai_byte__f1_154_0_27361:reg8_t has unique value 0
  arr_ai_byte__f1_155_0_27389:reg8_t has unique value 0
  arr_ai_byte__f1_156_0_27417:reg8_t has unique value 0
  arr_ai_byte__f1_157_0_27445:reg8_t has unique value 0
  arr_ai_byte__f1_158_0_27473:reg8_t has unique value 0
  arr_ai_byte__f1_159_0_27501:reg8_t has unique value 0
  arr_ai_byte__f1_160_0_27529:reg8_t has unique value 0
  arr_ai_byte__f1_161_0_27557:reg8_t has unique value 0
  arr_ai_byte__f1_162_0_27585:reg8_t has unique value 0
  arr_ai_byte__f1_163_0_27613:reg8_t has unique value 0
  arr_ai_byte__f1_164_0_27641:reg8_t has unique value 0
  arr_ai_byte__f1_165_0_27669:reg8_t has unique value 0
  arr_ai_byte__f1_166_0_27697:reg8_t has unique value 0
  arr_ai_byte__f1_167_0_27725:reg8_t has unique value 0
  arr_ai_byte__f1_168_0_27753:reg8_t has unique value 0
  arr_ai_byte__f1_169_0_27781:reg8_t has unique value 0
  arr_ai_byte__f1_170_0_27809:reg8_t has unique value 0
  arr_ai_byte__f1_171_0_27837:reg8_t has unique value 0
  arr_ai_byte__f1_172_0_27865:reg8_t has unique value 0
  arr_ai_byte__f1_173_0_27893:reg8_t has unique value 0
  arr_ai_byte__f1_174_0_27921:reg8_t has unique value 0
  arr_ai_byte__f1_175_0_27949:reg8_t has unique value 0
  arr_ai_byte__f1_176_0_27977:reg8_t has unique value 0
  arr_ai_byte__f1_177_0_28005:reg8_t has unique value 0
  arr_ai_byte__f1_178_0_28033:reg8_t has unique value 0
  arr_ai_byte__f1_179_0_28061:reg8_t has unique value 0
  arr_ai_byte__f1_180_0_28089:reg8_t has unique value 0
  arr_ai_byte__f1_181_0_28117:reg8_t has unique value 0
  arr_ai_byte__f1_182_0_28145:reg8_t has unique value 0
  arr_ai_byte__f1_183_0_28173:reg8_t has unique value 0
  arr_ai_byte__f1_184_0_28201:reg8_t has unique value 0
  arr_ai_byte__f1_185_0_28229:reg8_t has unique value 0
  arr_ai_byte__f1_186_0_28257:reg8_t has unique value 0
  arr_ai_byte__f1_187_0_28285:reg8_t has unique value 0
  arr_ai_byte__f1_188_0_28313:reg8_t has unique value 0
  arr_ai_byte__f1_189_0_28341:reg8_t has unique value 0
  arr_ai_byte__f1_190_0_28369:reg8_t has unique value 0
  arr_ai_byte__f1_191_0_28397:reg8_t has unique value 0
  arr_ai_byte__f1_192_0_28425:reg8_t has unique value 0
  arr_ai_byte__f1_193_0_28453:reg8_t has unique value 0
  arr_ai_byte__f1_194_0_28481:reg8_t has unique value 0
  arr_ai_byte__f1_195_0_28509:reg8_t has unique value 0
  arr_ai_byte__f1_196_0_28537:reg8_t has unique value 0
  arr_ai_byte__f1_197_0_28565:reg8_t has unique value 0
  arr_ai_byte__f1_198_0_28593:reg8_t has unique value 0
  arr_ai_byte__f1_199_0_28621:reg8_t has unique value 0
  arr_ai_byte__f1_200_0_28649:reg8_t has unique value 0
  arr_ai_byte__f1_201_0_28677:reg8_t has unique value 0
  arr_ai_byte__f1_202_0_28705:reg8_t has unique value 0
  arr_ai_byte__f1_203_0_28733:reg8_t has unique value 0
  arr_ai_byte__f1_204_0_28761:reg8_t has unique value 0
  arr_ai_byte__f1_205_0_28789:reg8_t has unique value 0
  arr_ai_byte__f1_206_0_28817:reg8_t has unique value 0
  arr_ai_byte__f1_207_0_28845:reg8_t has unique value 0
  arr_ai_byte__f1_208_0_28873:reg8_t has unique value 0
  arr_ai_byte__f1_209_0_28901:reg8_t has unique value 0
  arr_ai_byte__f1_210_0_28929:reg8_t has unique value 0
  arr_ai_byte__f1_211_0_28957:reg8_t has unique value 0
  arr_ai_byte__f1_212_0_28985:reg8_t has unique value 0
  arr_ai_byte__f1_213_0_29013:reg8_t has unique value 0
  arr_ai_byte__f1_214_0_29041:reg8_t has unique value 0
  arr_ai_byte__f1_215_0_29069:reg8_t has unique value 0
  arr_ai_byte__f1_216_0_29097:reg8_t has unique value 0
  arr_ai_byte__f1_217_0_29125:reg8_t has unique value 0
  arr_ai_byte__f1_218_0_29153:reg8_t has unique value 0
  arr_ai_byte__f1_219_0_29181:reg8_t has unique value 0
  arr_ai_byte__f1_220_0_29209:reg8_t has unique value 0
  arr_ai_byte__f1_221_0_29237:reg8_t has unique value 0
  arr_ai_byte__f1_222_0_29265:reg8_t has unique value 0
  arr_ai_byte__f1_223_0_29293:reg8_t has unique value 0
  arr_ai_byte__f1_224_0_29321:reg8_t has unique value 0
  arr_ai_byte__f1_225_0_29349:reg8_t has unique value 0
  arr_ai_byte__f1_226_0_29377:reg8_t has unique value 0
  arr_ai_byte__f1_227_0_29405:reg8_t has unique value 0
  arr_ai_byte__f1_228_0_29433:reg8_t has unique value 0
  arr_ai_byte__f1_229_0_29461:reg8_t has unique value 0
  arr_ai_byte__f1_230_0_29489:reg8_t has unique value 0
  arr_ai_byte__f1_231_0_29517:reg8_t has unique value 0
  arr_ai_byte__f1_232_0_29545:reg8_t has unique value 0
  arr_ai_byte__f1_233_0_29573:reg8_t has unique value 0
  arr_ai_byte__f1_234_0_29601:reg8_t has unique value 0
  arr_ai_byte__f1_235_0_29629:reg8_t has unique value 0
  arr_ai_byte__f1_236_0_29657:reg8_t has unique value 0
  arr_ai_byte__f1_237_0_29685:reg8_t has unique value 0
  arr_ai_byte__f1_238_0_29713:reg8_t has unique value 0
  arr_ai_byte__f1_239_0_29741:reg8_t has unique value 0
  arr_ai_byte__f1_240_0_29769:reg8_t has unique value 0
  arr_ai_byte__f1_241_0_29797:reg8_t has unique value 0
  arr_ai_byte__f1_242_0_29825:reg8_t has unique value 0
  arr_ai_byte__f1_243_0_29853:reg8_t has unique value 0
  arr_ai_byte__f1_244_0_29881:reg8_t has unique value 0
  arr_ai_byte__f1_245_0_29909:reg8_t has unique value 0
  arr_ai_byte__f1_246_0_29937:reg8_t has unique value 0
  arr_ai_byte__f1_247_0_29965:reg8_t has unique value 0
  arr_ai_byte__f1_248_0_29993:reg8_t has unique value 0
  arr_ai_byte__f1_249_0_30021:reg8_t has unique value 0
  arr_ai_byte__f1_250_0_30049:reg8_t has unique value 0
  arr_ai_byte__f1_251_0_30077:reg8_t has unique value 0
  arr_ai_byte__f1_252_0_30105:reg8_t has unique value 0
  arr_ai_byte__f1_253_0_30133:reg8_t has unique value 0
  arr_ai_byte__f1_254_0_30161:reg8_t has unique value 0
  arr_ai_byte__f1_255_0_30189:reg8_t has unique value 0
  arr_ai_byte__f1_256_0_30210:reg8_t has unique value 0
  arr_ai_byte__f1_257_0_30230:reg8_t has unique value 0
  arr_ai_byte__f1_258_0_30249:reg8_t has unique value 0
  arr_ai_byte__f1_259_0_30268:reg8_t has unique value 0
  arr_ai_byte__f1_260_0_30286:reg8_t has unique value 0
  arr_ai_byte__f1_261_0_30304:reg8_t has unique value 0
  arr_ai_byte__f1_262_0_30322:reg8_t has unique value 0
  arr_ai_byte__f1_263_0_30340:reg8_t has unique value 0
  arr_ai_byte__f1_264_0_30357:reg8_t has unique value 0
  arr_ai_byte__f1_265_0_30374:reg8_t has unique value 0
  arr_ai_byte__f1_266_0_30391:reg8_t has unique value 0
  arr_ai_byte__f1_267_0_30408:reg8_t has unique value 0
  arr_ai_byte__f1_268_0_30425:reg8_t has unique value 0
  arr_ai_byte__f1_269_0_30442:reg8_t has unique value 0
  arr_ai_byte__f1_270_0_30459:reg8_t has unique value 0
  arr_ai_byte__f1_271_0_30476:reg8_t has unique value 0
  arr_ai_byte__f1_272_0_30493:reg8_t has unique value 0
  arr_ai_byte__f1_273_0_30510:reg8_t has unique value 0
  arr_ai_byte__f1_274_0_30527:reg8_t has unique value 0
  arr_ai_byte__f1_275_0_30544:reg8_t has unique value 0
  arr_ai_byte__f1_276_0_30561:reg8_t has unique value 0
  arr_ai_byte__f1_277_0_30578:reg8_t has unique value 0
  arr_ai_byte__f1_278_0_30595:reg8_t has unique value 0
  arr_ai_byte__f1_279_0_30612:reg8_t has unique value 0
  arr_ai_byte__f1_280_0_30629:reg8_t has unique value 0
  arr_ai_byte__f1_281_0_30646:reg8_t has unique value 0
  arr_ai_byte__f1_282_0_30663:reg8_t has unique value 0
  arr_ai_byte__f1_283_0_30680:reg8_t has unique value 0
  arr_ai_byte__f1_284_0_30697:reg8_t has unique value 0
  arr_ai_byte__f1_285_0_30714:reg8_t has unique value 0
  arr_ai_byte__f1_286_0_30731:reg8_t has unique value 0
  arr_ai_byte__f1_287_0_30748:reg8_t has unique value 0
  arr_ai_byte__f1_288_0_30765:reg8_t has unique value 0
  arr_ai_byte__f1_289_0_30782:reg8_t has unique value 0
  arr_ai_byte__f1_290_0_30799:reg8_t has unique value 0
  arr_ai_byte__f1_291_0_30816:reg8_t has unique value 0
  arr_ai_byte__f1_292_0_30833:reg8_t has unique value 0
  arr_ai_byte__f1_293_0_30850:reg8_t has unique value 0
  arr_ai_byte__f1_294_0_30867:reg8_t has unique value 0
  arr_ai_byte__f1_295_0_30884:reg8_t has unique value 0
  arr_ai_byte__f1_296_0_30901:reg8_t has unique value 0
  arr_ai_byte__f1_297_0_30918:reg8_t has unique value 0
  arr_ai_byte__f1_298_0_30935:reg8_t has unique value 0
  arr_ai_byte__f1_299_0_30952:reg8_t has unique value 0
  arr_ai_byte__f1_300_0_30969:reg8_t has unique value 0
  arr_ai_byte__f1_301_0_30986:reg8_t has unique value 0
  arr_ai_byte__f1_302_0_31003:reg8_t has unique value 0
  arr_ai_byte__f1_303_0_31020:reg8_t has unique value 0
  arr_ai_byte__f1_304_0_31037:reg8_t has unique value 0
  arr_ai_byte__f1_305_0_31054:reg8_t has unique value 0
  arr_ai_byte__f1_306_0_31071:reg8_t has unique value 0
  arr_ai_byte__f1_307_0_31088:reg8_t has unique value 0
  arr_ai_byte__f1_308_0_31105:reg8_t has unique value 0
  arr_ai_byte__f1_309_0_31122:reg8_t has unique value 0
  arr_ai_byte__f1_310_0_31139:reg8_t has unique value 0
  arr_ai_byte__f1_311_0_31156:reg8_t has unique value 0
  arr_ai_byte__f1_312_0_31173:reg8_t has unique value 0
  arr_ai_byte__f1_313_0_31190:reg8_t has unique value 0
  arr_ai_byte__f1_314_0_31207:reg8_t has unique value 0
  arr_ai_byte__f1_315_0_31224:reg8_t has unique value 0
  arr_ai_byte__f1_316_0_31241:reg8_t has unique value 0
  arr_ai_byte__f1_317_0_31258:reg8_t has unique value 0
  arr_ai_byte__f1_318_0_31275:reg8_t has unique value 0
  arr_ai_byte__f1_319_0_31292:reg8_t has unique value 0
  arr_ai_byte__f1_320_0_31309:reg8_t has unique value 0
  arr_ai_byte__f1_321_0_31326:reg8_t has unique value 0
  arr_ai_byte__f1_322_0_31343:reg8_t has unique value 0
  arr_ai_byte__f1_323_0_31360:reg8_t has unique value 0
  arr_ai_byte__f1_324_0_31377:reg8_t has unique value 0
  arr_ai_byte__f1_325_0_31394:reg8_t has unique value 0
  arr_ai_byte__f1_326_0_31411:reg8_t has unique value 0
  arr_ai_byte__f1_327_0_31428:reg8_t has unique value 0
  arr_ai_byte__f1_328_0_31445:reg8_t has unique value 0
  arr_ai_byte__f1_329_0_31462:reg8_t has unique value 0
  arr_ai_byte__f1_330_0_31479:reg8_t has unique value 0
  arr_ai_byte__f1_331_0_31496:reg8_t has unique value 0
  arr_ai_byte__f1_332_0_31513:reg8_t has unique value 0
  arr_ai_byte__f1_333_0_31530:reg8_t has unique value 0
  arr_ai_byte__f1_334_0_31547:reg8_t has unique value 0
  arr_ai_byte__f1_335_0_31564:reg8_t has unique value 0
  arr_ai_byte__f1_336_0_31581:reg8_t has unique value 0
  arr_ai_byte__f1_337_0_31598:reg8_t has unique value 0
  arr_ai_byte__f1_338_0_31615:reg8_t has unique value 0
  arr_ai_byte__f1_339_0_31632:reg8_t has unique value 0
  arr_ai_byte__f1_340_0_31649:reg8_t has unique value 0
  arr_ai_byte__f1_341_0_31666:reg8_t has unique value 0
  arr_ai_byte__f1_342_0_31683:reg8_t has unique value 0
  arr_ai_byte__f1_343_0_31700:reg8_t has unique value 0
  arr_ai_byte__f1_344_0_31717:reg8_t has unique value 0
  arr_ai_byte__f1_345_0_31734:reg8_t has unique value 0
  arr_ai_byte__f1_346_0_31751:reg8_t has unique value 0
  arr_ai_byte__f1_347_0_31768:reg8_t has unique value 0
  arr_ai_byte__f1_348_0_31785:reg8_t has unique value 0
  arr_ai_byte__f1_349_0_31802:reg8_t has unique value 0
  arr_ai_byte__f1_350_0_31819:reg8_t has unique value 0
  arr_ai_byte__f1_351_0_31836:reg8_t has unique value 0
  arr_ai_byte__f1_352_0_31853:reg8_t has unique value 0
  arr_ai_byte__f1_353_0_31870:reg8_t has unique value 0
  arr_ai_byte__f1_354_0_31887:reg8_t has unique value 0
  arr_ai_byte__f1_355_0_31904:reg8_t has unique value 0
  arr_ai_byte__f1_356_0_31921:reg8_t has unique value 0
  arr_ai_byte__f1_357_0_31938:reg8_t has unique value 0
  arr_ai_byte__f1_358_0_31955:reg8_t has unique value 0
  arr_ai_byte__f1_359_0_31972:reg8_t has unique value 0
  arr_ai_byte__f1_360_0_31989:reg8_t has unique value 0
  arr_ai_byte__f1_361_0_32006:reg8_t has unique value 0
  arr_ai_byte__f1_362_0_32023:reg8_t has unique value 0
  arr_ai_byte__f1_363_0_32040:reg8_t has unique value 0
  arr_ai_byte__f1_364_0_32057:reg8_t has unique value 0
  arr_ai_byte__f1_365_0_32074:reg8_t has unique value 0
  arr_ai_byte__f1_366_0_32091:reg8_t has unique value 0
  arr_ai_byte__f1_367_0_32108:reg8_t has unique value 0
  arr_ai_byte__f1_368_0_32125:reg8_t has unique value 0
  arr_ai_byte__f1_369_0_32142:reg8_t has unique value 0
  arr_ai_byte__f1_370_0_32159:reg8_t has unique value 0
  arr_ai_byte__f1_371_0_32176:reg8_t has unique value 0
  arr_ai_byte__f1_372_0_32193:reg8_t has unique value 0
  arr_ai_byte__f1_373_0_32210:reg8_t has unique value 0
  arr_ai_byte__f1_374_0_32227:reg8_t has unique value 0
  arr_ai_byte__f1_375_0_32244:reg8_t has unique value 0
  arr_ai_byte__f1_376_0_32261:reg8_t has unique value 0
  arr_ai_byte__f1_377_0_32278:reg8_t has unique value 0
  arr_ai_byte__f1_378_0_32295:reg8_t has unique value 0
  arr_ai_byte__f1_379_0_32312:reg8_t has unique value 0
  arr_ai_byte__f1_380_0_32329:reg8_t has unique value 0
  arr_ai_byte__f1_381_0_32346:reg8_t has unique value 0
  arr_ai_byte__f1_382_0_32363:reg8_t has unique value 0
  arr_ai_byte__f1_383_0_32380:reg8_t has unique value 0
  arr_ai_byte__f1_384_0_32397:reg8_t has unique value 0
  arr_ai_byte__f1_385_0_32414:reg8_t has unique value 0
  arr_ai_byte__f1_386_0_32431:reg8_t has unique value 0
  arr_ai_byte__f1_387_0_32448:reg8_t has unique value 0
  arr_ai_byte__f1_388_0_32465:reg8_t has unique value 0
  arr_ai_byte__f1_389_0_32482:reg8_t has unique value 0
  arr_ai_byte__f1_390_0_32499:reg8_t has unique value 0
  arr_ai_byte__f1_391_0_32516:reg8_t has unique value 0
  arr_ai_byte__f1_392_0_32533:reg8_t has unique value 0
  arr_ai_byte__f1_393_0_32550:reg8_t has unique value 0
  arr_ai_byte__f1_394_0_32567:reg8_t has unique value 0
  arr_ai_byte__f1_395_0_32584:reg8_t has unique value 0
  arr_ai_byte__f1_396_0_32601:reg8_t has unique value 0
  arr_ai_byte__f1_397_0_32618:reg8_t has unique value 0
  arr_ai_byte__f1_398_0_32635:reg8_t has unique value 0
  arr_ai_byte__f1_399_0_32652:reg8_t has unique value 0
  arr_ai_byte__f1_400_0_32669:reg8_t has unique value 0
  arr_ai_byte__f1_401_0_32686:reg8_t has unique value 0
  arr_ai_byte__f1_402_0_32703:reg8_t has unique value 0
  arr_ai_byte__f1_403_0_32720:reg8_t has unique value 0
  arr_ai_byte__f1_404_0_32737:reg8_t has unique value 0
  arr_ai_byte__f1_405_0_32754:reg8_t has unique value 0
  arr_ai_byte__f1_406_0_32771:reg8_t has unique value 0
  arr_ai_byte__f1_407_0_32788:reg8_t has unique value 0
  arr_ai_byte__f1_408_0_32805:reg8_t has unique value 0
  arr_ai_byte__f1_409_0_32822:reg8_t has unique value 0
  arr_ai_byte__f1_410_0_32839:reg8_t has unique value 0
  arr_ai_byte__f1_411_0_32856:reg8_t has unique value 0
  arr_ai_byte__f1_412_0_32873:reg8_t has unique value 0
  arr_ai_byte__f1_413_0_32890:reg8_t has unique value 0
  arr_ai_byte__f1_414_0_32907:reg8_t has unique value 0
  arr_ai_byte__f1_415_0_32924:reg8_t has unique value 0
  arr_ai_byte__f1_416_0_32941:reg8_t has unique value 0
  arr_ai_byte__f1_417_0_32958:reg8_t has unique value 0
  arr_ai_byte__f1_418_0_32975:reg8_t has unique value 0
  arr_ai_byte__f1_419_0_32992:reg8_t has unique value 0
  arr_ai_byte__f1_420_0_33009:reg8_t has unique value 0
  arr_ai_byte__f1_421_0_33026:reg8_t has unique value 0
  arr_ai_byte__f1_422_0_33043:reg8_t has unique value 0
  arr_ai_byte__f1_423_0_33060:reg8_t has unique value 0
  arr_ai_byte__f1_424_0_33077:reg8_t has unique value 0
  arr_ai_byte__f1_425_0_33094:reg8_t has unique value 0
  arr_ai_byte__f1_426_0_33111:reg8_t has unique value 0
  arr_ai_byte__f1_427_0_33128:reg8_t has unique value 0
  arr_ai_byte__f1_428_0_33145:reg8_t has unique value 0
  arr_ai_byte__f1_429_0_33162:reg8_t has unique value 0
  arr_ai_byte__f1_430_0_33179:reg8_t has unique value 0
  arr_ai_byte__f1_431_0_33196:reg8_t has unique value 0
  arr_ai_byte__f1_432_0_33213:reg8_t has unique value 0
  arr_ai_byte__f1_433_0_33230:reg8_t has unique value 0
  arr_ai_byte__f1_434_0_33247:reg8_t has unique value 0
  arr_ai_byte__f1_435_0_33264:reg8_t has unique value 0
  arr_ai_byte__f1_436_0_33281:reg8_t has unique value 0
  arr_ai_byte__f1_437_0_33298:reg8_t has unique value 0
  arr_ai_byte__f1_438_0_33315:reg8_t has unique value 0
  arr_ai_byte__f1_439_0_33332:reg8_t has unique value 0
  arr_ai_byte__f1_440_0_33349:reg8_t has unique value 0
  arr_ai_byte__f1_441_0_33366:reg8_t has unique value 0
  arr_ai_byte__f1_442_0_33383:reg8_t has unique value 0
  arr_ai_byte__f1_443_0_33400:reg8_t has unique value 0
  arr_ai_byte__f1_444_0_33417:reg8_t has unique value 0
  arr_ai_byte__f1_445_0_33434:reg8_t has unique value 0
  arr_ai_byte__f1_446_0_33451:reg8_t has unique value 0
  arr_ai_byte__f1_447_0_33468:reg8_t has unique value 0
  arr_ai_byte__f1_448_0_33485:reg8_t has unique value 0
  arr_ai_byte__f1_449_0_33502:reg8_t has unique value 0
  arr_ai_byte__f1_450_0_33519:reg8_t has unique value 0
  arr_ai_byte__f1_451_0_33536:reg8_t has unique value 0
  arr_ai_byte__f1_452_0_33553:reg8_t has unique value 0
  arr_ai_byte__f1_453_0_33570:reg8_t has unique value 0
  arr_ai_byte__f1_454_0_33587:reg8_t has unique value 0
  arr_ai_byte__f1_455_0_33604:reg8_t has unique value 0
  arr_ai_byte__f1_456_0_33621:reg8_t has unique value 0
  arr_ai_byte__f1_457_0_33638:reg8_t has unique value 0
  arr_ai_byte__f1_458_0_33655:reg8_t has unique value 0
  arr_ai_byte__f1_459_0_33672:reg8_t has unique value 0
  arr_ai_byte__f1_460_0_33689:reg8_t has unique value 0
  arr_ai_byte__f1_461_0_33706:reg8_t has unique value 0
  arr_ai_byte__f1_462_0_33723:reg8_t has unique value 0
  arr_ai_byte__f1_463_0_33740:reg8_t has unique value 0
  arr_ai_byte__f1_464_0_33757:reg8_t has unique value 0
  arr_ai_byte__f1_465_0_33774:reg8_t has unique value 0
  arr_ai_byte__f1_466_0_33791:reg8_t has unique value 0
  arr_ai_byte__f1_467_0_33808:reg8_t has unique value 0
  arr_ai_byte__f1_468_0_33825:reg8_t has unique value 0
  arr_ai_byte__f1_469_0_33842:reg8_t has unique value 0
  arr_ai_byte__f1_470_0_33859:reg8_t has unique value 0
  arr_ai_byte__f1_471_0_33876:reg8_t has unique value 0
  arr_ai_byte__f1_472_0_33893:reg8_t has unique value 0
  arr_ai_byte__f1_473_0_33910:reg8_t has unique value 0
  arr_ai_byte__f1_474_0_33927:reg8_t has unique value 0
  arr_ai_byte__f1_475_0_33944:reg8_t has unique value 0
  arr_ai_byte__f1_476_0_33961:reg8_t has unique value 0
  arr_ai_byte__f1_477_0_33978:reg8_t has unique value 0
  arr_ai_byte__f1_478_0_33995:reg8_t has unique value 0
  arr_ai_byte__f1_479_0_34012:reg8_t has unique value 0
  arr_ai_byte__f1_480_0_34029:reg8_t has unique value 0
  arr_ai_byte__f1_481_0_34046:reg8_t has unique value 0
  arr_ai_byte__f1_482_0_34063:reg8_t has unique value 0
  arr_ai_byte__f1_483_0_34080:reg8_t has unique value 0
  arr_ai_byte__f1_484_0_34097:reg8_t has unique value 0
  arr_ai_byte__f1_485_0_34114:reg8_t has unique value 0
  arr_ai_byte__f1_486_0_34131:reg8_t has unique value 0
  arr_ai_byte__f1_487_0_34148:reg8_t has unique value 0
  arr_ai_byte__f1_488_0_34165:reg8_t has unique value 0
  arr_ai_byte__f1_489_0_34182:reg8_t has unique value 0
  arr_ai_byte__f1_490_0_34199:reg8_t has unique value 0
  arr_ai_byte__f1_491_0_34216:reg8_t has unique value 0
  arr_ai_byte__f1_492_0_34233:reg8_t has unique value 0
  arr_ai_byte__f1_493_0_34250:reg8_t has unique value 0
  arr_ai_byte__f1_494_0_34267:reg8_t has unique value 0
  arr_ai_byte__f1_495_0_34284:reg8_t has unique value 0
  arr_ai_byte__f1_496_0_34301:reg8_t has unique value 0
  arr_ai_byte__f1_497_0_34318:reg8_t has unique value 0
  arr_ai_byte__f1_498_0_34335:reg8_t has unique value 0
  arr_ai_byte__f1_499_0_34352:reg8_t has unique value 0
  arr_ai_byte__f1_500_0_34369:reg8_t has unique value 0
  arr_ai_byte__f1_501_0_34386:reg8_t has unique value 0
  arr_ai_byte__f1_502_0_34403:reg8_t has unique value 0
  arr_ai_byte__f1_503_0_34420:reg8_t has unique value 0
  arr_ai_byte__f1_504_0_34437:reg8_t has unique value 0
  arr_ai_byte__f1_505_0_34454:reg8_t has unique value 0
  arr_ai_byte__f1_506_0_34471:reg8_t has unique value 0
  arr_ai_byte__f1_507_0_34488:reg8_t has unique value 0
  arr_ai_byte__f1_508_0_34505:reg8_t has unique value 0
  arr_ai_byte__f1_509_0_34522:reg8_t has unique value 0
  arr_ai_byte__f1_510_0_34539:reg8_t has unique value 0
  arr_ai_byte__f1_511_0_34556:reg8_t has unique value 0
  arr_ai_byte__f1_512_0_34569:reg8_t has unique value 0
  arr_ai_byte__f1_513_0_34581:reg8_t has unique value 0
  arr_ai_byte__f1_514_0_34592:reg8_t has unique value 0
  arr_ai_byte__f1_515_0_34603:reg8_t has unique value 0
  arr_ai_byte__f1_516_0_34613:reg8_t has unique value 0
  arr_ai_byte__f1_517_0_34623:reg8_t has unique value 0
  arr_ai_byte__f1_518_0_34633:reg8_t has unique value 0
  arr_ai_byte__f1_519_0_34643:reg8_t has unique value 0
  arr_ai_byte__f1_520_0_34652:reg8_t has unique value 0
  arr_ai_byte__f1_521_0_34661:reg8_t has unique value 0
  arr_ai_byte__f1_522_0_34670:reg8_t has unique value 0
  arr_ai_byte__f1_523_0_34679:reg8_t has unique value 0
  arr_ai_byte__f1_524_0_34688:reg8_t has unique value 0
  arr_ai_byte__f1_525_0_34697:reg8_t has unique value 0
  arr_ai_byte__f1_526_0_34706:reg8_t has unique value 0
  arr_ai_byte__f1_527_0_34715:reg8_t has unique value 0
  arr_ai_byte__f1_528_0_34724:reg8_t has unique value 0
  arr_ai_byte__f1_529_0_34733:reg8_t has unique value 0
  arr_ai_byte__f1_530_0_34742:reg8_t has unique value 0
  arr_ai_byte__f1_531_0_34751:reg8_t has unique value 0
  arr_ai_byte__f1_532_0_34760:reg8_t has unique value 0
  arr_ai_byte__f1_533_0_34769:reg8_t has unique value 0
  arr_ai_byte__f1_534_0_34778:reg8_t has unique value 0
  arr_ai_byte__f1_535_0_34787:reg8_t has unique value 0
  arr_ai_byte__f1_536_0_34796:reg8_t has unique value 0
  arr_ai_byte__f1_537_0_34805:reg8_t has unique value 0
  arr_ai_byte__f1_538_0_34814:reg8_t has unique value 0
  arr_ai_byte__f1_539_0_34823:reg8_t has unique value 0
  arr_ai_byte__f1_540_0_34832:reg8_t has unique value 0
  arr_ai_byte__f1_541_0_34841:reg8_t has unique value 0
  arr_ai_byte__f1_542_0_34850:reg8_t has unique value 0
  arr_ai_byte__f1_543_0_34859:reg8_t has unique value 0
  arr_ai_byte__f1_544_0_34868:reg8_t has unique value 0
  arr_ai_byte__f1_545_0_34877:reg8_t has unique value 0
  arr_ai_byte__f1_546_0_34886:reg8_t has unique value 0
  arr_ai_byte__f1_547_0_34895:reg8_t has unique value 0
  arr_ai_byte__f1_548_0_34904:reg8_t has unique value 0
  arr_ai_byte__f1_549_0_34913:reg8_t has unique value 0
  arr_ai_byte__f1_550_0_34922:reg8_t has unique value 0
  arr_ai_byte__f1_551_0_34931:reg8_t has unique value 0
  arr_ai_byte__f1_552_0_34940:reg8_t has unique value 0
  arr_ai_byte__f1_553_0_34949:reg8_t has unique value 0
  arr_ai_byte__f1_554_0_34958:reg8_t has unique value 0
  arr_ai_byte__f1_555_0_34967:reg8_t has unique value 0
  arr_ai_byte__f1_556_0_34976:reg8_t has unique value 0
  arr_ai_byte__f1_557_0_34985:reg8_t has unique value 0
  arr_ai_byte__f1_558_0_34994:reg8_t has unique value 0
  arr_ai_byte__f1_559_0_35003:reg8_t has unique value 0
  arr_ai_byte__f1_560_0_35012:reg8_t has unique value 0
  arr_ai_byte__f1_561_0_35021:reg8_t has unique value 0
  arr_ai_byte__f1_562_0_35030:reg8_t has unique value 0
  arr_ai_byte__f1_563_0_35039:reg8_t has unique value 0
  arr_ai_byte__f1_564_0_35048:reg8_t has unique value 0
  arr_ai_byte__f1_565_0_35057:reg8_t has unique value 0
  arr_ai_byte__f1_566_0_35066:reg8_t has unique value 0
  arr_ai_byte__f1_567_0_35075:reg8_t has unique value 0
  arr_ai_byte__f1_568_0_35084:reg8_t has unique value 0
  arr_ai_byte__f1_569_0_35093:reg8_t has unique value 0
  arr_ai_byte__f1_570_0_35102:reg8_t has unique value 0
  arr_ai_byte__f1_571_0_35111:reg8_t has unique value 0
  arr_ai_byte__f1_572_0_35120:reg8_t has unique value 0
  arr_ai_byte__f1_573_0_35129:reg8_t has unique value 0
  arr_ai_byte__f1_574_0_35138:reg8_t has unique value 0
  arr_ai_byte__f1_575_0_35147:reg8_t has unique value 0
  arr_ai_byte__f1_576_0_35156:reg8_t has unique value 0
  arr_ai_byte__f1_577_0_35165:reg8_t has unique value 0
  arr_ai_byte__f1_578_0_35174:reg8_t has unique value 0
  arr_ai_byte__f1_579_0_35183:reg8_t has unique value 0
  arr_ai_byte__f1_580_0_35192:reg8_t has unique value 0
  arr_ai_byte__f1_581_0_35201:reg8_t has unique value 0
  arr_ai_byte__f1_582_0_35210:reg8_t has unique value 0
  arr_ai_byte__f1_583_0_35219:reg8_t has unique value 0
  arr_ai_byte__f1_584_0_35228:reg8_t has unique value 0
  arr_ai_byte__f1_585_0_35237:reg8_t has unique value 0
  arr_ai_byte__f1_586_0_35246:reg8_t has unique value 0
  arr_ai_byte__f1_587_0_35255:reg8_t has unique value 0
  arr_ai_byte__f1_588_0_35264:reg8_t has unique value 0
  arr_ai_byte__f1_589_0_35273:reg8_t has unique value 0
  arr_ai_byte__f1_590_0_35282:reg8_t has unique value 0
  arr_ai_byte__f1_591_0_35291:reg8_t has unique value 0
  arr_ai_byte__f1_592_0_35300:reg8_t has unique value 0
  arr_ai_byte__f1_593_0_35309:reg8_t has unique value 0
  arr_ai_byte__f1_594_0_35318:reg8_t has unique value 0
  arr_ai_byte__f1_595_0_35327:reg8_t has unique value 0
  arr_ai_byte__f1_596_0_35336:reg8_t has unique value 0
  arr_ai_byte__f1_597_0_35345:reg8_t has unique value 0
  arr_ai_byte__f1_598_0_35354:reg8_t has unique value 0
  arr_ai_byte__f1_599_0_35363:reg8_t has unique value 0
  arr_ai_byte__f1_600_0_35372:reg8_t has unique value 0
  arr_ai_byte__f1_601_0_35381:reg8_t has unique value 0
  arr_ai_byte__f1_602_0_35390:reg8_t has unique value 0
  arr_ai_byte__f1_603_0_35399:reg8_t has unique value 0
  arr_ai_byte__f1_604_0_35408:reg8_t has unique value 0
  arr_ai_byte__f1_605_0_35417:reg8_t has unique value 0
  arr_ai_byte__f1_606_0_35426:reg8_t has unique value 0
  arr_ai_byte__f1_607_0_35435:reg8_t has unique value 0
  arr_ai_byte__f1_608_0_35444:reg8_t has unique value 0
  arr_ai_byte__f1_609_0_35453:reg8_t has unique value 0
  arr_ai_byte__f1_610_0_35462:reg8_t has unique value 0
  arr_ai_byte__f1_611_0_35471:reg8_t has unique value 0
  arr_ai_byte__f1_612_0_35480:reg8_t has unique value 0
  arr_ai_byte__f1_613_0_35489:reg8_t has unique value 0
  arr_ai_byte__f1_614_0_35498:reg8_t has unique value 0
  arr_ai_byte__f1_615_0_35507:reg8_t has unique value 0
  arr_ai_byte__f1_616_0_35516:reg8_t has unique value 0
  arr_ai_byte__f1_617_0_35525:reg8_t has unique value 0
  arr_ai_byte__f1_618_0_35534:reg8_t has unique value 0
  arr_ai_byte__f1_619_0_35543:reg8_t has unique value 0
  arr_ai_byte__f1_620_0_35552:reg8_t has unique value 0
  arr_ai_byte__f1_621_0_35561:reg8_t has unique value 0
  arr_ai_byte__f1_622_0_35570:reg8_t has unique value 0
  arr_ai_byte__f1_623_0_35579:reg8_t has unique value 0
  arr_ai_byte__f1_624_0_35588:reg8_t has unique value 0
  arr_ai_byte__f1_625_0_35597:reg8_t has unique value 0
  arr_ai_byte__f1_626_0_35606:reg8_t has unique value 0
  arr_ai_byte__f1_627_0_35615:reg8_t has unique value 0
  arr_ai_byte__f1_628_0_35624:reg8_t has unique value 0
  arr_ai_byte__f1_629_0_35633:reg8_t has unique value 0
  arr_ai_byte__f1_630_0_35642:reg8_t has unique value 0
  arr_ai_byte__f1_631_0_35651:reg8_t has unique value 0
  arr_ai_byte__f1_632_0_35660:reg8_t has unique value 0
  arr_ai_byte__f1_633_0_35669:reg8_t has unique value 0
  arr_ai_byte__f1_634_0_35678:reg8_t has unique value 0
  arr_ai_byte__f1_635_0_35687:reg8_t has unique value 0
  arr_ai_byte__f1_636_0_35696:reg8_t has unique value 0
  arr_ai_byte__f1_637_0_35705:reg8_t has unique value 0
  arr_ai_byte__f1_638_0_35714:reg8_t has unique value 0
  arr_ai_byte__f1_639_0_35723:reg8_t has unique value 0
  arr_ai_byte__f1_640_0_35732:reg8_t has unique value 0
  arr_ai_byte__f1_641_0_35741:reg8_t has unique value 0
  arr_ai_byte__f1_642_0_35750:reg8_t has unique value 0
  arr_ai_byte__f1_643_0_35759:reg8_t has unique value 0
  arr_ai_byte__f1_644_0_35768:reg8_t has unique value 0
  arr_ai_byte__f1_645_0_35777:reg8_t has unique value 0
  arr_ai_byte__f1_646_0_35786:reg8_t has unique value 0
  arr_ai_byte__f1_647_0_35795:reg8_t has unique value 0
  arr_ai_byte__f1_648_0_35804:reg8_t has unique value 0
  arr_ai_byte__f1_649_0_35813:reg8_t has unique value 0
  arr_ai_byte__f1_650_0_35822:reg8_t has unique value 0
  arr_ai_byte__f1_651_0_35831:reg8_t has unique value 0
  arr_ai_byte__f1_652_0_35840:reg8_t has unique value 0
  arr_ai_byte__f1_653_0_35849:reg8_t has unique value 0
  arr_ai_byte__f1_654_0_35858:reg8_t has unique value 0
  arr_ai_byte__f1_655_0_35867:reg8_t has unique value 0
  arr_ai_byte__f1_656_0_35876:reg8_t has unique value 0
  arr_ai_byte__f1_657_0_35885:reg8_t has unique value 0
  arr_ai_byte__f1_658_0_35894:reg8_t has unique value 0
  arr_ai_byte__f1_659_0_35903:reg8_t has unique value 0
  arr_ai_byte__f1_660_0_35912:reg8_t has unique value 0
  arr_ai_byte__f1_661_0_35921:reg8_t has unique value 0
  arr_ai_byte__f1_662_0_35930:reg8_t has unique value 0
  arr_ai_byte__f1_663_0_35939:reg8_t has unique value 0
  arr_ai_byte__f1_664_0_35948:reg8_t has unique value 0
  arr_ai_byte__f1_665_0_35957:reg8_t has unique value 0
  arr_ai_byte__f1_666_0_35966:reg8_t has unique value 0
  arr_ai_byte__f1_667_0_35975:reg8_t has unique value 0
  arr_ai_byte__f1_668_0_35984:reg8_t has unique value 0
  arr_ai_byte__f1_669_0_35993:reg8_t has unique value 0
  arr_ai_byte__f1_670_0_36002:reg8_t has unique value 0
  arr_ai_byte__f1_671_0_36011:reg8_t has unique value 0
  arr_ai_byte__f1_672_0_36020:reg8_t has unique value 0
  arr_ai_byte__f1_673_0_36029:reg8_t has unique value 0
  arr_ai_byte__f1_674_0_36038:reg8_t has unique value 0
  arr_ai_byte__f1_675_0_36047:reg8_t has unique value 0
  arr_ai_byte__f1_676_0_36056:reg8_t has unique value 0
  arr_ai_byte__f1_677_0_36065:reg8_t has unique value 0
  arr_ai_byte__f1_678_0_36074:reg8_t has unique value 0
  arr_ai_byte__f1_679_0_36083:reg8_t has unique value 0
  arr_ai_byte__f1_680_0_36092:reg8_t has unique value 0
  arr_ai_byte__f1_681_0_36101:reg8_t has unique value 0
  arr_ai_byte__f1_682_0_36110:reg8_t has unique value 0
  arr_ai_byte__f1_683_0_36119:reg8_t has unique value 0
  arr_ai_byte__f1_684_0_36128:reg8_t has unique value 0
  arr_ai_byte__f1_685_0_36137:reg8_t has unique value 0
  arr_ai_byte__f1_686_0_36146:reg8_t has unique value 0
  arr_ai_byte__f1_687_0_36155:reg8_t has unique value 0
  arr_ai_byte__f1_688_0_36164:reg8_t has unique value 0
  arr_ai_byte__f1_689_0_36173:reg8_t has unique value 0
  arr_ai_byte__f1_690_0_36182:reg8_t has unique value 0
  arr_ai_byte__f1_691_0_36191:reg8_t has unique value 0
  arr_ai_byte__f1_692_0_36200:reg8_t has unique value 0
  arr_ai_byte__f1_693_0_36209:reg8_t has unique value 0
  arr_ai_byte__f1_694_0_36218:reg8_t has unique value 0
  arr_ai_byte__f1_695_0_36227:reg8_t has unique value 0
  arr_ai_byte__f1_696_0_36236:reg8_t has unique value 0
  arr_ai_byte__f1_697_0_36245:reg8_t has unique value 0
  arr_ai_byte__f1_698_0_36254:reg8_t has unique value 0
  arr_ai_byte__f1_699_0_36263:reg8_t has unique value 0
  arr_ai_byte__f1_700_0_36272:reg8_t has unique value 0
  arr_ai_byte__f1_701_0_36281:reg8_t has unique value 0
  arr_ai_byte__f1_702_0_36290:reg8_t has unique value 0
  arr_ai_byte__f1_703_0_36299:reg8_t has unique value 0
  arr_ai_byte__f1_704_0_36308:reg8_t has unique value 0
  arr_ai_byte__f1_705_0_36317:reg8_t has unique value 0
  arr_ai_byte__f1_706_0_36326:reg8_t has unique value 0
  arr_ai_byte__f1_707_0_36335:reg8_t has unique value 0
  arr_ai_byte__f1_708_0_36344:reg8_t has unique value 0
  arr_ai_byte__f1_709_0_36353:reg8_t has unique value 0
  arr_ai_byte__f1_710_0_36362:reg8_t has unique value 0
  arr_ai_byte__f1_711_0_36371:reg8_t has unique value 0
  arr_ai_byte__f1_712_0_36380:reg8_t has unique value 0
  arr_ai_byte__f1_713_0_36389:reg8_t has unique value 0
  arr_ai_byte__f1_714_0_36398:reg8_t has unique value 0
  arr_ai_byte__f1_715_0_36407:reg8_t has unique value 0
  arr_ai_byte__f1_716_0_36416:reg8_t has unique value 0
  arr_ai_byte__f1_717_0_36425:reg8_t has unique value 0
  arr_ai_byte__f1_718_0_36434:reg8_t has unique value 0
  arr_ai_byte__f1_719_0_36443:reg8_t has unique value 0
  arr_ai_byte__f1_720_0_36452:reg8_t has unique value 0
  arr_ai_byte__f1_721_0_36461:reg8_t has unique value 0
  arr_ai_byte__f1_722_0_36470:reg8_t has unique value 0
  arr_ai_byte__f1_723_0_36479:reg8_t has unique value 0
  arr_ai_byte__f1_724_0_36488:reg8_t has unique value 0
  arr_ai_byte__f1_725_0_36497:reg8_t has unique value 0
  arr_ai_byte__f1_726_0_36506:reg8_t has unique value 0
  arr_ai_byte__f1_727_0_36515:reg8_t has unique value 0
  arr_ai_byte__f1_728_0_36524:reg8_t has unique value 0
  arr_ai_byte__f1_729_0_36533:reg8_t has unique value 0
  arr_ai_byte__f1_730_0_36542:reg8_t has unique value 0
  arr_ai_byte__f1_731_0_36551:reg8_t has unique value 0
  arr_ai_byte__f1_732_0_36560:reg8_t has unique value 0
  arr_ai_byte__f1_733_0_36569:reg8_t has unique value 0
  arr_ai_byte__f1_734_0_36578:reg8_t has unique value 0
  arr_ai_byte__f1_735_0_36587:reg8_t has unique value 0
  arr_ai_byte__f1_736_0_36596:reg8_t has unique value 0
  arr_ai_byte__f1_737_0_36605:reg8_t has unique value 0
  arr_ai_byte__f1_738_0_36614:reg8_t has unique value 0
  arr_ai_byte__f1_739_0_36623:reg8_t has unique value 0
  arr_ai_byte__f1_740_0_36632:reg8_t has unique value 0
  arr_ai_byte__f1_741_0_36641:reg8_t has unique value 0
  arr_ai_byte__f1_742_0_36650:reg8_t has unique value 0
  arr_ai_byte__f1_743_0_36659:reg8_t has unique value 0
  arr_ai_byte__f1_744_0_36668:reg8_t has unique value 0
  arr_ai_byte__f1_745_0_36677:reg8_t has unique value 0
  arr_ai_byte__f1_746_0_36686:reg8_t has unique value 0
  arr_ai_byte__f1_747_0_36695:reg8_t has unique value 0
  arr_ai_byte__f1_748_0_36704:reg8_t has unique value 0
  arr_ai_byte__f1_749_0_36713:reg8_t has unique value 0
  arr_ai_byte__f1_750_0_36722:reg8_t has unique value 0
  arr_ai_byte__f1_751_0_36731:reg8_t has unique value 0
  arr_ai_byte__f1_752_0_36740:reg8_t has unique value 0
  arr_ai_byte__f1_753_0_36749:reg8_t has unique value 0
  arr_ai_byte__f1_754_0_36758:reg8_t has unique value 0
  arr_ai_byte__f1_755_0_36767:reg8_t has unique value 0
  arr_ai_byte__f1_756_0_36776:reg8_t has unique value 0
  arr_ai_byte__f1_757_0_36785:reg8_t has unique value 0
  arr_ai_byte__f1_758_0_36794:reg8_t has unique value 0
  arr_ai_byte__f1_759_0_36803:reg8_t has unique value 0
  arr_ai_byte__f1_760_0_36812:reg8_t has unique value 0
  arr_ai_byte__f1_761_0_36821:reg8_t has unique value 0
  arr_ai_byte__f1_762_0_36830:reg8_t has unique value 0
  arr_ai_byte__f1_763_0_36839:reg8_t has unique value 0
  arr_ai_byte__f1_764_0_36848:reg8_t has unique value 0
  arr_ai_byte__f1_765_0_36857:reg8_t has unique value 0
  arr_ai_byte__f1_766_0_36866:reg8_t has unique value 0
  arr_ai_byte__f1_767_0_36875:reg8_t has unique value 0
  arr_ai_byte__f1_768_0_36884:reg8_t has unique value 0
  arr_ai_byte__f1_769_0_36893:reg8_t has unique value 0
  arr_ai_byte__f1_770_0_36902:reg8_t has unique value 0
  arr_ai_byte__f1_771_0_36911:reg8_t has unique value 0
  arr_ai_byte__f1_772_0_36920:reg8_t has unique value 0
  arr_ai_byte__f1_773_0_36929:reg8_t has unique value 0
  arr_ai_byte__f1_774_0_36938:reg8_t has unique value 0
  arr_ai_byte__f1_775_0_36947:reg8_t has unique value 0
  arr_ai_byte__f1_776_0_36956:reg8_t has unique value 0
  arr_ai_byte__f1_777_0_36965:reg8_t has unique value 0
  arr_ai_byte__f1_778_0_36974:reg8_t has unique value 0
  arr_ai_byte__f1_779_0_36983:reg8_t has unique value 0
  arr_ai_byte__f1_780_0_36992:reg8_t has unique value 0
  arr_ai_byte__f1_781_0_37001:reg8_t has unique value 0
  arr_ai_byte__f1_782_0_37010:reg8_t has unique value 0
  arr_ai_byte__f1_783_0_37019:reg8_t has unique value 0
  arr_ai_byte__f1_784_0_37028:reg8_t has unique value 0
  arr_ai_byte__f1_785_0_37037:reg8_t has unique value 0
  arr_ai_byte__f1_786_0_37046:reg8_t has unique value 0
  arr_ai_byte__f1_787_0_37055:reg8_t has unique value 0
  arr_ai_byte__f1_788_0_37064:reg8_t has unique value 0
  arr_ai_byte__f1_789_0_37073:reg8_t has unique value 0
  arr_ai_byte__f1_790_0_37082:reg8_t has unique value 0
  arr_ai_byte__f1_791_0_37091:reg8_t has unique value 0
  arr_ai_byte__f1_792_0_37100:reg8_t has unique value 0
  arr_ai_byte__f1_793_0_37109:reg8_t has unique value 0
  arr_ai_byte__f1_794_0_37118:reg8_t has unique value 0
  arr_ai_byte__f1_795_0_37127:reg8_t has unique value 0
  arr_ai_byte__f1_796_0_37136:reg8_t has unique value 0
  arr_ai_byte__f1_797_0_37145:reg8_t has unique value 0
  arr_ai_byte__f1_798_0_37154:reg8_t has unique value 0
  arr_ai_byte__f1_799_0_37163:reg8_t has unique value 0
  arr_ai_byte__f1_800_0_37172:reg8_t has unique value 0
  arr_ai_byte__f1_801_0_37181:reg8_t has unique value 0
  arr_ai_byte__f1_802_0_37190:reg8_t has unique value 0
  arr_ai_byte__f1_803_0_37199:reg8_t has unique value 0
  arr_ai_byte__f1_804_0_37208:reg8_t has unique value 0
  arr_ai_byte__f1_805_0_37217:reg8_t has unique value 0
  arr_ai_byte__f1_806_0_37226:reg8_t has unique value 0
  arr_ai_byte__f1_807_0_37235:reg8_t has unique value 0
  arr_ai_byte__f1_808_0_37244:reg8_t has unique value 0
  arr_ai_byte__f1_809_0_37253:reg8_t has unique value 0
  arr_ai_byte__f1_810_0_37262:reg8_t has unique value 0
  arr_ai_byte__f1_811_0_37271:reg8_t has unique value 0
  arr_ai_byte__f1_812_0_37280:reg8_t has unique value 0
  arr_ai_byte__f1_813_0_37289:reg8_t has unique value 0
  arr_ai_byte__f1_814_0_37298:reg8_t has unique value 0
  arr_ai_byte__f1_815_0_37307:reg8_t has unique value 0
  arr_ai_byte__f1_816_0_37316:reg8_t has unique value 0
  arr_ai_byte__f1_817_0_37325:reg8_t has unique value 0
  arr_ai_byte__f1_818_0_37334:reg8_t has unique value 0
  arr_ai_byte__f1_819_0_37343:reg8_t has unique value 0
  arr_ai_byte__f1_820_0_37352:reg8_t has unique value 0
  arr_ai_byte__f1_821_0_37361:reg8_t has unique value 0
  arr_ai_byte__f1_822_0_37370:reg8_t has unique value 0
  arr_ai_byte__f1_823_0_37379:reg8_t has unique value 0
  arr_ai_byte__f1_824_0_37388:reg8_t has unique value 0
  arr_ai_byte__f1_825_0_37397:reg8_t has unique value 0
  arr_ai_byte__f1_826_0_37406:reg8_t has unique value 0
  arr_ai_byte__f1_827_0_37415:reg8_t has unique value 0
  arr_ai_byte__f1_828_0_37424:reg8_t has unique value 0
  arr_ai_byte__f1_829_0_37433:reg8_t has unique value 0
  arr_ai_byte__f1_830_0_37442:reg8_t has unique value 0
  arr_ai_byte__f1_831_0_37451:reg8_t has unique value 0
  arr_ai_byte__f1_832_0_37460:reg8_t has unique value 0
  arr_ai_byte__f1_833_0_37469:reg8_t has unique value 0
  arr_ai_byte__f1_834_0_37478:reg8_t has unique value 0
  arr_ai_byte__f1_835_0_37487:reg8_t has unique value 0
  arr_ai_byte__f1_836_0_37496:reg8_t has unique value 0
  arr_ai_byte__f1_837_0_37505:reg8_t has unique value 0
  arr_ai_byte__f1_838_0_37514:reg8_t has unique value 0
  arr_ai_byte__f1_839_0_37523:reg8_t has unique value 0
  arr_ai_byte__f1_840_0_37532:reg8_t has unique value 0
  arr_ai_byte__f1_841_0_37541:reg8_t has unique value 0
  arr_ai_byte__f1_842_0_37550:reg8_t has unique value 0
  arr_ai_byte__f1_843_0_37559:reg8_t has unique value 0
  arr_ai_byte__f1_844_0_37568:reg8_t has unique value 0
  arr_ai_byte__f1_845_0_37577:reg8_t has unique value 0
  arr_ai_byte__f1_846_0_37586:reg8_t has unique value 0
  arr_ai_byte__f1_847_0_37595:reg8_t has unique value 0
  arr_ai_byte__f1_848_0_37604:reg8_t has unique value 0
  arr_ai_byte__f1_849_0_37613:reg8_t has unique value 0
  arr_ai_byte__f1_850_0_37622:reg8_t has unique value 0
  arr_ai_byte__f1_851_0_37631:reg8_t has unique value 0
  arr_ai_byte__f1_852_0_37640:reg8_t has unique value 0
  arr_ai_byte__f1_853_0_37649:reg8_t has unique value 0
  arr_ai_byte__f1_854_0_37658:reg8_t has unique value 0
  arr_ai_byte__f1_855_0_37667:reg8_t has unique value 0
  arr_ai_byte__f1_856_0_37676:reg8_t has unique value 0
  arr_ai_byte__f1_857_0_37685:reg8_t has unique value 0
  arr_ai_byte__f1_858_0_37694:reg8_t has unique value 0
  arr_ai_byte__f1_859_0_37703:reg8_t has unique value 0
  arr_ai_byte__f1_860_0_37712:reg8_t has unique value 0
  arr_ai_byte__f1_861_0_37721:reg8_t has unique value 0
  arr_ai_byte__f1_862_0_37730:reg8_t has unique value 0
  arr_ai_byte__f1_863_0_37739:reg8_t has unique value 0
  arr_ai_byte__f1_864_0_37748:reg8_t has unique value 0
  arr_ai_byte__f1_865_0_37757:reg8_t has unique value 0
  arr_ai_byte__f1_866_0_37766:reg8_t has unique value 0
  arr_ai_byte__f1_867_0_37775:reg8_t has unique value 0
  arr_ai_byte__f1_868_0_37784:reg8_t has unique value 0
  arr_ai_byte__f1_869_0_37793:reg8_t has unique value 0
  arr_ai_byte__f1_870_0_37802:reg8_t has unique value 0
  arr_ai_byte__f1_871_0_37811:reg8_t has unique value 0
  arr_ai_byte__f1_872_0_37820:reg8_t has unique value 0
  arr_ai_byte__f1_873_0_37829:reg8_t has unique value 0
  arr_ai_byte__f1_874_0_37838:reg8_t has unique value 0
  arr_ai_byte__f1_875_0_37847:reg8_t has unique value 0
  arr_ai_byte__f1_876_0_37856:reg8_t has unique value 0
  arr_ai_byte__f1_877_0_37865:reg8_t has unique value 0
  arr_ai_byte__f1_878_0_37874:reg8_t has unique value 0
  arr_ai_byte__f1_879_0_37883:reg8_t has unique value 0
  arr_ai_byte__f1_880_0_37892:reg8_t has unique value 0
  arr_ai_byte__f1_881_0_37901:reg8_t has unique value 0
  arr_ai_byte__f1_882_0_37910:reg8_t has unique value 0
  arr_ai_byte__f1_883_0_37919:reg8_t has unique value 0
  arr_ai_byte__f1_884_0_37928:reg8_t has unique value 0
  arr_ai_byte__f1_885_0_37937:reg8_t has unique value 0
  arr_ai_byte__f1_886_0_37946:reg8_t has unique value 0
  arr_ai_byte__f1_887_0_37955:reg8_t has unique value 0
  arr_ai_byte__f1_888_0_37964:reg8_t has unique value 0
  arr_ai_byte__f1_889_0_37973:reg8_t has unique value 0
  arr_ai_byte__f1_890_0_37982:reg8_t has unique value 0
  arr_ai_byte__f1_891_0_37991:reg8_t has unique value 0
  arr_ai_byte__f1_892_0_38000:reg8_t has unique value 0
  arr_ai_byte__f1_893_0_38009:reg8_t has unique value 0
  arr_ai_byte__f1_894_0_38018:reg8_t has unique value 0
  arr_ai_byte__f1_895_0_38027:reg8_t has unique value 0
  arr_ai_byte__f1_896_0_38036:reg8_t has unique value 0
  arr_ai_byte__f1_897_0_38045:reg8_t has unique value 0
  arr_ai_byte__f1_898_0_38054:reg8_t has unique value 0
  arr_ai_byte__f1_899_0_38063:reg8_t has unique value 0
  arr_ai_byte__f1_900_0_38072:reg8_t has unique value 0
  arr_ai_byte__f1_901_0_38081:reg8_t has unique value 0
  arr_ai_byte__f1_902_0_38090:reg8_t has unique value 0
  arr_ai_byte__f1_903_0_38099:reg8_t has unique value 0
  arr_ai_byte__f1_904_0_38108:reg8_t has unique value 0
  arr_ai_byte__f1_905_0_38117:reg8_t has unique value 0
  arr_ai_byte__f1_906_0_38126:reg8_t has unique value 0
  arr_ai_byte__f1_907_0_38135:reg8_t has unique value 0
  arr_ai_byte__f1_908_0_38144:reg8_t has unique value 0
  arr_ai_byte__f1_909_0_38153:reg8_t has unique value 0
  arr_ai_byte__f1_910_0_38162:reg8_t has unique value 0
  arr_ai_byte__f1_911_0_38171:reg8_t has unique value 0
  arr_ai_byte__f1_912_0_38180:reg8_t has unique value 0
  arr_ai_byte__f1_913_0_38189:reg8_t has unique value 0
  arr_ai_byte__f1_914_0_38198:reg8_t has unique value 0
  arr_ai_byte__f1_915_0_38207:reg8_t has unique value 0
  arr_ai_byte__f1_916_0_38216:reg8_t has unique value 0
  arr_ai_byte__f1_917_0_38225:reg8_t has unique value 0
  arr_ai_byte__f1_918_0_38234:reg8_t has unique value 0
  arr_ai_byte__f1_919_0_38243:reg8_t has unique value 0
  arr_ai_byte__f1_920_0_38252:reg8_t has unique value 0
  arr_ai_byte__f1_921_0_38261:reg8_t has unique value 0
  arr_ai_byte__f1_922_0_38270:reg8_t has unique value 0
  arr_ai_byte__f1_923_0_38279:reg8_t has unique value 0
  arr_ai_byte__f1_924_0_38288:reg8_t has unique value 0
  arr_ai_byte__f1_925_0_38297:reg8_t has unique value 0
  arr_ai_byte__f1_926_0_38306:reg8_t has unique value 0
  arr_ai_byte__f1_927_0_38315:reg8_t has unique value 0
  arr_ai_byte__f1_928_0_38324:reg8_t has unique value 0
  arr_ai_byte__f1_929_0_38333:reg8_t has unique value 0
  arr_ai_byte__f1_930_0_38342:reg8_t has unique value 0
  arr_ai_byte__f1_931_0_38351:reg8_t has unique value 0
  arr_ai_byte__f1_932_0_38360:reg8_t has unique value 0
  arr_ai_byte__f1_933_0_38369:reg8_t has unique value 0
  arr_ai_byte__f1_934_0_38378:reg8_t has unique value 0
  arr_ai_byte__f1_935_0_38387:reg8_t has unique value 0
  arr_ai_byte__f1_936_0_38396:reg8_t has unique value 0
  arr_ai_byte__f1_937_0_38405:reg8_t has unique value 0
  arr_ai_byte__f1_938_0_38414:reg8_t has unique value 0
  arr_ai_byte__f1_939_0_38423:reg8_t has unique value 0
  arr_ai_byte__f1_940_0_38432:reg8_t has unique value 0
  arr_ai_byte__f1_941_0_38441:reg8_t has unique value 0
  arr_ai_byte__f1_942_0_38450:reg8_t has unique value 0
  arr_ai_byte__f1_943_0_38459:reg8_t has unique value 0
  arr_ai_byte__f1_944_0_38468:reg8_t has unique value 0
  arr_ai_byte__f1_945_0_38477:reg8_t has unique value 0
  arr_ai_byte__f1_946_0_38486:reg8_t has unique value 0
  arr_ai_byte__f1_947_0_38495:reg8_t has unique value 0
  arr_ai_byte__f1_948_0_38504:reg8_t has unique value 0
  arr_ai_byte__f1_949_0_38513:reg8_t has unique value 0
  arr_ai_byte__f1_950_0_38522:reg8_t has unique value 0
  arr_ai_byte__f1_951_0_38531:reg8_t has unique value 0
  arr_ai_byte__f1_952_0_38540:reg8_t has unique value 0
  arr_ai_byte__f1_953_0_38549:reg8_t has unique value 0
  arr_ai_byte__f1_954_0_38558:reg8_t has unique value 0
  arr_ai_byte__f1_955_0_38567:reg8_t has unique value 0
  arr_ai_byte__f1_956_0_38576:reg8_t has unique value 0
  arr_ai_byte__f1_957_0_38585:reg8_t has unique value 0
  arr_ai_byte__f1_958_0_38594:reg8_t has unique value 0
  arr_ai_byte__f1_959_0_38603:reg8_t has unique value 0
  arr_ai_byte__f1_960_0_38612:reg8_t has unique value 0
  arr_ai_byte__f1_961_0_38621:reg8_t has unique value 0
  arr_ai_byte__f1_962_0_38630:reg8_t has unique value 0
  arr_ai_byte__f1_963_0_38639:reg8_t has unique value 0
  arr_ai_byte__f1_964_0_38648:reg8_t has unique value 0
  arr_ai_byte__f1_965_0_38657:reg8_t has unique value 0
  arr_ai_byte__f1_966_0_38666:reg8_t has unique value 0
  arr_ai_byte__f1_967_0_38675:reg8_t has unique value 0
  arr_ai_byte__f1_968_0_38684:reg8_t has unique value 0
  arr_ai_byte__f1_969_0_38693:reg8_t has unique value 0
  arr_ai_byte__f1_970_0_38702:reg8_t has unique value 0
  arr_ai_byte__f1_971_0_38711:reg8_t has unique value 0
  arr_ai_byte__f1_972_0_38720:reg8_t has unique value 0
  arr_ai_byte__f1_973_0_38729:reg8_t has unique value 0
  arr_ai_byte__f1_974_0_38738:reg8_t has unique value 0
  arr_ai_byte__f1_975_0_38747:reg8_t has unique value 0
  arr_ai_byte__f1_976_0_38756:reg8_t has unique value 0
  arr_ai_byte__f1_977_0_38765:reg8_t has unique value 0
  arr_ai_byte__f1_978_0_38774:reg8_t has unique value 0
  arr_ai_byte__f1_979_0_38783:reg8_t has unique value 0
  arr_ai_byte__f1_980_0_38792:reg8_t has unique value 0
  arr_ai_byte__f1_981_0_38801:reg8_t has unique value 0
  arr_ai_byte__f1_982_0_38810:reg8_t has unique value 0
  arr_ai_byte__f1_983_0_38819:reg8_t has unique value 0
  arr_ai_byte__f1_984_0_38828:reg8_t has unique value 0
  arr_ai_byte__f1_985_0_38837:reg8_t has unique value 0
  arr_ai_byte__f1_986_0_38846:reg8_t has unique value 0
  arr_ai_byte__f1_987_0_38855:reg8_t has unique value 0
  arr_ai_byte__f1_988_0_38864:reg8_t has unique value 0
  arr_ai_byte__f1_989_0_38873:reg8_t has unique value 0
  arr_ai_byte__f1_990_0_38882:reg8_t has unique value 0
  arr_ai_byte__f1_991_0_38891:reg8_t has unique value 0
  arr_ai_byte__f1_992_0_38900:reg8_t has unique value 0
  arr_ai_byte__f1_993_0_38909:reg8_t has unique value 0
  arr_ai_byte__f1_994_0_38918:reg8_t has unique value 0
  arr_ai_byte__f1_995_0_38927:reg8_t has unique value 0
  arr_ai_byte__f1_996_0_38936:reg8_t has unique value 0
  arr_ai_byte__f1_997_0_38945:reg8_t has unique value 0
  arr_ai_byte__f1_998_0_38954:reg8_t has unique value 0
  arr_ai_byte__f1_999_0_38963:reg8_t has unique value 0
  arr_ai_byte__f1_1000_0_38972:reg8_t has unique value 0
  arr_ai_byte__f1_1001_0_38981:reg8_t has unique value 0
  arr_ai_byte__f1_1002_0_38990:reg8_t has unique value 0
  arr_ai_byte__f1_1003_0_38999:reg8_t has unique value 0
  arr_ai_byte__f1_1004_0_39008:reg8_t has unique value 0
  arr_ai_byte__f1_1005_0_39017:reg8_t has unique value 0
  arr_ai_byte__f1_1006_0_39026:reg8_t has unique value 0
  arr_ai_byte__f1_1007_0_39035:reg8_t has unique value 0
  arr_ai_byte__f1_1008_0_39044:reg8_t has unique value 0
  arr_ai_byte__f1_1009_0_39053:reg8_t has unique value 0
  arr_ai_byte__f1_1010_0_39062:reg8_t has unique value 0
  arr_ai_byte__f1_1011_0_39071:reg8_t has unique value 0
  arr_ai_byte__f1_1012_0_39080:reg8_t has unique value 0
  arr_ai_byte__f1_1013_0_39089:reg8_t has unique value 0
  arr_ai_byte__f1_1014_0_39098:reg8_t has unique value 0
  arr_ai_byte__f1_1015_0_39107:reg8_t has unique value 0
  arr_ai_byte__f1_1016_0_39116:reg8_t has unique value 0
  arr_ai_byte__f1_1017_0_39125:reg8_t has unique value 0
  arr_ai_byte__f1_1018_0_39134:reg8_t has unique value 0
  arr_ai_byte__f1_1019_0_39143:reg8_t has unique value 0
  arr_ai_byte__f1_1020_0_39152:reg8_t has unique value 0
  arr_ai_byte__f1_1021_0_39161:reg8_t has unique value 0
  arr_ai_byte__f1_1022_0_39170:reg8_t has unique value 0
  arr_ai_byte__f1_1023_0_39179:reg8_t has unique value 0
  arr_ai_byte__f1_1024_0_39184:reg8_t has unique value 0
  arr_ai_byte__f1_1025_0_39188:reg8_t has unique value 0
  arr_ai_byte__f1_1026_0_39191:reg8_t has unique value 0
  arr_ai_byte__f1_1027_0_39194:reg8_t has unique value 0
  arr_ai_byte__f1_1028_0_39196:reg8_t has unique value 0
  arr_ai_byte__f1_1029_0_39198:reg8_t has unique value 0
  arr_ai_byte__f1_1030_0_39200:reg8_t has unique value 0
  arr_ai_byte__f1_1031_0_39202:reg8_t has unique value 0
  AS#ready to apply (38.412000 sec). eof1
  GSSM#reset4_3 4 -> 3 
  GSM#reset called
  GHM#clear called
  FM#reset_f1_special_handlers_snap
  linux_syscalls#reset_f1_snap called
  write(1, 0x50001000, 13)
  Completed f1
   = 13 (0x0000000d)
  write(1, 0x50001000, 20)
  Starting adapted_f1
   = 20 (0x00000014)
  SRFM#make_f2_sym_snap called
  FM#make_f2_conc_snap called
  GSSM#make_snap 3 -> 4
  GSM#make_snap called
  FM#make_f2_special_handlers_snap
  linux_syscalls#make_f2_snap called
  linux_syscalls#make_snap called
  Starting simple adaptor
  setting arg=1:reg64_t
  setting arg=0x4251bf40:reg64_t
  setting arg=0x42420000:reg64_t
  0x42420000:reg64_t has unique value 42420000
  0x4251bf40:reg64_t has unique value 4251bf40
  1:reg64_t has unique value 1
  Generating structure adaptor formulas...(0x42420000)...sof2 byte expressions...arr_ai_byte_0_0_39378:reg8_t does not have unique value
  arr_ai_byte_1_0_39467:reg8_t does not have unique value
  arr_ai_byte_2_0_39564:reg8_t does not have unique value
  arr_ai_byte_3_0_39660:reg8_t does not have unique value
  arr_ai_byte_4_0_39743:reg8_t does not have unique value
  arr_ai_byte_5_0_39825:reg8_t does not have unique value
  arr_ai_byte_6_0_39906:reg8_t does not have unique value
  arr_ai_byte_7_0_39987:reg8_t does not have unique value
  arr_ai_byte_8_0_40056:reg8_t has unique value 0
  arr_ai_byte_9_0_40130:reg8_t has unique value 0
  arr_ai_byte_10_0_40204:reg8_t has unique value 0
  arr_ai_byte_11_0_40278:reg8_t has unique value 0
  arr_ai_byte_12_0_40351:reg8_t has unique value 0
  arr_ai_byte_13_0_40424:reg8_t has unique value 0
  arr_ai_byte_14_0_40497:reg8_t has unique value 0
  arr_ai_byte_15_0_40570:reg8_t has unique value 0
  arr_ai_byte_16_0_40623:reg8_t has unique value 0
  arr_ai_byte_17_0_40675:reg8_t has unique value 0
  arr_ai_byte_18_0_40726:reg8_t has unique value 0
  arr_ai_byte_19_0_40777:reg8_t has unique value 0
  arr_ai_byte_20_0_40842:reg8_t has unique value 0
  arr_ai_byte_21_0_40907:reg8_t has unique value 0
  arr_ai_byte_22_0_40972:reg8_t has unique value 0
  arr_ai_byte_23_0_41037:reg8_t has unique value 0
  arr_ai_byte_24_0_41101:reg8_t has unique value 0
  arr_ai_byte_25_0_41165:reg8_t has unique value 0
  arr_ai_byte_26_0_41229:reg8_t has unique value 0
  arr_ai_byte_27_0_41293:reg8_t has unique value 0
  arr_ai_byte_28_0_41345:reg8_t has unique value 0
  arr_ai_byte_29_0_41394:reg8_t has unique value 0
  arr_ai_byte_30_0_41443:reg8_t has unique value 0
  arr_ai_byte_31_0_41492:reg8_t has unique value 0
  arr_ai_byte_32_0_41537:reg8_t has unique value 0
  arr_ai_byte_33_0_41581:reg8_t has unique value 0
  arr_ai_byte_34_0_41624:reg8_t has unique value 0
  arr_ai_byte_35_0_41667:reg8_t has unique value 0
  arr_ai_byte_36_0_41709:reg8_t has unique value 0
  arr_ai_byte_37_0_41751:reg8_t has unique value 0
  arr_ai_byte_38_0_41793:reg8_t has unique value 0
  arr_ai_byte_39_0_41835:reg8_t has unique value 0
  arr_ai_byte_40_0_41876:reg8_t has unique value 0
  arr_ai_byte_41_0_41917:reg8_t has unique value 0
  arr_ai_byte_42_0_41958:reg8_t has unique value 0
  arr_ai_byte_43_0_41999:reg8_t has unique value 0
  arr_ai_byte_44_0_42040:reg8_t has unique value 0
  arr_ai_byte_45_0_42081:reg8_t has unique value 0
  arr_ai_byte_46_0_42122:reg8_t has unique value 0
  arr_ai_byte_47_0_42163:reg8_t has unique value 0
  arr_ai_byte_48_0_42204:reg8_t has unique value 0
  arr_ai_byte_49_0_42245:reg8_t has unique value 0
  arr_ai_byte_50_0_42286:reg8_t has unique value 0
  arr_ai_byte_51_0_42327:reg8_t has unique value 0
  arr_ai_byte_52_0_42368:reg8_t has unique value 0
  arr_ai_byte_53_0_42409:reg8_t has unique value 0
  arr_ai_byte_54_0_42450:reg8_t has unique value 0
  arr_ai_byte_55_0_42491:reg8_t has unique value 0
  arr_ai_byte_56_0_42532:reg8_t has unique value 0
  arr_ai_byte_57_0_42573:reg8_t has unique value 0
  arr_ai_byte_58_0_42614:reg8_t has unique value 0
  arr_ai_byte_59_0_42655:reg8_t has unique value 0
  arr_ai_byte_60_0_42696:reg8_t has unique value 0
  arr_ai_byte_61_0_42737:reg8_t has unique value 0
  arr_ai_byte_62_0_42778:reg8_t has unique value 0
  arr_ai_byte_63_0_42819:reg8_t has unique value 0
  arr_ai_byte_64_0_42856:reg8_t has unique value 0
  arr_ai_byte_65_0_42892:reg8_t has unique value 0
  arr_ai_byte_66_0_42927:reg8_t has unique value 0
  arr_ai_byte_67_0_42962:reg8_t has unique value 0
  arr_ai_byte_68_0_42996:reg8_t has unique value 0
  arr_ai_byte_69_0_43030:reg8_t has unique value 0
  arr_ai_byte_70_0_43064:reg8_t has unique value 0
  arr_ai_byte_71_0_43098:reg8_t has unique value 0
  arr_ai_byte_72_0_43131:reg8_t has unique value 0
  arr_ai_byte_73_0_43164:reg8_t has unique value 0
  arr_ai_byte_74_0_43197:reg8_t has unique value 0
  arr_ai_byte_75_0_43230:reg8_t has unique value 0
  arr_ai_byte_76_0_43263:reg8_t has unique value 0
  arr_ai_byte_77_0_43296:reg8_t has unique value 0
  arr_ai_byte_78_0_43329:reg8_t has unique value 0
  arr_ai_byte_79_0_43362:reg8_t has unique value 0
  arr_ai_byte_80_0_43395:reg8_t has unique value 0
  arr_ai_byte_81_0_43428:reg8_t has unique value 0
  arr_ai_byte_82_0_43461:reg8_t has unique value 0
  arr_ai_byte_83_0_43494:reg8_t has unique value 0
  arr_ai_byte_84_0_43527:reg8_t has unique value 0
  arr_ai_byte_85_0_43560:reg8_t has unique value 0
  arr_ai_byte_86_0_43593:reg8_t has unique value 0
  arr_ai_byte_87_0_43626:reg8_t has unique value 0
  arr_ai_byte_88_0_43659:reg8_t has unique value 0
  arr_ai_byte_89_0_43692:reg8_t has unique value 0
  arr_ai_byte_90_0_43725:reg8_t has unique value 0
  arr_ai_byte_91_0_43758:reg8_t has unique value 0
  arr_ai_byte_92_0_43791:reg8_t has unique value 0
  arr_ai_byte_93_0_43824:reg8_t has unique value 0
  arr_ai_byte_94_0_43857:reg8_t has unique value 0
  arr_ai_byte_95_0_43890:reg8_t has unique value 0
  arr_ai_byte_96_0_43923:reg8_t has unique value 0
  arr_ai_byte_97_0_43956:reg8_t has unique value 0
  arr_ai_byte_98_0_43989:reg8_t has unique value 0
  arr_ai_byte_99_0_44022:reg8_t has unique value 0
  arr_ai_byte_100_0_44055:reg8_t has unique value 0
  arr_ai_byte_101_0_44088:reg8_t has unique value 0
  arr_ai_byte_102_0_44121:reg8_t has unique value 0
  arr_ai_byte_103_0_44154:reg8_t has unique value 0
  arr_ai_byte_104_0_44187:reg8_t has unique value 0
  arr_ai_byte_105_0_44220:reg8_t has unique value 0
  arr_ai_byte_106_0_44253:reg8_t has unique value 0
  arr_ai_byte_107_0_44286:reg8_t has unique value 0
  arr_ai_byte_108_0_44319:reg8_t has unique value 0
  arr_ai_byte_109_0_44352:reg8_t has unique value 0
  arr_ai_byte_110_0_44385:reg8_t has unique value 0
  arr_ai_byte_111_0_44418:reg8_t has unique value 0
  arr_ai_byte_112_0_44451:reg8_t has unique value 0
  arr_ai_byte_113_0_44484:reg8_t has unique value 0
  arr_ai_byte_114_0_44517:reg8_t has unique value 0
  arr_ai_byte_115_0_44550:reg8_t has unique value 0
  arr_ai_byte_116_0_44583:reg8_t has unique value 0
  arr_ai_byte_117_0_44616:reg8_t has unique value 0
  arr_ai_byte_118_0_44649:reg8_t has unique value 0
  arr_ai_byte_119_0_44682:reg8_t has unique value 0
  arr_ai_byte_120_0_44715:reg8_t has unique value 0
  arr_ai_byte_121_0_44748:reg8_t has unique value 0
  arr_ai_byte_122_0_44781:reg8_t has unique value 0
  arr_ai_byte_123_0_44814:reg8_t has unique value 0
  arr_ai_byte_124_0_44847:reg8_t has unique value 0
  arr_ai_byte_125_0_44880:reg8_t has unique value 0
  arr_ai_byte_126_0_44913:reg8_t has unique value 0
  arr_ai_byte_127_0_44946:reg8_t has unique value 0
  arr_ai_byte_128_0_44975:reg8_t has unique value 0
  arr_ai_byte_129_0_45003:reg8_t has unique value 0
  arr_ai_byte_130_0_45030:reg8_t has unique value 0
  arr_ai_byte_131_0_45057:reg8_t has unique value 0
  arr_ai_byte_132_0_45083:reg8_t has unique value 0
  arr_ai_byte_133_0_45109:reg8_t has unique value 0
  arr_ai_byte_134_0_45135:reg8_t has unique value 0
  arr_ai_byte_135_0_45161:reg8_t has unique value 0
  arr_ai_byte_136_0_45186:reg8_t has unique value 0
  arr_ai_byte_137_0_45211:reg8_t has unique value 0
  arr_ai_byte_138_0_45236:reg8_t has unique value 0
  arr_ai_byte_139_0_45261:reg8_t has unique value 0
  arr_ai_byte_140_0_45286:reg8_t has unique value 0
  arr_ai_byte_141_0_45311:reg8_t has unique value 0
  arr_ai_byte_142_0_45336:reg8_t has unique value 0
  arr_ai_byte_143_0_45361:reg8_t has unique value 0
  arr_ai_byte_144_0_45386:reg8_t has unique value 0
  arr_ai_byte_145_0_45411:reg8_t has unique value 0
  arr_ai_byte_146_0_45436:reg8_t has unique value 0
  arr_ai_byte_147_0_45461:reg8_t has unique value 0
  arr_ai_byte_148_0_45486:reg8_t has unique value 0
  arr_ai_byte_149_0_45511:reg8_t has unique value 0
  arr_ai_byte_150_0_45536:reg8_t has unique value 0
  arr_ai_byte_151_0_45561:reg8_t has unique value 0
  arr_ai_byte_152_0_45586:reg8_t has unique value 0
  arr_ai_byte_153_0_45611:reg8_t has unique value 0
  arr_ai_byte_154_0_45636:reg8_t has unique value 0
  arr_ai_byte_155_0_45661:reg8_t has unique value 0
  arr_ai_byte_156_0_45686:reg8_t has unique value 0
  arr_ai_byte_157_0_45711:reg8_t has unique value 0
  arr_ai_byte_158_0_45736:reg8_t has unique value 0
  arr_ai_byte_159_0_45761:reg8_t has unique value 0
  arr_ai_byte_160_0_45786:reg8_t has unique value 0
  arr_ai_byte_161_0_45811:reg8_t has unique value 0
  arr_ai_byte_162_0_45836:reg8_t has unique value 0
  arr_ai_byte_163_0_45861:reg8_t has unique value 0
  arr_ai_byte_164_0_45886:reg8_t has unique value 0
  arr_ai_byte_165_0_45911:reg8_t has unique value 0
  arr_ai_byte_166_0_45936:reg8_t has unique value 0
  arr_ai_byte_167_0_45961:reg8_t has unique value 0
  arr_ai_byte_168_0_45986:reg8_t has unique value 0
  arr_ai_byte_169_0_46011:reg8_t has unique value 0
  arr_ai_byte_170_0_46036:reg8_t has unique value 0
  arr_ai_byte_171_0_46061:reg8_t has unique value 0
  arr_ai_byte_172_0_46086:reg8_t has unique value 0
  arr_ai_byte_173_0_46111:reg8_t has unique value 0
  arr_ai_byte_174_0_46136:reg8_t has unique value 0
  arr_ai_byte_175_0_46161:reg8_t has unique value 0
  arr_ai_byte_176_0_46186:reg8_t has unique value 0
  arr_ai_byte_177_0_46211:reg8_t has unique value 0
  arr_ai_byte_178_0_46236:reg8_t has unique value 0
  arr_ai_byte_179_0_46261:reg8_t has unique value 0
  arr_ai_byte_180_0_46286:reg8_t has unique value 0
  arr_ai_byte_181_0_46311:reg8_t has unique value 0
  arr_ai_byte_182_0_46336:reg8_t has unique value 0
  arr_ai_byte_183_0_46361:reg8_t has unique value 0
  arr_ai_byte_184_0_46386:reg8_t has unique value 0
  arr_ai_byte_185_0_46411:reg8_t has unique value 0
  arr_ai_byte_186_0_46436:reg8_t has unique value 0
  arr_ai_byte_187_0_46461:reg8_t has unique value 0
  arr_ai_byte_188_0_46486:reg8_t has unique value 0
  arr_ai_byte_189_0_46511:reg8_t has unique value 0
  arr_ai_byte_190_0_46536:reg8_t has unique value 0
  arr_ai_byte_191_0_46561:reg8_t has unique value 0
  arr_ai_byte_192_0_46586:reg8_t has unique value 0
  arr_ai_byte_193_0_46611:reg8_t has unique value 0
  arr_ai_byte_194_0_46636:reg8_t has unique value 0
  arr_ai_byte_195_0_46661:reg8_t has unique value 0
  arr_ai_byte_196_0_46686:reg8_t has unique value 0
  arr_ai_byte_197_0_46711:reg8_t has unique value 0
  arr_ai_byte_198_0_46736:reg8_t has unique value 0
  arr_ai_byte_199_0_46761:reg8_t has unique value 0
  arr_ai_byte_200_0_46786:reg8_t has unique value 0
  arr_ai_byte_201_0_46811:reg8_t has unique value 0
  arr_ai_byte_202_0_46836:reg8_t has unique value 0
  arr_ai_byte_203_0_46861:reg8_t has unique value 0
  arr_ai_byte_204_0_46886:reg8_t has unique value 0
  arr_ai_byte_205_0_46911:reg8_t has unique value 0
  arr_ai_byte_206_0_46936:reg8_t has unique value 0
  arr_ai_byte_207_0_46961:reg8_t has unique value 0
  arr_ai_byte_208_0_46986:reg8_t has unique value 0
  arr_ai_byte_209_0_47011:reg8_t has unique value 0
  arr_ai_byte_210_0_47036:reg8_t has unique value 0
