number of clusters = 1
Cluster 0 (276) : 
0: Input vars: (0x6), const(0x0), const(0x0), const(0x0), const(0x0), const(0x0), const(0x0), const(0x0), const(0x0), const(0x0), and 1-to-32S(0x0) 

1: Input vars: (0x3), const(0x0), const(0x0), const(0x0), const(0x0), const(0x0), const(0x0), const(0x0), const(0x0), const(0x0), and 1-to-32S(0x0) 

2: Input vars: (0x3), const(0x0), const(0x0), const(0x0), const(0x0), const(0x0), const(0x0), const(0x0), const(0x0), const(0x0), and 1-to-32S(0x0) 

3: Input vars: (0x2), const(0x0), const(0x0), const(0x0), const(0x0), const(0x0), const(0x0), const(0x0), const(0x0), const(0x0), and 1-to-32S(0x0) 

4: Input vars: (0x0), const(0x0), const(0x0), const(0x0), const(0x0), const(0x0), const(0x0), const(0x0), const(0x0), const(0x0), and 1-to-32S(0x0) 

5: Input vars: (0x5), const(0x0), const(0x0), const(0x0), const(0x0), const(0x0), const(0x0), const(0x0), const(0x0), const(0x0), and 1-to-32S(0x0) 

6: Input vars: (0x5), const(0x0), const(0x0), const(0x0), const(0x0), const(0x0), const(0x0), const(0x0), const(0x0), const(0x0), and 1-to-32S(0x0) 

7: Input vars: 1-to-32Z(0x2), const(0x0), const(0x0), const(0x0), const(0x0), const(0x0), const(0x0), const(0x0), const(0x0), const(0x0), and (0x0) 

8: Input vars: 1-to-32Z(0x2), const(0x0), const(0x0), const(0x0), const(0x0), const(0x0), const(0x0), const(0x0), const(0x0), const(0x0), and (0x0) 

9: Input vars: (0x4), const(0x0), const(0x0), const(0x0), const(0x0), const(0x0), const(0x0), const(0x0), const(0x0), const(0x0), and 1-to-32S(0x0) 

10: Input vars: (0x0), const(0x0), const(0x0), const(0x0), const(0x0), const(0x0), const(0x0), const(0x0), const(0x0), const(0x0), and 1-to-32S(0x0) 

11: Input vars: (0x3), const(0x0), const(0x0), const(0x0), const(0x0), const(0x0), const(0x0), const(0x0), const(0x0), const(0x0), and 1-to-32S(0x0) 

12: Input vars: (0x8), const(0x0), const(0x0), const(0x0), const(0x0), const(0x0), const(0x0), const(0x0), const(0x0), const(0x0), and 1-to-32Z(0x0) 

13: Input vars: (0x5), const(0x0), const(0x0), const(0x0), const(0x0), const(0x0), const(0x0), const(0x0), const(0x0), const(0x0), and 1-to-32S(0x0) 

14: Input vars: (0x2), const(0x0), const(0x0), const(0x0), const(0x0), const(0x0), const(0x0), const(0x0), const(0x0), const(0x0), and 1-to-32S(0x0) 

15: Input vars: (0x8), const(0x0), const(0x0), const(0x0), const(0x0), const(0x0), const(0x0), const(0x0), const(0x0), const(0x0), and 1-to-32S(0x0) 

16: Input vars: (0x0), const(0x0), const(0x0), const(0x0), const(0x0), const(0x0), const(0x0), const(0x0), const(0x0), const(0x0), and 1-to-32S(0x0) 

17: Input vars: (0x5), const(0x0), const(0x0), const(0x0), const(0x0), const(0x0), const(0x0), const(0x0), const(0x0), const(0x0), and 1-to-32S(0x0) 

18: Input vars: (0x7), const(0x0), const(0x0), const(0x0), const(0x0), const(0x0), const(0x0), const(0x0), const(0x0), const(0x0), and 1-to-32S(0x0) 

19: Input vars: (0x5), const(0x0), const(0x0), const(0x0), const(0x0), const(0x0), const(0x0), const(0x0), const(0x0), const(0x0), and 1-to-32S(0x0) 

20: Input vars: (0x8), const(0x0), const(0x0), const(0x0), const(0x0), const(0x0), const(0x0), const(0x0), const(0x0), const(0x0), and 1-to-32Z(0x0) 

21: Input vars: (0x5), const(0x0), const(0x0), const(0x0), const(0x0), const(0x0), const(0x0), const(0x0), const(0x0), const(0x0), and 1-to-32S(0x0) 

22: Input vars: (0x3), const(0x0), const(0x0), const(0x0), const(0x0), const(0x0), const(0x0), const(0x0), const(0x0), const(0x0), and 1-to-32S(0x0) 

23: Input vars: (0x0), const(0x0), const(0x0), const(0x0), const(0x0), const(0x0), const(0x0), const(0x0), const(0x0), const(0x0), and 1-to-32S(0x0) 

24: Input vars: (0x8), const(0x0), const(0x0), const(0x0), const(0x0), const(0x0), const(0x0), const(0x0), const(0x0), const(0x0), and 1-to-32S(0x0) 

25: Input vars: (0x6), const(0x0), const(0x0), const(0x0), const(0x0), const(0x0), const(0x0), const(0x0), const(0x0), const(0x0), and 1-to-32S(0x0) 

26: Input vars: (0x3), const(0x0), const(0x0), const(0x0), const(0x0), const(0x0), const(0x0), const(0x0), const(0x0), const(0x0), and 1-to-32S(0x0) 

27: Input vars: (0x2), const(0x0), const(0x0), const(0x0), const(0x0), const(0x0), const(0x0), const(0x0), const(0x0), const(0x0), and 1-to-32S(0x0) 

28: Input vars: (0x5), const(0x0), const(0x0), const(0x0), const(0x0), const(0x0), const(0x0), const(0x0), const(0x0), const(0x0), and 1-to-32S(0x0) 

29: Input vars: (0xa), const(0x0), const(0x0), const(0x0), const(0x0), const(0x0), const(0x0), const(0x0), const(0x0), const(0x0), and 1-to-32S(0x0) 

30: Input vars: (0x8), const(0x0), const(0x0), const(0x0), const(0x0), const(0x0), const(0x0), const(0x0), const(0x0), const(0x0), and 1-to-32Z(0x0) 

31: Input vars: 8-to-32S(0x4), const(0x0), const(0x0), const(0x0), const(0x0), const(0x0), const(0x0), const(0x0), const(0x0), const(0x0), and 1-to-32Z(0x0) 

32: Input vars: 1-to-32Z(0x2), const(0x0), const(0x0), const(0x0), const(0x0), const(0x0), const(0x0), const(0x0), const(0x0), const(0x0), and (0x0) 

33: Input vars: (0x4), const(0x0), const(0x0), const(0x0), const(0x0), const(0x0), const(0x0), const(0x0), const(0x0), const(0x0), and 1-to-32S(0x0) 

34: Input vars: (0x2), const(0x0), const(0x0), const(0x0), const(0x0), const(0x0), const(0x0), const(0x0), const(0x0), const(0x0), and 1-to-32S(0x0) 

35: Input vars: (0x3), const(0x0), const(0x0), const(0x0), const(0x0), const(0x0), const(0x0), const(0x0), const(0x0), const(0x0), and 1-to-32S(0x0) 

36: Input vars: (0x2), const(0x0), const(0x0), const(0x0), const(0x0), const(0x0), const(0x0), const(0x0), const(0x0), const(0x0), and 1-to-32S(0x0) 

37: Input vars: (0x5), const(0x0), const(0x0), const(0x0), const(0x0), const(0x0), const(0x0), const(0x0), const(0x0), const(0x0), and 1-to-32S(0x0) 

38: Input vars: (0x2), const(0x0), const(0x0), const(0x0), const(0x0), const(0x0), const(0x0), const(0x0), const(0x0), const(0x0), and 1-to-32S(0x0) 

39: Input vars: (0xc), const(0x0), const(0x0), const(0x0), const(0x0), const(0x0), const(0x0), const(0x0), const(0x0), const(0x0), and 1-to-32S(0x0) 

40: Input vars: (0x8), const(0x0), const(0x0), const(0x0), const(0x0), const(0x0), const(0x0), const(0x0), const(0x0), const(0x0), and 1-to-32Z(0x0) 

41: Input vars: 8-to-32S(0x4), const(0x0), const(0x0), const(0x0), const(0x0), const(0x0), const(0x0), const(0x0), const(0x0), const(0x0), and 1-to-32Z(0x0) 

42: Input vars: 1-to-32Z(0x8), const(0x0), const(0x0), const(0x0), const(0x0), const(0x0), const(0x0), const(0x0), const(0x0), const(0x0), and (0x0) 

43: Input vars: (0x3), const(0x0), const(0x0), const(0x0), const(0x0), const(0x0), const(0x0), const(0x0), const(0x0), const(0x0), and 1-to-32S(0x0) 

44: Input vars: (0x0), const(0x0), const(0x0), const(0x0), const(0x0), const(0x0), const(0x0), const(0x0), const(0x0), const(0x0), and 1-to-32S(0x0) 

45: Input vars: (0x8), const(0x0), const(0x0), const(0x0), const(0x0), const(0x0), const(0x0), const(0x0), const(0x0), const(0x0), and 1-to-32S(0x0) 

46: Input vars: (0x2), const(0x0), const(0x0), const(0x0), const(0x0), const(0x0), const(0x0), const(0x0), const(0x0), const(0x0), and 1-to-32S(0x0) 

47: Input vars: (0x3), const(0x0), const(0x0), const(0x0), const(0x0), const(0x0), const(0x0), const(0x0), const(0x0), const(0x0), and 1-to-32S(0x0) 

48: Input vars: (0x2), const(0x0), const(0x0), const(0x0), const(0x0), const(0x0), const(0x0), const(0x0), const(0x0), const(0x0), and 1-to-32S(0x0) 

49: Input vars: (0x7), const(0x0), const(0x0), const(0x0), const(0x0), const(0x0), const(0x0), const(0x0), const(0x0), const(0x0), and 1-to-32S(0x0) 

50: Input vars: (0xb), const(0x0), const(0x0), const(0x0), const(0x0), const(0x0), const(0x0), const(0x0), const(0x0), const(0x0), and 1-to-32S(0x0) 

51: Input vars: (0x8), const(0x0), const(0x0), const(0x0), const(0x0), const(0x0), const(0x0), const(0x0), const(0x0), const(0x0), and 1-to-32Z(0x0) 

52: Input vars: (0x4), const(0x0), const(0x0), const(0x0), const(0x0), const(0x0), const(0x0), const(0x0), const(0x0), const(0x0), and 1-to-32Z(0x0) 

53: Input vars: (0x8), const(0x0), const(0x0), const(0x0), const(0x0), const(0x0), const(0x0), const(0x0), const(0x0), const(0x0), and 1-to-32S(0x0) 

54: Input vars: (0x0), const(0x0), const(0x0), const(0x0), const(0x0), const(0x0), const(0x0), const(0x0), const(0x0), const(0x0), and 1-to-32S(0x0) 

55: Input vars: (0x8), const(0x0), const(0x0), const(0x0), const(0x0), const(0x0), const(0x0), const(0x0), const(0x0), const(0x0), and 1-to-32S(0x0) 

56: Input vars: (0x3), const(0x0), const(0x0), const(0x0), const(0x0), const(0x0), const(0x0), const(0x0), const(0x0), const(0x0), and 1-to-32S(0x0) 

57: Input vars: (0xb), const(0x0), const(0x0), const(0x0), const(0x0), const(0x0), const(0x0), const(0x0), const(0x0), const(0x0), and 1-to-32S(0x0) 

58: Input vars: (0x5), const(0x0), const(0x0), const(0x0), const(0x0), const(0x0), const(0x0), const(0x0), const(0x0), const(0x0), and 1-to-32S(0x0) 

59: Input vars: (0x5), const(0x0), const(0x0), const(0x0), const(0x0), const(0x0), const(0x0), const(0x0), const(0x0), const(0x0), and 1-to-32S(0x0) 

60: Input vars: 16-to-32S(0x4), const(0x0), const(0x0), const(0x0), const(0x0), const(0x0), const(0x0), const(0x0), const(0x0), const(0x0), and 1-to-32Z(0x0) 

61: Input vars: 1-to-32Z(0x7), const(0x0), const(0x0), const(0x0), const(0x0), const(0x0), const(0x0), const(0x0), const(0x0), const(0x0), and (0x0) 

62: Input vars: 1-to-32Z(0x7), const(0x0), const(0x0), const(0x0), const(0x0), const(0x0), const(0x0), const(0x0), const(0x0), const(0x0), and (0x0) 

63: Input vars: (0x3), const(0x0), const(0x0), const(0x0), const(0x0), const(0x0), const(0x0), const(0x0), const(0x0), const(0x0), and 1-to-32S(0x0) 

64: Input vars: (0x2), const(0x0), const(0x0), const(0x0), const(0x0), const(0x0), const(0x0), const(0x0), const(0x0), const(0x0), and 1-to-32S(0x0) 

65: Input vars: (0x2), const(0x0), const(0x0), const(0x0), const(0x0), const(0x0), const(0x0), const(0x0), const(0x0), const(0x0), and 1-to-32S(0x0) 

66: Input vars: (0x3), const(0x0), const(0x0), const(0x0), const(0x0), const(0x0), const(0x0), const(0x0), const(0x0), const(0x0), and 1-to-32S(0x0) 

67: Input vars: (0x0), const(0x0), const(0x0), const(0x0), const(0x0), const(0x0), const(0x0), const(0x0), const(0x0), const(0x0), and 1-to-32S(0x0) 

68: Input vars: 1-to-32Z(0x7), const(0x0), const(0x0), const(0x0), const(0x0), const(0x0), const(0x0), const(0x0), const(0x0), const(0x0), and (0x0) 

69: Input vars: (0x3), const(0x0), const(0x0), const(0x0), const(0x0), const(0x0), const(0x0), const(0x0), const(0x0), const(0x0), and 1-to-32S(0x0) 

70: Input vars: (0x2), const(0x0), const(0x0), const(0x0), const(0x0), const(0x0), const(0x0), const(0x0), const(0x0), const(0x0), and 1-to-32S(0x0) 

71: Input vars: (0x7), const(0x0), const(0x0), const(0x0), const(0x0), const(0x0), const(0x0), const(0x0), const(0x0), const(0x0), and 1-to-32S(0x0) 

72: Input vars: (0x7), const(0x0), const(0x0), const(0x0), const(0x0), const(0x0), const(0x0), const(0x0), const(0x0), const(0x0), and 1-to-32S(0x0) 

73: Input vars: (0x5), const(0x0), const(0x0), const(0x0), const(0x0), const(0x0), const(0x0), const(0x0), const(0x0), const(0x0), and 1-to-32S(0x0) 

74: Input vars: (0x3), const(0x0), const(0x0), const(0x0), const(0x0), const(0x0), const(0x0), const(0x0), const(0x0), const(0x0), and 1-to-32S(0x0) 

75: Input vars: (0x2), const(0x0), const(0x0), const(0x0), const(0x0), const(0x0), const(0x0), const(0x0), const(0x0), const(0x0), and 1-to-32S(0x0) 

76: Input vars: (0x5), const(0x0), const(0x0), const(0x0), const(0x0), const(0x0), const(0x0), const(0x0), const(0x0), const(0x0), and 1-to-32S(0x0) 

77: Input vars: (0xa), const(0x0), const(0x0), const(0x0), const(0x0), const(0x0), const(0x0), const(0x0), const(0x0), const(0x0), and 1-to-32S(0x0) 

78: Input vars: (0x1), const(0x0), const(0x0), const(0x0), const(0x0), const(0x0), const(0x0), const(0x0), const(0x0), const(0x0), and 1-to-32Z(0x0) 

79: Input vars: (0x8), const(0x0), const(0x0), const(0x0), const(0x0), const(0x0), const(0x0), const(0x0), const(0x0), const(0x0), and 1-to-32Z(0x0) 

80: Input vars: (0xa), const(0x0), const(0x0), const(0x0), const(0x0), const(0x0), const(0x0), const(0x0), const(0x0), const(0x0), and 1-to-32S(0x0) 

81: Input vars: (0x3), const(0x0), const(0x0), const(0x0), const(0x0), const(0x0), const(0x0), const(0x0), const(0x0), const(0x0), and 1-to-32S(0x0) 

82: Input vars: (0x8), const(0x0), const(0x0), const(0x0), const(0x0), const(0x0), const(0x0), const(0x0), const(0x0), const(0x0), and 1-to-32Z(0x0) 

83: Input vars: (0x8), const(0x0), const(0x0), const(0x0), const(0x0), const(0x0), const(0x0), const(0x0), const(0x0), const(0x0), and 1-to-32Z(0x0) 

84: Input vars: (0x2), const(0x0), const(0x0), const(0x0), const(0x0), const(0x0), const(0x0), const(0x0), const(0x0), const(0x0), and 1-to-32S(0x0) 

85: Input vars: 1-to-32Z(0x2), const(0x0), const(0x0), const(0x0), const(0x0), const(0x0), const(0x0), const(0x0), const(0x0), const(0x0), and (0x0) 

86: Input vars: (0x5), const(0x0), const(0x0), const(0x0), const(0x0), const(0x0), const(0x0), const(0x0), const(0x0), const(0x0), and 1-to-32S(0x0) 

87: Input vars: (0x5), const(0x0), const(0x0), const(0x0), const(0x0), const(0x0), const(0x0), const(0x0), const(0x0), const(0x0), and 1-to-32S(0x0) 

88: Input vars: (0x2), const(0x0), const(0x0), const(0x0), const(0x0), const(0x0), const(0x0), const(0x0), const(0x0), const(0x0), and 1-to-32S(0x0) 

89: Input vars: (0x3), const(0x0), const(0x0), const(0x0), const(0x0), const(0x0), const(0x0), const(0x0), const(0x0), const(0x0), and 1-to-32S(0x0) 

90: Input vars: (0x2), const(0x0), const(0x0), const(0x0), const(0x0), const(0x0), const(0x0), const(0x0), const(0x0), const(0x0), and 1-to-32S(0x0) 

91: Input vars: (0xc), const(0x0), const(0x0), const(0x0), const(0x0), const(0x0), const(0x0), const(0x0), const(0x0), const(0x0), and 1-to-32Z(0x0) 

92: Input vars: (0x5), const(0x0), const(0x0), const(0x0), const(0x0), const(0x0), const(0x0), const(0x0), const(0x0), const(0x0), and 1-to-32S(0x0) 

93: Input vars: (0x3), const(0x0), const(0x0), const(0x0), const(0x0), const(0x0), const(0x0), const(0x0), const(0x0), const(0x0), and 1-to-32S(0x0) 

94: Input vars: 1-to-32Z(0x2), const(0x0), const(0x0), const(0x0), const(0x0), const(0x0), const(0x0), const(0x0), const(0x0), const(0x0), and (0x0) 

95: Input vars: (0x3), const(0x0), const(0x0), const(0x0), const(0x0), const(0x0), const(0x0), const(0x0), const(0x0), const(0x0), and 1-to-32S(0x0) 

96: Input vars: (0x2), const(0x0), const(0x0), const(0x0), const(0x0), const(0x0), const(0x0), const(0x0), const(0x0), const(0x0), and 1-to-32S(0x0) 

97: Input vars: (0x5), const(0x0), const(0x0), const(0x0), const(0x0), const(0x0), const(0x0), const(0x0), const(0x0), const(0x0), and 1-to-32S(0x0) 

98: Input vars: (0x2), const(0x0), const(0x0), const(0x0), const(0x0), const(0x0), const(0x0), const(0x0), const(0x0), const(0x0), and 1-to-32S(0x0) 

99: Input vars: (0xb), const(0x0), const(0x0), const(0x0), const(0x0), const(0x0), const(0x0), const(0x0), const(0x0), const(0x0), and 1-to-32S(0x0) 

100: Input vars: 1-to-32Z(0x8), const(0x0), const(0x0), const(0x0), const(0x0), const(0x0), const(0x0), const(0x0), const(0x0), const(0x0), and (0x0) 

101: Input vars: (0x3), const(0x0), const(0x0), const(0x0), const(0x0), const(0x0), const(0x0), const(0x0), const(0x0), const(0x0), and 1-to-32S(0x0) 

102: Input vars: (0x7), const(0x0), const(0x0), const(0x0), const(0x0), const(0x0), const(0x0), const(0x0), const(0x0), const(0x0), and 1-to-32S(0x0) 

103: Input vars: 8-to-32S(0x0), const(0x0), const(0x0), const(0x0), const(0x0), const(0x0), const(0x0), const(0x0), const(0x0), const(0x0), and 1-to-32Z(0x0) 

104: Input vars: 1-to-32Z(0x2), const(0x0), const(0x0), const(0x0), const(0x0), const(0x0), const(0x0), const(0x0), const(0x0), const(0x0), and (0x0) 

105: Input vars: (0x4), const(0x0), const(0x0), const(0x0), const(0x0), const(0x0), const(0x0), const(0x0), const(0x0), const(0x0), and 1-to-32S(0x0) 

106: Input vars: (0x5), const(0x0), const(0x0), const(0x0), const(0x0), const(0x0), const(0x0), const(0x0), const(0x0), const(0x0), and 1-to-32S(0x0) 

107: Input vars: (0xb), const(0x0), const(0x0), const(0x0), const(0x0), const(0x0), const(0x0), const(0x0), const(0x0), const(0x0), and 1-to-32S(0x0) 

108: Input vars: (0x0), const(0x0), const(0x0), const(0x0), const(0x0), const(0x0), const(0x0), const(0x0), const(0x0), const(0x0), and 1-to-32S(0x0) 

109: Input vars: (0x3), const(0x0), const(0x0), const(0x0), const(0x0), const(0x0), const(0x0), const(0x0), const(0x0), const(0x0), and 1-to-32S(0x0) 

110: Input vars: 1-to-32Z(0x2), const(0x0), const(0x0), const(0x0), const(0x0), const(0x0), const(0x0), const(0x0), const(0x0), const(0x0), and (0x0) 

111: Input vars: (0x0), const(0x0), const(0x0), const(0x0), const(0x0), const(0x0), const(0x0), const(0x0), const(0x0), const(0x0), and 1-to-32S(0x0) 

112: Input vars: (0x2), const(0x0), const(0x0), const(0x0), const(0x0), const(0x0), const(0x0), const(0x0), const(0x0), const(0x0), and 1-to-32S(0x0) 

113: Input vars: (0x2), const(0x0), const(0x0), const(0x0), const(0x0), const(0x0), const(0x0), const(0x0), const(0x0), const(0x0), and 1-to-32S(0x0) 

114: Input vars: (0x0), const(0x0), const(0x0), const(0x0), const(0x0), const(0x0), const(0x0), const(0x0), const(0x0), const(0x0), and 1-to-32S(0x0) 

115: Input vars: (0x8), const(0x0), const(0x0), const(0x0), const(0x0), const(0x0), const(0x0), const(0x0), const(0x0), const(0x0), and 1-to-32Z(0x0) 

116: Input vars: (0xb), const(0x0), const(0x0), const(0x0), const(0x0), const(0x0), const(0x0), const(0x0), const(0x0), const(0x0), and 1-to-32S(0x0) 

117: Input vars: 1-to-32Z(0x2), const(0x0), const(0x0), const(0x0), const(0x0), const(0x0), const(0x0), const(0x0), const(0x0), const(0x0), and (0x0) 

118: Input vars: 1-to-32Z(0x8), const(0x0), const(0x0), const(0x0), const(0x0), const(0x0), const(0x0), const(0x0), const(0x0), const(0x0), and (0x0) 

119: Input vars: 1-to-32Z(0x8), const(0x0), const(0x0), const(0x0), const(0x0), const(0x0), const(0x0), const(0x0), const(0x0), const(0x0), and (0x0) 

120: Input vars: (0x3), const(0x0), const(0x0), const(0x0), const(0x0), const(0x0), const(0x0), const(0x0), const(0x0), const(0x0), and 1-to-32S(0x0) 

121: Input vars: (0x8), const(0x0), const(0x0), const(0x0), const(0x0), const(0x0), const(0x0), const(0x0), const(0x0), const(0x0), and 1-to-32S(0x0) 

122: Input vars: (0x5), const(0x0), const(0x0), const(0x0), const(0x0), const(0x0), const(0x0), const(0x0), const(0x0), const(0x0), and 1-to-32S(0x0) 

123: Input vars: (0x2), const(0x0), const(0x0), const(0x0), const(0x0), const(0x0), const(0x0), const(0x0), const(0x0), const(0x0), and 1-to-32S(0x0) 

124: Input vars: (0x5), const(0x0), const(0x0), const(0x0), const(0x0), const(0x0), const(0x0), const(0x0), const(0x0), const(0x0), and 1-to-32S(0x0) 

125: Input vars: (0xa), const(0x0), const(0x0), const(0x0), const(0x0), const(0x0), const(0x0), const(0x0), const(0x0), const(0x0), and 1-to-32S(0x0) 

126: Input vars: (0x0), const(0x0), const(0x0), const(0x0), const(0x0), const(0x0), const(0x0), const(0x0), const(0x0), const(0x0), and 1-to-32S(0x0) 

127: Input vars: (0xa), const(0x0), const(0x0), const(0x0), const(0x0), const(0x0), const(0x0), const(0x0), const(0x0), const(0x0), and 1-to-32S(0x0) 

128: Input vars: (0x8), const(0x0), const(0x0), const(0x0), const(0x0), const(0x0), const(0x0), const(0x0), const(0x0), const(0x0), and 1-to-32S(0x0) 

129: Input vars: (0x8), const(0x0), const(0x0), const(0x0), const(0x0), const(0x0), const(0x0), const(0x0), const(0x0), const(0x0), and 1-to-32S(0x0) 

130: Input vars: (0x2), const(0x0), const(0x0), const(0x0), const(0x0), const(0x0), const(0x0), const(0x0), const(0x0), const(0x0), and 1-to-32S(0x0) 

131: Input vars: (0x0), const(0x0), const(0x0), const(0x0), const(0x0), const(0x0), const(0x0), const(0x0), const(0x0), const(0x0), and 1-to-32S(0x0) 

132: Input vars: (0x5), const(0x0), const(0x0), const(0x0), const(0x0), const(0x0), const(0x0), const(0x0), const(0x0), const(0x0), and 1-to-32S(0x0) 

133: Input vars: (0x3), const(0x0), const(0x0), const(0x0), const(0x0), const(0x0), const(0x0), const(0x0), const(0x0), const(0x0), and 1-to-32S(0x0) 

134: Input vars: (0x3), const(0x0), const(0x0), const(0x0), const(0x0), const(0x0), const(0x0), const(0x0), const(0x0), const(0x0), and 1-to-32S(0x0) 

135: Input vars: (0x8), const(0x0), const(0x0), const(0x0), const(0x0), const(0x0), const(0x0), const(0x0), const(0x0), const(0x0), and 1-to-32Z(0x0) 

136: Input vars: (0x8), const(0x0), const(0x0), const(0x0), const(0x0), const(0x0), const(0x0), const(0x0), const(0x0), const(0x0), and 1-to-32Z(0x0) 

137: Input vars: (0x8), const(0x0), const(0x0), const(0x0), const(0x0), const(0x0), const(0x0), const(0x0), const(0x0), const(0x0), and 1-to-32S(0x0) 

138: Input vars: (0x8), const(0x0), const(0x0), const(0x0), const(0x0), const(0x0), const(0x0), const(0x0), const(0x0), const(0x0), and 1-to-32S(0x0) 

139: Input vars: (0x3), const(0x0), const(0x0), const(0x0), const(0x0), const(0x0), const(0x0), const(0x0), const(0x0), const(0x0), and 1-to-32S(0x0) 

140: Input vars: (0xc), const(0x0), const(0x0), const(0x0), const(0x0), const(0x0), const(0x0), const(0x0), const(0x0), const(0x0), and 1-to-32S(0x0) 

141: Input vars: (0x2), const(0x0), const(0x0), const(0x0), const(0x0), const(0x0), const(0x0), const(0x0), const(0x0), const(0x0), and 1-to-32S(0x0) 

142: Input vars: (0x3), const(0x0), const(0x0), const(0x0), const(0x0), const(0x0), const(0x0), const(0x0), const(0x0), const(0x0), and 1-to-32S(0x0) 

143: Input vars: (0x2), const(0x0), const(0x0), const(0x0), const(0x0), const(0x0), const(0x0), const(0x0), const(0x0), const(0x0), and 1-to-32S(0x0) 

144: Input vars: (0x8), const(0x0), const(0x0), const(0x0), const(0x0), const(0x0), const(0x0), const(0x0), const(0x0), const(0x0), and 1-to-32Z(0x0) 

145: Input vars: (0xa), const(0x0), const(0x0), const(0x0), const(0x0), const(0x0), const(0x0), const(0x0), const(0x0), const(0x0), and 1-to-32S(0x0) 

146: Input vars: (0xb), const(0x0), const(0x0), const(0x0), const(0x0), const(0x0), const(0x0), const(0x0), const(0x0), const(0x0), and 1-to-32S(0x0) 

147: Input vars: (0x2), const(0x0), const(0x0), const(0x0), const(0x0), const(0x0), const(0x0), const(0x0), const(0x0), const(0x0), and 1-to-32S(0x0) 

148: Input vars: (0x0), const(0x0), const(0x0), const(0x0), const(0x0), const(0x0), const(0x0), const(0x0), const(0x0), const(0x0), and 1-to-32S(0x0) 

149: Input vars: (0x0), const(0x0), const(0x0), const(0x0), const(0x0), const(0x0), const(0x0), const(0x0), const(0x0), const(0x0), and 1-to-32S(0x0) 

150: Input vars: (0x3), const(0x0), const(0x0), const(0x0), const(0x0), const(0x0), const(0x0), const(0x0), const(0x0), const(0x0), and 1-to-32S(0x0) 

151: Input vars: (0x3), const(0x0), const(0x0), const(0x0), const(0x0), const(0x0), const(0x0), const(0x0), const(0x0), const(0x0), and 1-to-32S(0x0) 

152: Input vars: (0x5), const(0x0), const(0x0), const(0x0), const(0x0), const(0x0), const(0x0), const(0x0), const(0x0), const(0x0), and 1-to-32S(0x0) 

153: Input vars: (0x2), const(0x0), const(0x0), const(0x0), const(0x0), const(0x0), const(0x0), const(0x0), const(0x0), const(0x0), and 1-to-32S(0x0) 

154: Input vars: (0xa), const(0x0), const(0x0), const(0x0), const(0x0), const(0x0), const(0x0), const(0x0), const(0x0), const(0x0), and 1-to-32S(0x0) 

155: Input vars: 1-to-32Z(0x2), const(0x0), const(0x0), const(0x0), const(0x0), const(0x0), const(0x0), const(0x0), const(0x0), const(0x0), and (0x0) 

156: Input vars: (0x4), const(0x0), const(0x0), const(0x0), const(0x0), const(0x0), const(0x0), const(0x0), const(0x0), const(0x0), and 1-to-32S(0x0) 

157: Input vars: (0xc), const(0x0), const(0x0), const(0x0), const(0x0), const(0x0), const(0x0), const(0x0), const(0x0), const(0x0), and 1-to-32S(0x0) 

158: Input vars: (0x2), const(0x0), const(0x0), const(0x0), const(0x0), const(0x0), const(0x0), const(0x0), const(0x0), const(0x0), and 1-to-32S(0x0) 

159: Input vars: (0x3), const(0x0), const(0x0), const(0x0), const(0x0), const(0x0), const(0x0), const(0x0), const(0x0), const(0x0), and 1-to-32S(0x0) 

160: Input vars: (0x8), const(0x0), const(0x0), const(0x0), const(0x0), const(0x0), const(0x0), const(0x0), const(0x0), const(0x0), and 1-to-32S(0x0) 

161: Input vars: (0x8), const(0x0), const(0x0), const(0x0), const(0x0), const(0x0), const(0x0), const(0x0), const(0x0), const(0x0), and 1-to-32Z(0x0) 

162: Input vars: (0x8), const(0x0), const(0x0), const(0x0), const(0x0), const(0x0), const(0x0), const(0x0), const(0x0), const(0x0), and 1-to-32Z(0x0) 

163: Input vars: 1-to-32Z(0x2), const(0x0), const(0x0), const(0x0), const(0x0), const(0x0), const(0x0), const(0x0), const(0x0), const(0x0), and (0x0) 

164: Input vars: (0x3), const(0x0), const(0x0), const(0x0), const(0x0), const(0x0), const(0x0), const(0x0), const(0x0), const(0x0), and 1-to-32S(0x0) 

165: Input vars: (0x3), const(0x0), const(0x0), const(0x0), const(0x0), const(0x0), const(0x0), const(0x0), const(0x0), const(0x0), and 1-to-32S(0x0) 

166: Input vars: (0x3), const(0x0), const(0x0), const(0x0), const(0x0), const(0x0), const(0x0), const(0x0), const(0x0), const(0x0), and 1-to-32S(0x0) 

167: Input vars: (0x5), const(0x0), const(0x0), const(0x0), const(0x0), const(0x0), const(0x0), const(0x0), const(0x0), const(0x0), and 1-to-32S(0x0) 

168: Input vars: (0x2), const(0x0), const(0x0), const(0x0), const(0x0), const(0x0), const(0x0), const(0x0), const(0x0), const(0x0), and 1-to-32S(0x0) 

169: Input vars: (0x2), const(0x0), const(0x0), const(0x0), const(0x0), const(0x0), const(0x0), const(0x0), const(0x0), const(0x0), and 1-to-32S(0x0) 

170: Input vars: (0x8), const(0x0), const(0x0), const(0x0), const(0x0), const(0x0), const(0x0), const(0x0), const(0x0), const(0x0), and 1-to-32Z(0x0) 

171: Input vars: 16-to-32S(0x4), const(0x0), const(0x0), const(0x0), const(0x0), const(0x0), const(0x0), const(0x0), const(0x0), const(0x0), and 1-to-32Z(0x0) 

172: Input vars: 16-to-32S(0x4), const(0x0), const(0x0), const(0x0), const(0x0), const(0x0), const(0x0), const(0x0), const(0x0), const(0x0), and 1-to-32Z(0x0) 

173: Input vars: (0x2), const(0x0), const(0x0), const(0x0), const(0x0), const(0x0), const(0x0), const(0x0), const(0x0), const(0x0), and 1-to-32S(0x0) 

174: Input vars: (0x3), const(0x0), const(0x0), const(0x0), const(0x0), const(0x0), const(0x0), const(0x0), const(0x0), const(0x0), and 1-to-32S(0x0) 

175: Input vars: (0x3), const(0x0), const(0x0), const(0x0), const(0x0), const(0x0), const(0x0), const(0x0), const(0x0), const(0x0), and 1-to-32S(0x0) 

176: Input vars: (0x2), const(0x0), const(0x0), const(0x0), const(0x0), const(0x0), const(0x0), const(0x0), const(0x0), const(0x0), and 1-to-32S(0x0) 

177: Input vars: (0x2), const(0x0), const(0x0), const(0x0), const(0x0), const(0x0), const(0x0), const(0x0), const(0x0), const(0x0), and 1-to-32S(0x0) 

178: Input vars: (0x3), const(0x0), const(0x0), const(0x0), const(0x0), const(0x0), const(0x0), const(0x0), const(0x0), const(0x0), and 1-to-32S(0x0) 

179: Input vars: (0x3), const(0x0), const(0x0), const(0x0), const(0x0), const(0x0), const(0x0), const(0x0), const(0x0), const(0x0), and 1-to-32S(0x0) 

180: Input vars: (0xc), const(0x0), const(0x0), const(0x0), const(0x0), const(0x0), const(0x0), const(0x0), const(0x0), const(0x0), and 1-to-32S(0x0) 

181: Input vars: (0x2), const(0x0), const(0x0), const(0x0), const(0x0), const(0x0), const(0x0), const(0x0), const(0x0), const(0x0), and 1-to-32S(0x0) 

182: Input vars: (0x2), const(0x0), const(0x0), const(0x0), const(0x0), const(0x0), const(0x0), const(0x0), const(0x0), const(0x0), and 1-to-32S(0x0) 

183: Input vars: 1-to-32Z(0x2), const(0x0), const(0x0), const(0x0), const(0x0), const(0x0), const(0x0), const(0x0), const(0x0), const(0x0), and (0x0) 

184: Input vars: (0x4), const(0x0), const(0x0), const(0x0), const(0x0), const(0x0), const(0x0), const(0x0), const(0x0), const(0x0), and 1-to-32S(0x0) 

185: Input vars: (0x3), const(0x0), const(0x0), const(0x0), const(0x0), const(0x0), const(0x0), const(0x0), const(0x0), const(0x0), and 1-to-32S(0x0) 

186: Input vars: (0x8), const(0x0), const(0x0), const(0x0), const(0x0), const(0x0), const(0x0), const(0x0), const(0x0), const(0x0), and 1-to-32Z(0x0) 

187: Input vars: (0x3), const(0x0), const(0x0), const(0x0), const(0x0), const(0x0), const(0x0), const(0x0), const(0x0), const(0x0), and 1-to-32S(0x0) 

188: Input vars: (0x0), const(0x0), const(0x0), const(0x0), const(0x0), const(0x0), const(0x0), const(0x0), const(0x0), const(0x0), and 1-to-32S(0x0) 

189: Input vars: (0x3), const(0x0), const(0x0), const(0x0), const(0x0), const(0x0), const(0x0), const(0x0), const(0x0), const(0x0), and 1-to-32S(0x0) 

190: Input vars: (0x5), const(0x0), const(0x0), const(0x0), const(0x0), const(0x0), const(0x0), const(0x0), const(0x0), const(0x0), and 1-to-32S(0x0) 

191: Input vars: (0x1), const(0x0), const(0x0), const(0x0), const(0x0), const(0x0), const(0x0), const(0x0), const(0x0), const(0x0), and 1-to-32Z(0x0) 

192: Input vars: (0xb), const(0x0), const(0x0), const(0x0), const(0x0), const(0x0), const(0x0), const(0x0), const(0x0), const(0x0), and 1-to-32S(0x0) 

193: Input vars: (0x8), const(0x0), const(0x0), const(0x0), const(0x0), const(0x0), const(0x0), const(0x0), const(0x0), const(0x0), and 1-to-32Z(0x0) 

194: Input vars: (0xb), const(0x0), const(0x0), const(0x0), const(0x0), const(0x0), const(0x0), const(0x0), const(0x0), const(0x0), and 1-to-32S(0x0) 

195: Input vars: (0x0), const(0x0), const(0x0), const(0x0), const(0x0), const(0x0), const(0x0), const(0x0), const(0x0), const(0x0), and 1-to-32S(0x0) 

196: Input vars: 1-to-32Z(0x2), const(0x0), const(0x0), const(0x0), const(0x0), const(0x0), const(0x0), const(0x0), const(0x0), const(0x0), and (0x0) 

197: Input vars: (0x8), const(0x0), const(0x0), const(0x0), const(0x0), const(0x0), const(0x0), const(0x0), const(0x0), const(0x0), and 1-to-32S(0x0) 

198: Input vars: (0x3), const(0x0), const(0x0), const(0x0), const(0x0), const(0x0), const(0x0), const(0x0), const(0x0), const(0x0), and 1-to-32S(0x0) 

199: Input vars: (0x2), const(0x0), const(0x0), const(0x0), const(0x0), const(0x0), const(0x0), const(0x0), const(0x0), const(0x0), and 1-to-32S(0x0) 

200: Input vars: (0x2), const(0x0), const(0x0), const(0x0), const(0x0), const(0x0), const(0x0), const(0x0), const(0x0), const(0x0), and 1-to-32S(0x0) 

201: Input vars: (0x2), const(0x0), const(0x0), const(0x0), const(0x0), const(0x0), const(0x0), const(0x0), const(0x0), const(0x0), and 1-to-32S(0x0) 

202: Input vars: (0x6), const(0x0), const(0x0), const(0x0), const(0x0), const(0x0), const(0x0), const(0x0), const(0x0), const(0x0), and 1-to-32S(0x0) 

203: Input vars: (0xa), const(0x0), const(0x0), const(0x0), const(0x0), const(0x0), const(0x0), const(0x0), const(0x0), const(0x0), and 1-to-32S(0x0) 

204: Input vars: (0x7), const(0x0), const(0x0), const(0x0), const(0x0), const(0x0), const(0x0), const(0x0), const(0x0), const(0x0), and 1-to-32S(0x0) 

205: Input vars: (0xc), const(0x0), const(0x0), const(0x0), const(0x0), const(0x0), const(0x0), const(0x0), const(0x0), const(0x0), and 1-to-32S(0x0) 

206: Input vars: (0x8), const(0x0), const(0x0), const(0x0), const(0x0), const(0x0), const(0x0), const(0x0), const(0x0), const(0x0), and 1-to-32S(0x0) 

207: Input vars: (0x3), const(0x0), const(0x0), const(0x0), const(0x0), const(0x0), const(0x0), const(0x0), const(0x0), const(0x0), and 1-to-32S(0x0) 

208: Input vars: (0xc), const(0x0), const(0x0), const(0x0), const(0x0), const(0x0), const(0x0), const(0x0), const(0x0), const(0x0), and 1-to-32S(0x0) 

209: Input vars: (0x3), const(0x0), const(0x0), const(0x0), const(0x0), const(0x0), const(0x0), const(0x0), const(0x0), const(0x0), and 1-to-32S(0x0) 

210: Input vars: (0x2), const(0x0), const(0x0), const(0x0), const(0x0), const(0x0), const(0x0), const(0x0), const(0x0), const(0x0), and 1-to-32S(0x0) 

211: Input vars: (0x7), const(0x0), const(0x0), const(0x0), const(0x0), const(0x0), const(0x0), const(0x0), const(0x0), const(0x0), and 1-to-32S(0x0) 

212: Input vars: (0x8), const(0x0), const(0x0), const(0x0), const(0x0), const(0x0), const(0x0), const(0x0), const(0x0), const(0x0), and 1-to-32S(0x0) 

213: Input vars: (0x8), const(0x0), const(0x0), const(0x0), const(0x0), const(0x0), const(0x0), const(0x0), const(0x0), const(0x0), and 1-to-32S(0x0) 

214: Input vars: (0x3), const(0x0), const(0x0), const(0x0), const(0x0), const(0x0), const(0x0), const(0x0), const(0x0), const(0x0), and 1-to-32S(0x0) 

215: Input vars: (0x3), const(0x0), const(0x0), const(0x0), const(0x0), const(0x0), const(0x0), const(0x0), const(0x0), const(0x0), and 1-to-32S(0x0) 

216: Input vars: (0x5), const(0x0), const(0x0), const(0x0), const(0x0), const(0x0), const(0x0), const(0x0), const(0x0), const(0x0), and 1-to-32S(0x0) 

217: Input vars: (0x8), const(0x0), const(0x0), const(0x0), const(0x0), const(0x0), const(0x0), const(0x0), const(0x0), const(0x0), and 1-to-32Z(0x0) 

218: Input vars: (0x2), const(0x0), const(0x0), const(0x0), const(0x0), const(0x0), const(0x0), const(0x0), const(0x0), const(0x0), and 1-to-32S(0x0) 

219: Input vars: (0x3), const(0x0), const(0x0), const(0x0), const(0x0), const(0x0), const(0x0), const(0x0), const(0x0), const(0x0), and 1-to-32S(0x0) 

220: Input vars: (0x4), const(0x0), const(0x0), const(0x0), const(0x0), const(0x0), const(0x0), const(0x0), const(0x0), const(0x0), and 1-to-32S(0x0) 

221: Input vars: (0x4), const(0x0), const(0x0), const(0x0), const(0x0), const(0x0), const(0x0), const(0x0), const(0x0), const(0x0), and 1-to-32S(0x0) 

222: Input vars: (0xc), const(0x0), const(0x0), const(0x0), const(0x0), const(0x0), const(0x0), const(0x0), const(0x0), const(0x0), and 1-to-32Z(0x0) 

223: Input vars: (0x1), const(0x0), const(0x0), const(0x0), const(0x0), const(0x0), const(0x0), const(0x0), const(0x0), const(0x0), and 1-to-32Z(0x0) 

224: Input vars: (0x0), const(0x0), const(0x0), const(0x0), const(0x0), const(0x0), const(0x0), const(0x0), const(0x0), const(0x0), and 1-to-32S(0x0) 

225: Input vars: (0x8), const(0x0), const(0x0), const(0x0), const(0x0), const(0x0), const(0x0), const(0x0), const(0x0), const(0x0), and 1-to-32Z(0x0) 

226: Input vars: 1-to-32Z(0x2), const(0x0), const(0x0), const(0x0), const(0x0), const(0x0), const(0x0), const(0x0), const(0x0), const(0x0), and (0x0) 

227: Input vars: (0x8), const(0x0), const(0x0), const(0x0), const(0x0), const(0x0), const(0x0), const(0x0), const(0x0), const(0x0), and 1-to-32S(0x0) 

228: Input vars: (0x3), const(0x0), const(0x0), const(0x0), const(0x0), const(0x0), const(0x0), const(0x0), const(0x0), const(0x0), and 1-to-32S(0x0) 

229: Input vars: (0xc), const(0x0), const(0x0), const(0x0), const(0x0), const(0x0), const(0x0), const(0x0), const(0x0), const(0x0), and 1-to-32Z(0x0) 

230: Input vars: (0x3), const(0x0), const(0x0), const(0x0), const(0x0), const(0x0), const(0x0), const(0x0), const(0x0), const(0x0), and 1-to-32S(0x0) 

231: Input vars: (0x2), const(0x0), const(0x0), const(0x0), const(0x0), const(0x0), const(0x0), const(0x0), const(0x0), const(0x0), and 1-to-32S(0x0) 

232: Input vars: (0x2), const(0x0), const(0x0), const(0x0), const(0x0), const(0x0), const(0x0), const(0x0), const(0x0), const(0x0), and 1-to-32S(0x0) 

233: Input vars: (0x2), const(0x0), const(0x0), const(0x0), const(0x0), const(0x0), const(0x0), const(0x0), const(0x0), const(0x0), and 1-to-32S(0x0) 

234: Input vars: (0xb), const(0x0), const(0x0), const(0x0), const(0x0), const(0x0), const(0x0), const(0x0), const(0x0), const(0x0), and 1-to-32S(0x0) 

235: Input vars: (0x2), const(0x0), const(0x0), const(0x0), const(0x0), const(0x0), const(0x0), const(0x0), const(0x0), const(0x0), and 1-to-32S(0x0) 

236: Input vars: (0x0), const(0x0), const(0x0), const(0x0), const(0x0), const(0x0), const(0x0), const(0x0), const(0x0), const(0x0), and 1-to-32S(0x0) 

237: Input vars: (0x3), const(0x0), const(0x0), const(0x0), const(0x0), const(0x0), const(0x0), const(0x0), const(0x0), const(0x0), and 1-to-32S(0x0) 

238: Input vars: (0xc), const(0x0), const(0x0), const(0x0), const(0x0), const(0x0), const(0x0), const(0x0), const(0x0), const(0x0), and 1-to-32S(0x0) 

239: Input vars: (0x3), const(0x0), const(0x0), const(0x0), const(0x0), const(0x0), const(0x0), const(0x0), const(0x0), const(0x0), and 1-to-32S(0x0) 

240: Input vars: 32-to-32C(0x0), const(0x0), const(0x0), const(0x0), const(0x0), const(0x0), const(0x0), const(0x0), const(0x0), const(0x0), and 1-to-32Z(0x0) 

241: Input vars: 8-to-32S(0x4), const(0x0), const(0x0), const(0x0), const(0x0), const(0x0), const(0x0), const(0x0), const(0x0), const(0x0), and 1-to-32Z(0x0) 

242: Input vars: (0x8), const(0x0), const(0x0), const(0x0), const(0x0), const(0x0), const(0x0), const(0x0), const(0x0), const(0x0), and 1-to-32Z(0x0) 

243: Input vars: (0x3), const(0x0), const(0x0), const(0x0), const(0x0), const(0x0), const(0x0), const(0x0), const(0x0), const(0x0), and 1-to-32S(0x0) 

244: Input vars: (0x8), const(0x0), const(0x0), const(0x0), const(0x0), const(0x0), const(0x0), const(0x0), const(0x0), const(0x0), and 1-to-32Z(0x0) 

245: Input vars: (0x6), const(0x0), const(0x0), const(0x0), const(0x0), const(0x0), const(0x0), const(0x0), const(0x0), const(0x0), and 1-to-32S(0x0) 

246: Input vars: (0x4), const(0x0), const(0x0), const(0x0), const(0x0), const(0x0), const(0x0), const(0x0), const(0x0), const(0x0), and 1-to-32S(0x0) 

247: Input vars: (0x3), const(0x0), const(0x0), const(0x0), const(0x0), const(0x0), const(0x0), const(0x0), const(0x0), const(0x0), and 1-to-32S(0x0) 

248: Input vars: (0x3), const(0x0), const(0x0), const(0x0), const(0x0), const(0x0), const(0x0), const(0x0), const(0x0), const(0x0), and 1-to-32S(0x0) 

249: Input vars: (0x5), const(0x0), const(0x0), const(0x0), const(0x0), const(0x0), const(0x0), const(0x0), const(0x0), const(0x0), and 1-to-32S(0x0) 

250: Input vars: (0x5), const(0x0), const(0x0), const(0x0), const(0x0), const(0x0), const(0x0), const(0x0), const(0x0), const(0x0), and 1-to-32S(0x0) 

251: Input vars: (0x3), const(0x0), const(0x0), const(0x0), const(0x0), const(0x0), const(0x0), const(0x0), const(0x0), const(0x0), and 1-to-32S(0x0) 

252: Input vars: 1-to-32Z(0x2), const(0x0), const(0x0), const(0x0), const(0x0), const(0x0), const(0x0), const(0x0), const(0x0), const(0x0), and (0x0) 

253: Input vars: (0xc), const(0x0), const(0x0), const(0x0), const(0x0), const(0x0), const(0x0), const(0x0), const(0x0), const(0x0), and 1-to-32Z(0x0) 

254: Input vars: (0x0), const(0x0), const(0x0), const(0x0), const(0x0), const(0x0), const(0x0), const(0x0), const(0x0), const(0x0), and 1-to-32Z(0x0) 

255: Input vars: (0x5), const(0x0), const(0x0), const(0x0), const(0x0), const(0x0), const(0x0), const(0x0), const(0x0), const(0x0), and 1-to-32S(0x0) 

256: Input vars: (0x5), const(0x0), const(0x0), const(0x0), const(0x0), const(0x0), const(0x0), const(0x0), const(0x0), const(0x0), and 1-to-32S(0x0) 

257: Input vars: 1-to-32Z(0x2), const(0x0), const(0x0), const(0x0), const(0x0), const(0x0), const(0x0), const(0x0), const(0x0), const(0x0), and (0x0) 

258: Input vars: (0x0), const(0x0), const(0x0), const(0x0), const(0x0), const(0x0), const(0x0), const(0x0), const(0x0), const(0x0), and 1-to-32S(0x0) 

259: Input vars: (0x5), const(0x0), const(0x0), const(0x0), const(0x0), const(0x0), const(0x0), const(0x0), const(0x0), const(0x0), and 1-to-32S(0x0) 

260: Input vars: (0x0), const(0x0), const(0x0), const(0x0), const(0x0), const(0x0), const(0x0), const(0x0), const(0x0), const(0x0), and 1-to-32S(0x0) 

261: Input vars: (0x3), const(0x0), const(0x0), const(0x0), const(0x0), const(0x0), const(0x0), const(0x0), const(0x0), const(0x0), and 1-to-32S(0x0) 

262: Input vars: (0x3), const(0x0), const(0x0), const(0x0), const(0x0), const(0x0), const(0x0), const(0x0), const(0x0), const(0x0), and 1-to-32S(0x0) 

263: Input vars: (0x2), const(0x0), const(0x0), const(0x0), const(0x0), const(0x0), const(0x0), const(0x0), const(0x0), const(0x0), and 1-to-32S(0x0) 

264: Input vars: (0x3), const(0x0), const(0x0), const(0x0), const(0x0), const(0x0), const(0x0), const(0x0), const(0x0), const(0x0), and 1-to-32S(0x0) 

265: Input vars: (0x2), const(0x0), const(0x0), const(0x0), const(0x0), const(0x0), const(0x0), const(0x0), const(0x0), const(0x0), and 1-to-32S(0x0) 

266: Input vars: (0x2), const(0x0), const(0x0), const(0x0), const(0x0), const(0x0), const(0x0), const(0x0), const(0x0), const(0x0), and 1-to-32S(0x0) 

267: Input vars: (0x5), const(0x0), const(0x0), const(0x0), const(0x0), const(0x0), const(0x0), const(0x0), const(0x0), const(0x0), and 1-to-32S(0x0) 

268: Input vars: (0x8), const(0x0), const(0x0), const(0x0), const(0x0), const(0x0), const(0x0), const(0x0), const(0x0), const(0x0), and 1-to-32Z(0x0) 

269: Input vars: (0x8), const(0x0), const(0x0), const(0x0), const(0x0), const(0x0), const(0x0), const(0x0), const(0x0), const(0x0), and 1-to-32Z(0x0) 

270: Input vars: 1-to-32Z(0x7), const(0x0), const(0x0), const(0x0), const(0x0), const(0x0), const(0x0), const(0x0), const(0x0), const(0x0), and (0x0) 

271: Input vars: (0x2), const(0x0), const(0x0), const(0x0), const(0x0), const(0x0), const(0x0), const(0x0), const(0x0), const(0x0), and 1-to-32S(0x0) 

272: Input vars: (0x3), const(0x0), const(0x0), const(0x0), const(0x0), const(0x0), const(0x0), const(0x0), const(0x0), const(0x0), and 1-to-32S(0x0) 

273: Input vars: (0x8), const(0x0), const(0x0), const(0x0), const(0x0), const(0x0), const(0x0), const(0x0), const(0x0), const(0x0), and 1-to-32S(0x0) 

274: Input vars: (0x3), const(0x0), const(0x0), const(0x0), const(0x0), const(0x0), const(0x0), const(0x0), const(0x0), const(0x0), and 1-to-32S(0x0) 

275: Input vars: (0x3), const(0x0), const(0x0), const(0x0), const(0x0), const(0x0), const(0x0), const(0x0), const(0x0), const(0x0), and 1-to-32S(0x0) 

