number of clusters = 64
Cluster 0 (129) : 
0: Input vars: const(0x0), const(0x12000000), 32-to-32C(0x3), and (0x0) 

1: Input vars: const(0x0), const(0x12000000), 32-to-32C(0x3), and (0x0) 

4: Input vars: const(0x0), const(0x12000000), 32-to-32C(0x3), and (0x0) 

5: Input vars: const(0x0), const(0x12000000), 32-to-32C(0x3), and (0x0) 

23: Input vars: const(0x0), const(0x12000000), 32-to-32C(0x3), and (0x0) 

32: Input vars: const(0x0), const(0x12000000), 32-to-32C(0x3), and (0x0) 

34: Input vars: const(0x0), const(0x12000000), 32-to-32C(0x3), and (0x0) 

35: Input vars: const(0x0), const(0x12000000), 32-to-32C(0x3), and (0x0) 

37: Input vars: const(0x0), const(0x12000000), 32-to-32C(0x3), and (0x0) 

56: Input vars: const(0x0), const(0x12000000), 32-to-32C(0x3), and (0x0) 

76: Input vars: const(0x0), const(0x12000000), 32-to-32C(0x3), and (0x0) 

77: Input vars: const(0x0), const(0x12000000), 32-to-32C(0x3), and (0x0) 

78: Input vars: const(0x0), const(0x12000000), 32-to-32C(0x3), and (0x0) 

79: Input vars: const(0x0), const(0x12000000), 32-to-32C(0x3), and (0x0) 

93: Input vars: const(0x0), const(0x12000000), 32-to-32C(0x3), and (0x0) 

96: Input vars: const(0x0), const(0x12000000), 32-to-32C(0x3), and (0x0) 

97: Input vars: const(0x0), const(0x12000000), 32-to-32C(0x3), and (0x0) 

99: Input vars: const(0x0), const(0x12000000), 32-to-32C(0x3), and (0x0) 

100: Input vars: const(0x0), const(0x12000000), 32-to-32C(0x3), and (0x0) 

111: Input vars: const(0x0), const(0x12000000), 32-to-32C(0x3), and (0x0) 

118: Input vars: const(0x0), const(0x12000000), 32-to-32C(0x3), and (0x0) 

121: Input vars: const(0x0), const(0x12000000), 32-to-32C(0x3), and (0x0) 

124: Input vars: const(0x0), const(0x12000000), 32-to-32C(0x3), and (0x0) 

125: Input vars: const(0x0), const(0x12000000), 32-to-32C(0x3), and (0x0) 

127: Input vars: const(0x0), const(0x12000000), 32-to-32C(0x3), and (0x0) 

140: Input vars: const(0x0), const(0x12000000), 32-to-32C(0x3), and (0x0) 

145: Input vars: const(0x0), const(0x12000000), 32-to-32C(0x3), and (0x0) 

147: Input vars: const(0x0), const(0x12000000), 32-to-32C(0x3), and (0x0) 

161: Input vars: const(0x0), const(0x12000000), 32-to-32C(0x3), and (0x0) 

164: Input vars: const(0x0), const(0x12000000), 32-to-32C(0x3), and (0x0) 

166: Input vars: const(0x0), const(0x12000000), 32-to-32C(0x3), and (0x0) 

167: Input vars: const(0x0), const(0x12000000), 32-to-32C(0x3), and (0x0) 

193: Input vars: const(0x0), const(0x12000000), 32-to-32C(0x3), and (0x0) 

195: Input vars: const(0x0), const(0x12000000), 32-to-32C(0x3), and (0x0) 

198: Input vars: const(0x0), const(0x12000000), 32-to-32C(0x3), and (0x0) 

208: Input vars: const(0x0), const(0x12000000), 32-to-32C(0x3), and (0x0) 

210: Input vars: const(0x0), const(0x12000000), 32-to-32C(0x3), and (0x0) 

212: Input vars: const(0x0), const(0x12000000), 32-to-32C(0x3), and (0x0) 

233: Input vars: const(0x0), const(0x12000000), 32-to-32C(0x3), and (0x0) 

234: Input vars: const(0x0), const(0x12000000), 32-to-32C(0x3), and (0x0) 

238: Input vars: const(0x0), const(0x12000000), 32-to-32C(0x3), and (0x0) 

243: Input vars: const(0x0), const(0x12000000), 32-to-32C(0x3), and (0x0) 

262: Input vars: const(0x0), const(0x12000000), 32-to-32C(0x3), and (0x0) 

266: Input vars: const(0x0), const(0x12000000), 32-to-32C(0x3), and (0x0) 

285: Input vars: const(0x0), const(0x12000000), 32-to-32C(0x3), and (0x0) 

286: Input vars: const(0x0), const(0x12000000), 32-to-32C(0x3), and (0x0) 

287: Input vars: const(0x0), const(0x12000000), 32-to-32C(0x3), and (0x0) 

288: Input vars: const(0x0), const(0x12000000), 32-to-32C(0x3), and (0x0) 

289: Input vars: const(0x0), const(0x12000000), 32-to-32C(0x3), and (0x0) 

290: Input vars: const(0x0), const(0x12000000), 32-to-32C(0x3), and (0x0) 

299: Input vars: const(0x0), const(0x12000000), 32-to-32C(0x3), and (0x0) 

300: Input vars: const(0x0), const(0x12000000), 32-to-32C(0x3), and (0x0) 

301: Input vars: const(0x0), const(0x12000000), 32-to-32C(0x3), and (0x0) 

349: Input vars: const(0x0), const(0x12000000), 32-to-32C(0x3), and (0x0) 

352: Input vars: const(0x0), const(0x12000000), 32-to-32C(0x3), and (0x0) 

353: Input vars: const(0x0), const(0x12000000), 32-to-32C(0x3), and (0x0) 

359: Input vars: const(0x0), const(0x12000000), 32-to-32C(0x3), and (0x0) 

373: Input vars: const(0x0), const(0x12000000), 32-to-32C(0x3), and (0x0) 

374: Input vars: const(0x0), const(0x12000000), 32-to-32C(0x3), and (0x0) 

376: Input vars: const(0x0), const(0x12000000), 32-to-32C(0x3), and (0x0) 

377: Input vars: const(0x0), const(0x12000000), 32-to-32C(0x3), and (0x0) 

382: Input vars: const(0x0), const(0x12000000), 32-to-32C(0x3), and (0x0) 

396: Input vars: const(0x0), const(0x12000000), 32-to-32C(0x3), and (0x0) 

413: Input vars: const(0x0), const(0x12000000), 32-to-32C(0x3), and (0x0) 

414: Input vars: const(0x0), const(0x12000000), 32-to-32C(0x3), and (0x0) 

427: Input vars: const(0x0), const(0x12000000), 32-to-32C(0x3), and (0x0) 

428: Input vars: const(0x0), const(0x12000000), 32-to-32C(0x3), and (0x0) 

431: Input vars: const(0x0), const(0x12000000), 32-to-32C(0x3), and (0x0) 

435: Input vars: const(0x0), const(0x12000000), 32-to-32C(0x3), and (0x0) 

460: Input vars: const(0x0), const(0x12000000), 32-to-32C(0x3), and (0x0) 

462: Input vars: const(0x0), const(0x12000000), 32-to-32C(0x3), and (0x0) 

466: Input vars: const(0x0), const(0x12000000), 32-to-32C(0x3), and (0x0) 

481: Input vars: const(0x0), const(0x12000000), 32-to-32C(0x3), and (0x0) 

482: Input vars: const(0x0), const(0x12000000), 32-to-32C(0x3), and (0x0) 

486: Input vars: const(0x0), const(0x12000000), 32-to-32C(0x3), and (0x0) 

487: Input vars: const(0x0), const(0x12000000), 32-to-32C(0x3), and (0x0) 

494: Input vars: const(0x0), const(0x12000000), 32-to-32C(0x3), and (0x0) 

508: Input vars: const(0x0), const(0x12000000), 32-to-32C(0x3), and (0x0) 

512: Input vars: const(0x0), const(0x12000000), 32-to-32C(0x3), and (0x0) 

534: Input vars: const(0x0), const(0x12000000), 32-to-32C(0x3), and (0x0) 

535: Input vars: const(0x0), const(0x12000000), 32-to-32C(0x3), and (0x0) 

537: Input vars: const(0x0), const(0x12000000), 32-to-32C(0x3), and (0x0) 

557: Input vars: const(0x0), const(0x12000000), 32-to-32C(0x3), and (0x0) 

561: Input vars: const(0x0), const(0x12000000), 32-to-32C(0x3), and (0x0) 

578: Input vars: const(0x0), const(0x12000000), 32-to-32C(0x3), and (0x0) 

579: Input vars: const(0x0), const(0x12000000), 32-to-32C(0x3), and (0x0) 

581: Input vars: const(0x0), const(0x12000000), 32-to-32C(0x3), and (0x0) 

582: Input vars: const(0x0), const(0x12000000), 32-to-32C(0x3), and (0x0) 

584: Input vars: const(0x0), const(0x12000000), 32-to-32C(0x3), and (0x0) 

585: Input vars: const(0x0), const(0x12000000), 32-to-32C(0x3), and (0x0) 

598: Input vars: const(0x0), const(0x12000000), 32-to-32C(0x3), and (0x0) 

611: Input vars: const(0x0), const(0x12000000), 32-to-32C(0x3), and (0x0) 

614: Input vars: const(0x0), const(0x12000000), 32-to-32C(0x3), and (0x0) 

619: Input vars: const(0x0), const(0x12000000), 32-to-32C(0x3), and (0x0) 

637: Input vars: const(0x0), const(0x12000000), 32-to-32C(0x3), and (0x0) 

639: Input vars: const(0x0), const(0x12000000), 32-to-32C(0x3), and (0x0) 

641: Input vars: const(0x0), const(0x12000000), 32-to-32C(0x3), and (0x0) 

645: Input vars: const(0x0), const(0x12000000), 32-to-32C(0x3), and (0x0) 

658: Input vars: const(0x0), const(0x12000000), 32-to-32C(0x3), and (0x0) 

659: Input vars: const(0x0), const(0x12000000), 32-to-32C(0x3), and (0x0) 

660: Input vars: const(0x0), const(0x12000000), 32-to-32C(0x3), and (0x0) 

662: Input vars: const(0x0), const(0x12000000), 32-to-32C(0x3), and (0x0) 

663: Input vars: const(0x0), const(0x12000000), 32-to-32C(0x3), and (0x0) 

665: Input vars: const(0x0), const(0x12000000), 32-to-32C(0x3), and (0x0) 

666: Input vars: const(0x0), const(0x12000000), 32-to-32C(0x3), and (0x0) 

667: Input vars: const(0x0), const(0x12000000), 32-to-32C(0x3), and (0x0) 

688: Input vars: const(0x0), const(0x12000000), 32-to-32C(0x3), and (0x0) 

689: Input vars: const(0x0), const(0x12000000), 32-to-32C(0x3), and (0x0) 

692: Input vars: const(0x0), const(0x12000000), 32-to-32C(0x3), and (0x0) 

693: Input vars: const(0x0), const(0x12000000), 32-to-32C(0x3), and (0x0) 

695: Input vars: const(0x0), const(0x12000000), 32-to-32C(0x3), and (0x0) 

697: Input vars: const(0x0), const(0x12000000), 32-to-32C(0x3), and (0x0) 

703: Input vars: const(0x0), const(0x12000000), 32-to-32C(0x3), and (0x0) 

710: Input vars: const(0x0), const(0x12000000), 32-to-32C(0x3), and (0x0) 

721: Input vars: const(0x0), const(0x12000000), 32-to-32C(0x3), and (0x0) 

722: Input vars: const(0x0), const(0x12000000), 32-to-32C(0x3), and (0x0) 

723: Input vars: const(0x0), const(0x12000000), 32-to-32C(0x3), and (0x0) 

733: Input vars: const(0x0), const(0x12000000), 32-to-32C(0x3), and (0x0) 

741: Input vars: const(0x0), const(0x12000000), 32-to-32C(0x3), and (0x0) 

742: Input vars: const(0x0), const(0x12000000), 32-to-32C(0x3), and (0x0) 

743: Input vars: const(0x0), const(0x12000000), 32-to-32C(0x3), and (0x0) 

744: Input vars: const(0x0), const(0x12000000), 32-to-32C(0x3), and (0x0) 

745: Input vars: const(0x0), const(0x12000000), 32-to-32C(0x3), and (0x0) 

746: Input vars: const(0x0), const(0x12000000), 32-to-32C(0x3), and (0x0) 

747: Input vars: const(0x0), const(0x12000000), 32-to-32C(0x3), and (0x0) 

748: Input vars: const(0x0), const(0x12000000), 32-to-32C(0x3), and (0x0) 

751: Input vars: const(0x0), const(0x12000000), 32-to-32C(0x3), and (0x0) 

752: Input vars: const(0x0), const(0x12000000), 32-to-32C(0x3), and (0x0) 

753: Input vars: const(0x0), const(0x12000000), 32-to-32C(0x3), and (0x0) 

Cluster 1 (106) : 
2: Input vars: const(0x0), const(0x48000000), 32-to-32C(0x2), and (0x0) 

3: Input vars: const(0x0), const(0x48000000), 32-to-32C(0x2), and (0x0) 

9: Input vars: const(0x0), const(0x48000000), 32-to-32C(0x2), and (0x0) 

16: Input vars: const(0x0), const(0x48000000), 32-to-32C(0x2), and (0x0) 

20: Input vars: const(0x0), const(0x48000000), 32-to-32C(0x2), and (0x0) 

21: Input vars: const(0x0), const(0x48000000), 32-to-32C(0x2), and (0x0) 

22: Input vars: const(0x0), const(0x48000000), 32-to-32C(0x2), and (0x0) 

38: Input vars: const(0x0), const(0x48000000), 32-to-32C(0x2), and (0x0) 

68: Input vars: const(0x0), const(0x48000000), 32-to-32C(0x2), and (0x0) 

69: Input vars: const(0x0), const(0x48000000), 32-to-32C(0x2), and (0x0) 

87: Input vars: const(0x0), const(0x48000000), 32-to-32C(0x2), and (0x0) 

95: Input vars: const(0x0), const(0x48000000), 32-to-32C(0x2), and (0x0) 

119: Input vars: const(0x0), const(0x48000000), 32-to-32C(0x2), and (0x0) 

120: Input vars: const(0x0), const(0x48000000), 32-to-32C(0x2), and (0x0) 

126: Input vars: const(0x0), const(0x48000000), 32-to-32C(0x2), and (0x0) 

138: Input vars: const(0x0), const(0x48000000), 32-to-32C(0x2), and (0x0) 

141: Input vars: const(0x0), const(0x48000000), 32-to-32C(0x2), and (0x0) 

157: Input vars: const(0x0), const(0x48000000), 32-to-32C(0x2), and (0x0) 

162: Input vars: const(0x0), const(0x48000000), 32-to-32C(0x2), and (0x0) 

169: Input vars: const(0x0), const(0x48000000), 32-to-32C(0x2), and (0x0) 

179: Input vars: const(0x0), const(0x48000000), 32-to-32C(0x2), and (0x0) 

180: Input vars: const(0x0), const(0x48000000), 32-to-32C(0x2), and (0x0) 

188: Input vars: const(0x0), const(0x48000000), 32-to-32C(0x2), and (0x0) 

189: Input vars: const(0x0), const(0x48000000), 32-to-32C(0x2), and (0x0) 

190: Input vars: const(0x0), const(0x48000000), 32-to-32C(0x2), and (0x0) 

191: Input vars: const(0x0), const(0x48000000), 32-to-32C(0x2), and (0x0) 

192: Input vars: const(0x0), const(0x48000000), 32-to-32C(0x2), and (0x0) 

197: Input vars: const(0x0), const(0x48000000), 32-to-32C(0x2), and (0x0) 

204: Input vars: const(0x0), const(0x48000000), 32-to-32C(0x2), and (0x0) 

231: Input vars: const(0x0), const(0x48000000), 32-to-32C(0x2), and (0x0) 

232: Input vars: const(0x0), const(0x48000000), 32-to-32C(0x2), and (0x0) 

235: Input vars: const(0x0), const(0x48000000), 32-to-32C(0x2), and (0x0) 

237: Input vars: const(0x0), const(0x48000000), 32-to-32C(0x2), and (0x0) 

255: Input vars: const(0x0), const(0x48000000), 32-to-32C(0x2), and (0x0) 

263: Input vars: const(0x0), const(0x48000000), 32-to-32C(0x2), and (0x0) 

264: Input vars: const(0x0), const(0x48000000), 32-to-32C(0x2), and (0x0) 

265: Input vars: const(0x0), const(0x48000000), 32-to-32C(0x2), and (0x0) 

271: Input vars: const(0x0), const(0x48000000), 32-to-32C(0x2), and (0x0) 

274: Input vars: const(0x0), const(0x48000000), 32-to-32C(0x2), and (0x0) 

279: Input vars: const(0x0), const(0x48000000), 32-to-32C(0x2), and (0x0) 

284: Input vars: const(0x0), const(0x48000000), 32-to-32C(0x2), and (0x0) 

308: Input vars: const(0x0), const(0x48000000), 32-to-32C(0x2), and (0x0) 

316: Input vars: const(0x0), const(0x48000000), 32-to-32C(0x2), and (0x0) 

325: Input vars: const(0x0), const(0x48000000), 32-to-32C(0x2), and (0x0) 

327: Input vars: const(0x0), const(0x48000000), 32-to-32C(0x2), and (0x0) 

330: Input vars: const(0x0), const(0x48000000), 32-to-32C(0x2), and (0x0) 

331: Input vars: const(0x0), const(0x48000000), 32-to-32C(0x2), and (0x0) 

345: Input vars: const(0x0), const(0x48000000), 32-to-32C(0x2), and (0x0) 

351: Input vars: const(0x0), const(0x48000000), 32-to-32C(0x2), and (0x0) 

361: Input vars: const(0x0), const(0x48000000), 32-to-32C(0x2), and (0x0) 

363: Input vars: const(0x0), const(0x48000000), 32-to-32C(0x2), and (0x0) 

378: Input vars: const(0x0), const(0x48000000), 32-to-32C(0x2), and (0x0) 

380: Input vars: const(0x0), const(0x48000000), 32-to-32C(0x2), and (0x0) 

390: Input vars: const(0x0), const(0x48000000), 32-to-32C(0x2), and (0x0) 

391: Input vars: const(0x0), const(0x48000000), 32-to-32C(0x2), and (0x0) 

394: Input vars: const(0x0), const(0x48000000), 32-to-32C(0x2), and (0x0) 

395: Input vars: const(0x0), const(0x48000000), 32-to-32C(0x2), and (0x0) 

397: Input vars: const(0x0), const(0x48000000), 32-to-32C(0x2), and (0x0) 

398: Input vars: const(0x0), const(0x48000000), 32-to-32C(0x2), and (0x0) 

408: Input vars: const(0x0), const(0x48000000), 32-to-32C(0x2), and (0x0) 

429: Input vars: const(0x0), const(0x48000000), 32-to-32C(0x2), and (0x0) 

434: Input vars: const(0x0), const(0x48000000), 32-to-32C(0x2), and (0x0) 

449: Input vars: const(0x0), const(0x48000000), 32-to-32C(0x2), and (0x0) 

461: Input vars: const(0x0), const(0x48000000), 32-to-32C(0x2), and (0x0) 

463: Input vars: const(0x0), const(0x48000000), 32-to-32C(0x2), and (0x0) 

464: Input vars: const(0x0), const(0x48000000), 32-to-32C(0x2), and (0x0) 

472: Input vars: const(0x0), const(0x48000000), 32-to-32C(0x2), and (0x0) 

477: Input vars: const(0x0), const(0x48000000), 32-to-32C(0x2), and (0x0) 

478: Input vars: const(0x0), const(0x48000000), 32-to-32C(0x2), and (0x0) 

480: Input vars: const(0x0), const(0x48000000), 32-to-32C(0x2), and (0x0) 

483: Input vars: const(0x0), const(0x48000000), 32-to-32C(0x2), and (0x0) 

484: Input vars: const(0x0), const(0x48000000), 32-to-32C(0x2), and (0x0) 

488: Input vars: const(0x0), const(0x48000000), 32-to-32C(0x2), and (0x0) 

509: Input vars: const(0x0), const(0x48000000), 32-to-32C(0x2), and (0x0) 

510: Input vars: const(0x0), const(0x48000000), 32-to-32C(0x2), and (0x0) 

513: Input vars: const(0x0), const(0x48000000), 32-to-32C(0x2), and (0x0) 

521: Input vars: const(0x0), const(0x48000000), 32-to-32C(0x2), and (0x0) 

532: Input vars: const(0x0), const(0x48000000), 32-to-32C(0x2), and (0x0) 

536: Input vars: const(0x0), const(0x48000000), 32-to-32C(0x2), and (0x0) 

538: Input vars: const(0x0), const(0x48000000), 32-to-32C(0x2), and (0x0) 

548: Input vars: const(0x0), const(0x48000000), 32-to-32C(0x2), and (0x0) 

549: Input vars: const(0x0), const(0x48000000), 32-to-32C(0x2), and (0x0) 

551: Input vars: const(0x0), const(0x48000000), 32-to-32C(0x2), and (0x0) 

552: Input vars: const(0x0), const(0x48000000), 32-to-32C(0x2), and (0x0) 

569: Input vars: const(0x0), const(0x48000000), 32-to-32C(0x2), and (0x0) 

580: Input vars: const(0x0), const(0x48000000), 32-to-32C(0x2), and (0x0) 

596: Input vars: const(0x0), const(0x48000000), 32-to-32C(0x2), and (0x0) 

599: Input vars: const(0x0), const(0x48000000), 32-to-32C(0x2), and (0x0) 

602: Input vars: const(0x0), const(0x48000000), 32-to-32C(0x2), and (0x0) 

612: Input vars: const(0x0), const(0x48000000), 32-to-32C(0x2), and (0x0) 

613: Input vars: const(0x0), const(0x48000000), 32-to-32C(0x2), and (0x0) 

617: Input vars: const(0x0), const(0x48000000), 32-to-32C(0x2), and (0x0) 

629: Input vars: const(0x0), const(0x48000000), 32-to-32C(0x2), and (0x0) 

631: Input vars: const(0x0), const(0x48000000), 32-to-32C(0x2), and (0x0) 

632: Input vars: const(0x0), const(0x48000000), 32-to-32C(0x2), and (0x0) 

638: Input vars: const(0x0), const(0x48000000), 32-to-32C(0x2), and (0x0) 

642: Input vars: const(0x0), const(0x48000000), 32-to-32C(0x2), and (0x0) 

643: Input vars: const(0x0), const(0x48000000), 32-to-32C(0x2), and (0x0) 

656: Input vars: const(0x0), const(0x48000000), 32-to-32C(0x2), and (0x0) 

690: Input vars: const(0x0), const(0x48000000), 32-to-32C(0x2), and (0x0) 

700: Input vars: const(0x0), const(0x48000000), 32-to-32C(0x2), and (0x0) 

714: Input vars: const(0x0), const(0x48000000), 32-to-32C(0x2), and (0x0) 

716: Input vars: const(0x0), const(0x48000000), 32-to-32C(0x2), and (0x0) 

735: Input vars: const(0x0), const(0x48000000), 32-to-32C(0x2), and (0x0) 

749: Input vars: const(0x0), const(0x48000000), 32-to-32C(0x2), and (0x0) 

750: Input vars: const(0x0), const(0x48000000), 32-to-32C(0x2), and (0x0) 

Cluster 2 (25) : 
6: Input vars: const(0x0), const(0x84000000), (0x9), and (0x0) 

40: Input vars: const(0x0), const(0x84000000), (0x9), and (0x0) 

58: Input vars: const(0x0), const(0x84000000), (0x9), and (0x0) 

81: Input vars: const(0x0), const(0x84000000), (0x9), and (0x0) 

150: Input vars: const(0x0), const(0x84000000), (0x9), and (0x0) 

159: Input vars: const(0x0), const(0x84000000), (0x9), and (0x0) 

186: Input vars: const(0x0), const(0x84000000), (0x9), and (0x0) 

200: Input vars: const(0x0), const(0x84000000), (0x9), and (0x0) 

225: Input vars: const(0x0), const(0x84000000), (0x9), and (0x0) 

283: Input vars: const(0x0), const(0x84000000), (0x9), and (0x0) 

332: Input vars: const(0x0), const(0x84000000), (0x9), and (0x0) 

356: Input vars: const(0x0), const(0x84000000), (0x9), and (0x0) 

360: Input vars: const(0x0), const(0x84000000), (0x9), and (0x0) 

433: Input vars: const(0x0), const(0x84000000), (0x9), and (0x0) 

458: Input vars: const(0x0), const(0x84000000), (0x9), and (0x0) 

511: Input vars: const(0x0), const(0x84000000), (0x9), and (0x0) 

576: Input vars: const(0x0), const(0x84000000), (0x9), and (0x0) 

600: Input vars: const(0x0), const(0x84000000), (0x9), and (0x0) 

607: Input vars: const(0x0), const(0x84000000), (0x9), and (0x0) 

618: Input vars: const(0x0), const(0x84000000), (0x9), and (0x0) 

620: Input vars: const(0x0), const(0x84000000), (0x9), and (0x0) 

686: Input vars: const(0x0), const(0x84000000), (0x9), and (0x0) 

698: Input vars: const(0x0), const(0x84000000), (0x9), and (0x0) 

699: Input vars: const(0x0), const(0x84000000), (0x9), and (0x0) 

701: Input vars: const(0x0), const(0x84000000), (0x9), and (0x0) 

Cluster 3 (82) : 
7: Input vars: const(0x0), const(0x80), 32-to-32C(0x5), and (0x0) 

12: Input vars: const(0x0), const(0x80), 32-to-32C(0x5), and (0x0) 

13: Input vars: const(0x0), const(0x80), 32-to-32C(0x5), and (0x0) 

15: Input vars: const(0x0), const(0x80), 32-to-32C(0x5), and (0x0) 

44: Input vars: const(0x0), const(0x80), 32-to-32C(0x5), and (0x0) 

48: Input vars: const(0x0), const(0x80), 32-to-32C(0x5), and (0x0) 

63: Input vars: const(0x0), const(0x80), 32-to-32C(0x5), and (0x0) 

84: Input vars: const(0x0), const(0x80), 32-to-32C(0x5), and (0x0) 

85: Input vars: const(0x0), const(0x80), 32-to-32C(0x5), and (0x0) 

106: Input vars: const(0x0), const(0x80), 32-to-32C(0x5), and (0x0) 

113: Input vars: const(0x0), const(0x80), 32-to-32C(0x5), and (0x0) 

131: Input vars: const(0x0), const(0x80), 32-to-32C(0x5), and (0x0) 

135: Input vars: const(0x0), const(0x80), 32-to-32C(0x5), and (0x0) 

151: Input vars: const(0x0), const(0x80), 32-to-32C(0x5), and (0x0) 

155: Input vars: const(0x0), const(0x80), 32-to-32C(0x5), and (0x0) 

173: Input vars: const(0x0), const(0x80), 32-to-32C(0x5), and (0x0) 

178: Input vars: const(0x0), const(0x80), 32-to-32C(0x5), and (0x0) 

181: Input vars: const(0x0), const(0x80), 32-to-32C(0x5), and (0x0) 

218: Input vars: const(0x0), const(0x80), 32-to-32C(0x5), and (0x0) 

220: Input vars: const(0x0), const(0x80), 32-to-32C(0x5), and (0x0) 

222: Input vars: const(0x0), const(0x80), 32-to-32C(0x5), and (0x0) 

223: Input vars: const(0x0), const(0x80), 32-to-32C(0x5), and (0x0) 

226: Input vars: const(0x0), const(0x80), 32-to-32C(0x5), and (0x0) 

245: Input vars: const(0x0), const(0x80), 32-to-32C(0x5), and (0x0) 

247: Input vars: const(0x0), const(0x80), 32-to-32C(0x5), and (0x0) 

248: Input vars: const(0x0), const(0x80), 32-to-32C(0x5), and (0x0) 

251: Input vars: const(0x0), const(0x80), 32-to-32C(0x5), and (0x0) 

253: Input vars: const(0x0), const(0x80), 32-to-32C(0x5), and (0x0) 

269: Input vars: const(0x0), const(0x80), 32-to-32C(0x5), and (0x0) 

294: Input vars: const(0x0), const(0x80), 32-to-32C(0x5), and (0x0) 

305: Input vars: const(0x0), const(0x80), 32-to-32C(0x5), and (0x0) 

306: Input vars: const(0x0), const(0x80), 32-to-32C(0x5), and (0x0) 

307: Input vars: const(0x0), const(0x80), 32-to-32C(0x5), and (0x0) 

310: Input vars: const(0x0), const(0x80), 32-to-32C(0x5), and (0x0) 

311: Input vars: const(0x0), const(0x80), 32-to-32C(0x5), and (0x0) 

312: Input vars: const(0x0), const(0x80), 32-to-32C(0x5), and (0x0) 

313: Input vars: const(0x0), const(0x80), 32-to-32C(0x5), and (0x0) 

314: Input vars: const(0x0), const(0x80), 32-to-32C(0x5), and (0x0) 

315: Input vars: const(0x0), const(0x80), 32-to-32C(0x5), and (0x0) 

381: Input vars: const(0x0), const(0x80), 32-to-32C(0x5), and (0x0) 

383: Input vars: const(0x0), const(0x80), 32-to-32C(0x5), and (0x0) 

385: Input vars: const(0x0), const(0x80), 32-to-32C(0x5), and (0x0) 

404: Input vars: const(0x0), const(0x80), 32-to-32C(0x5), and (0x0) 

437: Input vars: const(0x0), const(0x80), 32-to-32C(0x5), and (0x0) 

440: Input vars: const(0x0), const(0x80), 32-to-32C(0x5), and (0x0) 

441: Input vars: const(0x0), const(0x80), 32-to-32C(0x5), and (0x0) 

443: Input vars: const(0x0), const(0x80), 32-to-32C(0x5), and (0x0) 

445: Input vars: const(0x0), const(0x80), 32-to-32C(0x5), and (0x0) 

491: Input vars: const(0x0), const(0x80), 32-to-32C(0x5), and (0x0) 

492: Input vars: const(0x0), const(0x80), 32-to-32C(0x5), and (0x0) 

501: Input vars: const(0x0), const(0x80), 32-to-32C(0x5), and (0x0) 

515: Input vars: const(0x0), const(0x80), 32-to-32C(0x5), and (0x0) 

524: Input vars: const(0x0), const(0x80), 32-to-32C(0x5), and (0x0) 

542: Input vars: const(0x0), const(0x80), 32-to-32C(0x5), and (0x0) 

543: Input vars: const(0x0), const(0x80), 32-to-32C(0x5), and (0x0) 

544: Input vars: const(0x0), const(0x80), 32-to-32C(0x5), and (0x0) 

564: Input vars: const(0x0), const(0x80), 32-to-32C(0x5), and (0x0) 

591: Input vars: const(0x0), const(0x80), 32-to-32C(0x5), and (0x0) 

592: Input vars: const(0x0), const(0x80), 32-to-32C(0x5), and (0x0) 

593: Input vars: const(0x0), const(0x80), 32-to-32C(0x5), and (0x0) 

595: Input vars: const(0x0), const(0x80), 32-to-32C(0x5), and (0x0) 

625: Input vars: const(0x0), const(0x80), 32-to-32C(0x5), and (0x0) 

630: Input vars: const(0x0), const(0x80), 32-to-32C(0x5), and (0x0) 

648: Input vars: const(0x0), const(0x80), 32-to-32C(0x5), and (0x0) 

650: Input vars: const(0x0), const(0x80), 32-to-32C(0x5), and (0x0) 

670: Input vars: const(0x0), const(0x80), 32-to-32C(0x5), and (0x0) 

672: Input vars: const(0x0), const(0x80), 32-to-32C(0x5), and (0x0) 

674: Input vars: const(0x0), const(0x80), 32-to-32C(0x5), and (0x0) 

676: Input vars: const(0x0), const(0x80), 32-to-32C(0x5), and (0x0) 

677: Input vars: const(0x0), const(0x80), 32-to-32C(0x5), and (0x0) 

678: Input vars: const(0x0), const(0x80), 32-to-32C(0x5), and (0x0) 

706: Input vars: const(0x0), const(0x80), 32-to-32C(0x5), and (0x0) 

707: Input vars: const(0x0), const(0x80), 32-to-32C(0x5), and (0x0) 

715: Input vars: const(0x0), const(0x80), 32-to-32C(0x5), and (0x0) 

727: Input vars: const(0x0), const(0x80), 32-to-32C(0x5), and (0x0) 

728: Input vars: const(0x0), const(0x80), 32-to-32C(0x5), and (0x0) 

729: Input vars: const(0x0), const(0x80), 32-to-32C(0x5), and (0x0) 

732: Input vars: const(0x0), const(0x80), 32-to-32C(0x5), and (0x0) 

754: Input vars: const(0x0), const(0x80), 32-to-32C(0x5), and (0x0) 

755: Input vars: const(0x0), const(0x80), 32-to-32C(0x5), and (0x0) 

756: Input vars: const(0x0), const(0x80), 32-to-32C(0x5), and (0x0) 

759: Input vars: const(0x0), const(0x80), 32-to-32C(0x5), and (0x0) 

Cluster 4 (67) : 
8: Input vars: const(0x0), const(0x80), 32-to-32C(0x6), and (0x0) 

11: Input vars: const(0x0), const(0x80), 32-to-32C(0x6), and (0x0) 

17: Input vars: const(0x0), const(0x80), 32-to-32C(0x6), and (0x0) 

39: Input vars: const(0x0), const(0x80), 32-to-32C(0x6), and (0x0) 

41: Input vars: const(0x0), const(0x80), 32-to-32C(0x6), and (0x0) 

43: Input vars: const(0x0), const(0x80), 32-to-32C(0x6), and (0x0) 

46: Input vars: const(0x0), const(0x80), 32-to-32C(0x6), and (0x0) 

47: Input vars: const(0x0), const(0x80), 32-to-32C(0x6), and (0x0) 

60: Input vars: const(0x0), const(0x80), 32-to-32C(0x6), and (0x0) 

67: Input vars: const(0x0), const(0x80), 32-to-32C(0x6), and (0x0) 

102: Input vars: const(0x0), const(0x80), 32-to-32C(0x6), and (0x0) 

103: Input vars: const(0x0), const(0x80), 32-to-32C(0x6), and (0x0) 

107: Input vars: const(0x0), const(0x80), 32-to-32C(0x6), and (0x0) 

108: Input vars: const(0x0), const(0x80), 32-to-32C(0x6), and (0x0) 

152: Input vars: const(0x0), const(0x80), 32-to-32C(0x6), and (0x0) 

156: Input vars: const(0x0), const(0x80), 32-to-32C(0x6), and (0x0) 

171: Input vars: const(0x0), const(0x80), 32-to-32C(0x6), and (0x0) 

175: Input vars: const(0x0), const(0x80), 32-to-32C(0x6), and (0x0) 

199: Input vars: const(0x0), const(0x80), 32-to-32C(0x6), and (0x0) 

202: Input vars: const(0x0), const(0x80), 32-to-32C(0x6), and (0x0) 

203: Input vars: const(0x0), const(0x80), 32-to-32C(0x6), and (0x0) 

244: Input vars: const(0x0), const(0x80), 32-to-32C(0x6), and (0x0) 

268: Input vars: const(0x0), const(0x80), 32-to-32C(0x6), and (0x0) 

270: Input vars: const(0x0), const(0x80), 32-to-32C(0x6), and (0x0) 

275: Input vars: const(0x0), const(0x80), 32-to-32C(0x6), and (0x0) 

276: Input vars: const(0x0), const(0x80), 32-to-32C(0x6), and (0x0) 

278: Input vars: const(0x0), const(0x80), 32-to-32C(0x6), and (0x0) 

302: Input vars: const(0x0), const(0x80), 32-to-32C(0x6), and (0x0) 

303: Input vars: const(0x0), const(0x80), 32-to-32C(0x6), and (0x0) 

304: Input vars: const(0x0), const(0x80), 32-to-32C(0x6), and (0x0) 

309: Input vars: const(0x0), const(0x80), 32-to-32C(0x6), and (0x0) 

318: Input vars: const(0x0), const(0x80), 32-to-32C(0x6), and (0x0) 

338: Input vars: const(0x0), const(0x80), 32-to-32C(0x6), and (0x0) 

339: Input vars: const(0x0), const(0x80), 32-to-32C(0x6), and (0x0) 

340: Input vars: const(0x0), const(0x80), 32-to-32C(0x6), and (0x0) 

355: Input vars: const(0x0), const(0x80), 32-to-32C(0x6), and (0x0) 

399: Input vars: const(0x0), const(0x80), 32-to-32C(0x6), and (0x0) 

400: Input vars: const(0x0), const(0x80), 32-to-32C(0x6), and (0x0) 

402: Input vars: const(0x0), const(0x80), 32-to-32C(0x6), and (0x0) 

407: Input vars: const(0x0), const(0x80), 32-to-32C(0x6), and (0x0) 

465: Input vars: const(0x0), const(0x80), 32-to-32C(0x6), and (0x0) 

469: Input vars: const(0x0), const(0x80), 32-to-32C(0x6), and (0x0) 

474: Input vars: const(0x0), const(0x80), 32-to-32C(0x6), and (0x0) 

475: Input vars: const(0x0), const(0x80), 32-to-32C(0x6), and (0x0) 

498: Input vars: const(0x0), const(0x80), 32-to-32C(0x6), and (0x0) 

540: Input vars: const(0x0), const(0x80), 32-to-32C(0x6), and (0x0) 

541: Input vars: const(0x0), const(0x80), 32-to-32C(0x6), and (0x0) 

563: Input vars: const(0x0), const(0x80), 32-to-32C(0x6), and (0x0) 

566: Input vars: const(0x0), const(0x80), 32-to-32C(0x6), and (0x0) 

568: Input vars: const(0x0), const(0x80), 32-to-32C(0x6), and (0x0) 

588: Input vars: const(0x0), const(0x80), 32-to-32C(0x6), and (0x0) 

589: Input vars: const(0x0), const(0x80), 32-to-32C(0x6), and (0x0) 

590: Input vars: const(0x0), const(0x80), 32-to-32C(0x6), and (0x0) 

626: Input vars: const(0x0), const(0x80), 32-to-32C(0x6), and (0x0) 

627: Input vars: const(0x0), const(0x80), 32-to-32C(0x6), and (0x0) 

628: Input vars: const(0x0), const(0x80), 32-to-32C(0x6), and (0x0) 

652: Input vars: const(0x0), const(0x80), 32-to-32C(0x6), and (0x0) 

654: Input vars: const(0x0), const(0x80), 32-to-32C(0x6), and (0x0) 

668: Input vars: const(0x0), const(0x80), 32-to-32C(0x6), and (0x0) 

673: Input vars: const(0x0), const(0x80), 32-to-32C(0x6), and (0x0) 

681: Input vars: const(0x0), const(0x80), 32-to-32C(0x6), and (0x0) 

708: Input vars: const(0x0), const(0x80), 32-to-32C(0x6), and (0x0) 

711: Input vars: const(0x0), const(0x80), 32-to-32C(0x6), and (0x0) 

712: Input vars: const(0x0), const(0x80), 32-to-32C(0x6), and (0x0) 

725: Input vars: const(0x0), const(0x80), 32-to-32C(0x6), and (0x0) 

758: Input vars: const(0x0), const(0x80), 32-to-32C(0x6), and (0x0) 

760: Input vars: const(0x0), const(0x80), 32-to-32C(0x6), and (0x0) 

Cluster 5 (10) : 
10: Input vars: (0x8), const(0x0), 16-to-32S(0x8), and (0x0) 

109: Input vars: (0x8), const(0x0), 16-to-32S(0x8), and (0x0) 

114: Input vars: (0x8), const(0x0), 16-to-32S(0x8), and (0x0) 

319: Input vars: (0x8), const(0x0), 16-to-32S(0x8), and (0x0) 

438: Input vars: (0x8), const(0x0), 16-to-32S(0x8), and (0x0) 

444: Input vars: (0x8), const(0x0), 16-to-32S(0x8), and (0x0) 

473: Input vars: (0x8), const(0x0), 16-to-32S(0x8), and (0x0) 

500: Input vars: (0x8), const(0x0), 16-to-32S(0x8), and (0x0) 

516: Input vars: (0x8), const(0x0), 16-to-32S(0x8), and (0x0) 

653: Input vars: (0x8), const(0x0), 16-to-32S(0x8), and (0x0) 

Cluster 6 (27) : 
14: Input vars: const(0x0), const(0x0), (0x0), and (0x0) 

33: Input vars: const(0x0), const(0x0), (0x0), and (0x0) 

122: Input vars: const(0x0), const(0x0), (0x0), and (0x0) 

123: Input vars: const(0x0), const(0x0), (0x0), and (0x0) 

163: Input vars: const(0x0), const(0x0), (0x0), and (0x0) 

194: Input vars: const(0x0), const(0x0), (0x0), and (0x0) 

209: Input vars: const(0x0), const(0x0), (0x0), and (0x0) 

227: Input vars: const(0x0), const(0x0), (0x0), and (0x0) 

317: Input vars: const(0x0), const(0x0), (0x0), and (0x0) 

328: Input vars: const(0x0), const(0x0), (0x0), and (0x0) 

333: Input vars: const(0x0), const(0x0), (0x0), and (0x0) 

341: Input vars: const(0x0), const(0x0), (0x0), and (0x0) 

392: Input vars: const(0x0), const(0x0), (0x0), and (0x0) 

393: Input vars: const(0x0), const(0x0), (0x0), and (0x0) 

401: Input vars: const(0x0), const(0x0), (0x0), and (0x0) 

415: Input vars: const(0x0), const(0x0), (0x0), and (0x0) 

420: Input vars: const(0x0), const(0x0), (0x0), and (0x0) 

432: Input vars: const(0x0), const(0x0), (0x0), and (0x0) 

459: Input vars: const(0x0), const(0x0), (0x0), and (0x0) 

471: Input vars: const(0x0), const(0x0), (0x0), and (0x0) 

485: Input vars: const(0x0), const(0x0), (0x0), and (0x0) 

493: Input vars: const(0x0), const(0x0), (0x0), and (0x0) 

507: Input vars: const(0x0), const(0x0), (0x0), and (0x0) 

546: Input vars: const(0x0), const(0x0), (0x0), and (0x0) 

558: Input vars: const(0x0), const(0x0), (0x0), and (0x0) 

702: Input vars: const(0x0), const(0x0), (0x0), and (0x0) 

717: Input vars: const(0x0), const(0x0), (0x0), and (0x0) 

Cluster 7 (34) : 
18: Input vars: const(0x0), const(0x80), 16-to-32Z(0x7), and (0x0) 

45: Input vars: const(0x0), const(0x80), 16-to-32Z(0x7), and (0x0) 

50: Input vars: const(0x0), const(0x80), 16-to-32Z(0x7), and (0x0) 

57: Input vars: const(0x0), const(0x80), 16-to-32Z(0x7), and (0x0) 

59: Input vars: const(0x0), const(0x80), 16-to-32Z(0x7), and (0x0) 

65: Input vars: const(0x0), const(0x80), 16-to-32Z(0x7), and (0x0) 

82: Input vars: const(0x0), const(0x80), 16-to-32Z(0x7), and (0x0) 

128: Input vars: const(0x0), const(0x80), 16-to-32Z(0x7), and (0x0) 

130: Input vars: const(0x0), const(0x80), 16-to-32Z(0x7), and (0x0) 

134: Input vars: const(0x0), const(0x80), 16-to-32Z(0x7), and (0x0) 

216: Input vars: const(0x0), const(0x80), 16-to-32Z(0x7), and (0x0) 

219: Input vars: const(0x0), const(0x80), 16-to-32Z(0x7), and (0x0) 

257: Input vars: const(0x0), const(0x80), 16-to-32Z(0x7), and (0x0) 

291: Input vars: const(0x0), const(0x80), 16-to-32Z(0x7), and (0x0) 

292: Input vars: const(0x0), const(0x80), 16-to-32Z(0x7), and (0x0) 

295: Input vars: const(0x0), const(0x80), 16-to-32Z(0x7), and (0x0) 

334: Input vars: const(0x0), const(0x80), 16-to-32Z(0x7), and (0x0) 

335: Input vars: const(0x0), const(0x80), 16-to-32Z(0x7), and (0x0) 

336: Input vars: const(0x0), const(0x80), 16-to-32Z(0x7), and (0x0) 

337: Input vars: const(0x0), const(0x80), 16-to-32Z(0x7), and (0x0) 

344: Input vars: const(0x0), const(0x80), 16-to-32Z(0x7), and (0x0) 

354: Input vars: const(0x0), const(0x80), 16-to-32Z(0x7), and (0x0) 

358: Input vars: const(0x0), const(0x80), 16-to-32Z(0x7), and (0x0) 

379: Input vars: const(0x0), const(0x80), 16-to-32Z(0x7), and (0x0) 

416: Input vars: const(0x0), const(0x80), 16-to-32Z(0x7), and (0x0) 

514: Input vars: const(0x0), const(0x80), 16-to-32Z(0x7), and (0x0) 

565: Input vars: const(0x0), const(0x80), 16-to-32Z(0x7), and (0x0) 

567: Input vars: const(0x0), const(0x80), 16-to-32Z(0x7), and (0x0) 

622: Input vars: const(0x0), const(0x80), 16-to-32Z(0x7), and (0x0) 

623: Input vars: const(0x0), const(0x80), 16-to-32Z(0x7), and (0x0) 

624: Input vars: const(0x0), const(0x80), 16-to-32Z(0x7), and (0x0) 

671: Input vars: const(0x0), const(0x80), 16-to-32Z(0x7), and (0x0) 

679: Input vars: const(0x0), const(0x80), 16-to-32Z(0x7), and (0x0) 

704: Input vars: const(0x0), const(0x80), 16-to-32Z(0x7), and (0x0) 

Cluster 8 (24) : 
19: Input vars: const(0x0), const(0x22000000), (0x8), and (0x0) 

51: Input vars: const(0x0), const(0x22000000), (0x8), and (0x0) 

129: Input vars: const(0x0), const(0x22000000), (0x8), and (0x0) 

154: Input vars: const(0x0), const(0x22000000), (0x8), and (0x0) 

185: Input vars: const(0x0), const(0x22000000), (0x8), and (0x0) 

207: Input vars: const(0x0), const(0x22000000), (0x8), and (0x0) 

246: Input vars: const(0x0), const(0x22000000), (0x8), and (0x0) 

261: Input vars: const(0x0), const(0x22000000), (0x8), and (0x0) 

267: Input vars: const(0x0), const(0x22000000), (0x8), and (0x0) 

384: Input vars: const(0x0), const(0x22000000), (0x8), and (0x0) 

423: Input vars: const(0x0), const(0x22000000), (0x8), and (0x0) 

439: Input vars: const(0x0), const(0x22000000), (0x8), and (0x0) 

446: Input vars: const(0x0), const(0x22000000), (0x8), and (0x0) 

447: Input vars: const(0x0), const(0x22000000), (0x8), and (0x0) 

468: Input vars: const(0x0), const(0x22000000), (0x8), and (0x0) 

496: Input vars: const(0x0), const(0x22000000), (0x8), and (0x0) 

499: Input vars: const(0x0), const(0x22000000), (0x8), and (0x0) 

502: Input vars: const(0x0), const(0x22000000), (0x8), and (0x0) 

533: Input vars: const(0x0), const(0x22000000), (0x8), and (0x0) 

545: Input vars: const(0x0), const(0x22000000), (0x8), and (0x0) 

547: Input vars: const(0x0), const(0x22000000), (0x8), and (0x0) 

669: Input vars: const(0x0), const(0x22000000), (0x8), and (0x0) 

684: Input vars: const(0x0), const(0x22000000), (0x8), and (0x0) 

740: Input vars: const(0x0), const(0x22000000), (0x8), and (0x0) 

Cluster 9 (1) : 
24: Input vars: 16-to-32Z(0x3), const(0x0), const(0x12002222), and (0x0) 

Cluster 10 (2) : 
25: Input vars: 16-to-32Z(0x2), const(0x0), const(0x10002), and (0x0) 

71: Input vars: 16-to-32Z(0x2), const(0x0), const(0x10002), and (0x0) 

Cluster 11 (4) : 
26: Input vars: const(0x0), (0x7), const(0x0), and (0x0) 

453: Input vars: const(0x0), (0x7), const(0x0), and (0x0) 

636: Input vars: const(0x0), (0x7), const(0x0), and (0x0) 

736: Input vars: const(0x0), (0x7), const(0x0), and (0x0) 

Cluster 12 (33) : 
27: Input vars: const(0x0), const(0x82000000), 32-to-32C(0x7), and (0x0) 

55: Input vars: const(0x0), const(0x82000000), 32-to-32C(0x7), and (0x0) 

64: Input vars: const(0x0), const(0x82000000), 32-to-32C(0x7), and (0x0) 

74: Input vars: const(0x0), const(0x82000000), 32-to-32C(0x7), and (0x0) 

75: Input vars: const(0x0), const(0x82000000), 32-to-32C(0x7), and (0x0) 

88: Input vars: const(0x0), const(0x82000000), 32-to-32C(0x7), and (0x0) 

98: Input vars: const(0x0), const(0x82000000), 32-to-32C(0x7), and (0x0) 

133: Input vars: const(0x0), const(0x82000000), 32-to-32C(0x7), and (0x0) 

165: Input vars: const(0x0), const(0x82000000), 32-to-32C(0x7), and (0x0) 

172: Input vars: const(0x0), const(0x82000000), 32-to-32C(0x7), and (0x0) 

177: Input vars: const(0x0), const(0x82000000), 32-to-32C(0x7), and (0x0) 

187: Input vars: const(0x0), const(0x82000000), 32-to-32C(0x7), and (0x0) 

201: Input vars: const(0x0), const(0x82000000), 32-to-32C(0x7), and (0x0) 

249: Input vars: const(0x0), const(0x82000000), 32-to-32C(0x7), and (0x0) 

272: Input vars: const(0x0), const(0x82000000), 32-to-32C(0x7), and (0x0) 

296: Input vars: const(0x0), const(0x82000000), 32-to-32C(0x7), and (0x0) 

326: Input vars: const(0x0), const(0x82000000), 32-to-32C(0x7), and (0x0) 

418: Input vars: const(0x0), const(0x82000000), 32-to-32C(0x7), and (0x0) 

436: Input vars: const(0x0), const(0x82000000), 32-to-32C(0x7), and (0x0) 

518: Input vars: const(0x0), const(0x82000000), 32-to-32C(0x7), and (0x0) 

520: Input vars: const(0x0), const(0x82000000), 32-to-32C(0x7), and (0x0) 

526: Input vars: const(0x0), const(0x82000000), 32-to-32C(0x7), and (0x0) 

531: Input vars: const(0x0), const(0x82000000), 32-to-32C(0x7), and (0x0) 

556: Input vars: const(0x0), const(0x82000000), 32-to-32C(0x7), and (0x0) 

594: Input vars: const(0x0), const(0x82000000), 32-to-32C(0x7), and (0x0) 

615: Input vars: const(0x0), const(0x82000000), 32-to-32C(0x7), and (0x0) 

640: Input vars: const(0x0), const(0x82000000), 32-to-32C(0x7), and (0x0) 

647: Input vars: const(0x0), const(0x82000000), 32-to-32C(0x7), and (0x0) 

649: Input vars: const(0x0), const(0x82000000), 32-to-32C(0x7), and (0x0) 

685: Input vars: const(0x0), const(0x82000000), 32-to-32C(0x7), and (0x0) 

694: Input vars: const(0x0), const(0x82000000), 32-to-32C(0x7), and (0x0) 

709: Input vars: const(0x0), const(0x82000000), 32-to-32C(0x7), and (0x0) 

726: Input vars: const(0x0), const(0x82000000), 32-to-32C(0x7), and (0x0) 

Cluster 13 (24) : 
28: Input vars: const(0x0), const(0x44000000), 32-to-32C(0x6), and (0x0) 

29: Input vars: const(0x0), const(0x44000000), 32-to-32C(0x6), and (0x0) 

49: Input vars: const(0x0), const(0x44000000), 32-to-32C(0x6), and (0x0) 

66: Input vars: const(0x0), const(0x44000000), 32-to-32C(0x6), and (0x0) 

83: Input vars: const(0x0), const(0x44000000), 32-to-32C(0x6), and (0x0) 

132: Input vars: const(0x0), const(0x44000000), 32-to-32C(0x6), and (0x0) 

136: Input vars: const(0x0), const(0x44000000), 32-to-32C(0x6), and (0x0) 

137: Input vars: const(0x0), const(0x44000000), 32-to-32C(0x6), and (0x0) 

183: Input vars: const(0x0), const(0x44000000), 32-to-32C(0x6), and (0x0) 

230: Input vars: const(0x0), const(0x44000000), 32-to-32C(0x6), and (0x0) 

342: Input vars: const(0x0), const(0x44000000), 32-to-32C(0x6), and (0x0) 

343: Input vars: const(0x0), const(0x44000000), 32-to-32C(0x6), and (0x0) 

370: Input vars: const(0x0), const(0x44000000), 32-to-32C(0x6), and (0x0) 

403: Input vars: const(0x0), const(0x44000000), 32-to-32C(0x6), and (0x0) 

405: Input vars: const(0x0), const(0x44000000), 32-to-32C(0x6), and (0x0) 

406: Input vars: const(0x0), const(0x44000000), 32-to-32C(0x6), and (0x0) 

421: Input vars: const(0x0), const(0x44000000), 32-to-32C(0x6), and (0x0) 

467: Input vars: const(0x0), const(0x44000000), 32-to-32C(0x6), and (0x0) 

495: Input vars: const(0x0), const(0x44000000), 32-to-32C(0x6), and (0x0) 

504: Input vars: const(0x0), const(0x44000000), 32-to-32C(0x6), and (0x0) 

559: Input vars: const(0x0), const(0x44000000), 32-to-32C(0x6), and (0x0) 

646: Input vars: const(0x0), const(0x44000000), 32-to-32C(0x6), and (0x0) 

675: Input vars: const(0x0), const(0x44000000), 32-to-32C(0x6), and (0x0) 

713: Input vars: const(0x0), const(0x44000000), 32-to-32C(0x6), and (0x0) 

Cluster 14 (25) : 
30: Input vars: const(0x0), const(0x44000000), 32-to-32C(0x5), and (0x0) 

89: Input vars: const(0x0), const(0x44000000), 32-to-32C(0x5), and (0x0) 

110: Input vars: const(0x0), const(0x44000000), 32-to-32C(0x5), and (0x0) 

116: Input vars: const(0x0), const(0x44000000), 32-to-32C(0x5), and (0x0) 

176: Input vars: const(0x0), const(0x44000000), 32-to-32C(0x5), and (0x0) 

184: Input vars: const(0x0), const(0x44000000), 32-to-32C(0x5), and (0x0) 

221: Input vars: const(0x0), const(0x44000000), 32-to-32C(0x5), and (0x0) 

252: Input vars: const(0x0), const(0x44000000), 32-to-32C(0x5), and (0x0) 

273: Input vars: const(0x0), const(0x44000000), 32-to-32C(0x5), and (0x0) 

277: Input vars: const(0x0), const(0x44000000), 32-to-32C(0x5), and (0x0) 

297: Input vars: const(0x0), const(0x44000000), 32-to-32C(0x5), and (0x0) 

368: Input vars: const(0x0), const(0x44000000), 32-to-32C(0x5), and (0x0) 

387: Input vars: const(0x0), const(0x44000000), 32-to-32C(0x5), and (0x0) 

388: Input vars: const(0x0), const(0x44000000), 32-to-32C(0x5), and (0x0) 

412: Input vars: const(0x0), const(0x44000000), 32-to-32C(0x5), and (0x0) 

419: Input vars: const(0x0), const(0x44000000), 32-to-32C(0x5), and (0x0) 

422: Input vars: const(0x0), const(0x44000000), 32-to-32C(0x5), and (0x0) 

457: Input vars: const(0x0), const(0x44000000), 32-to-32C(0x5), and (0x0) 

489: Input vars: const(0x0), const(0x44000000), 32-to-32C(0x5), and (0x0) 

497: Input vars: const(0x0), const(0x44000000), 32-to-32C(0x5), and (0x0) 

517: Input vars: const(0x0), const(0x44000000), 32-to-32C(0x5), and (0x0) 

527: Input vars: const(0x0), const(0x44000000), 32-to-32C(0x5), and (0x0) 

651: Input vars: const(0x0), const(0x44000000), 32-to-32C(0x5), and (0x0) 

757: Input vars: const(0x0), const(0x44000000), 32-to-32C(0x5), and (0x0) 

762: Input vars: const(0x0), const(0x44000000), 32-to-32C(0x5), and (0x0) 

Cluster 15 (3) : 
31: Input vars: (0x1), (0x0), const(0x0), and (0x0) 

94: Input vars: (0x1), (0x0), const(0x0), and (0x0) 

609: Input vars: (0x1), (0x0), const(0x0), and (0x0) 

Cluster 16 (15) : 
36: Input vars: const(0x0), const(0x28000000), (0xc), and (0x0) 

80: Input vars: const(0x0), const(0x28000000), (0xc), and (0x0) 

86: Input vars: const(0x0), const(0x28000000), (0xc), and (0x0) 

148: Input vars: const(0x0), const(0x28000000), (0xc), and (0x0) 

168: Input vars: const(0x0), const(0x28000000), (0xc), and (0x0) 

213: Input vars: const(0x0), const(0x28000000), (0xc), and (0x0) 

239: Input vars: const(0x0), const(0x28000000), (0xc), and (0x0) 

254: Input vars: const(0x0), const(0x28000000), (0xc), and (0x0) 

258: Input vars: const(0x0), const(0x28000000), (0xc), and (0x0) 

259: Input vars: const(0x0), const(0x28000000), (0xc), and (0x0) 

375: Input vars: const(0x0), const(0x28000000), (0xc), and (0x0) 

470: Input vars: const(0x0), const(0x28000000), (0xc), and (0x0) 

519: Input vars: const(0x0), const(0x28000000), (0xc), and (0x0) 

616: Input vars: const(0x0), const(0x28000000), (0xc), and (0x0) 

730: Input vars: const(0x0), const(0x28000000), (0xc), and (0x0) 

Cluster 17 (3) : 
42: Input vars: (0xa), (0x8), const(0x1010000), and (0x0) 

228: Input vars: (0xa), (0x8), const(0x1010000), and (0x0) 

587: Input vars: (0xa), (0x8), const(0x1010000), and (0x0) 

Cluster 18 (1) : 
52: Input vars: (0x3), (0x2), const(0x0), and (0x0) 

Cluster 19 (8) : 
53: Input vars: const(0x0), const(0x12000000), (0x1), and (0x0) 

170: Input vars: const(0x0), const(0x44000000), 32-to-32C(0x1), and (0x0) 

214: Input vars: const(0x0), const(0x12000000), (0x1), and (0x0) 

539: Input vars: const(0x0), const(0x44000000), 32-to-32C(0x1), and (0x0) 

550: Input vars: const(0x0), const(0x12000000), (0x1), and (0x0) 

555: Input vars: const(0x0), const(0x12000000), (0x1), and (0x0) 

661: Input vars: const(0x0), const(0x12000000), (0x1), and (0x0) 

664: Input vars: const(0x0), const(0x12000000), (0x1), and (0x0) 

Cluster 20 (3) : 
54: Input vars: (0x4), const(0x0), 16-to-32S(0x9), and (0x0) 

479: Input vars: (0x4), const(0x0), 16-to-32S(0x9), and (0x0) 

608: Input vars: (0x4), const(0x0), 16-to-32S(0x9), and (0x0) 

Cluster 21 (4) : 
61: Input vars: 16-to-32Z(0x0), const(0x0), 16-to-32Z(0x1), and (0x0) 

217: Input vars: 16-to-32Z(0x0), const(0x0), 16-to-32Z(0x1), and (0x0) 

417: Input vars: 16-to-32Z(0x0), const(0x0), 16-to-32Z(0x1), and (0x0) 

705: Input vars: 16-to-32Z(0x0), const(0x0), 16-to-32Z(0x1), and (0x0) 

Cluster 22 (5) : 
62: Input vars: 16-to-32S(0xa), 8-to-32S(0x8), const(0x0), and (0x0) 

105: Input vars: 16-to-32S(0xa), 8-to-32S(0x8), const(0x0), and (0x0) 

280: Input vars: 16-to-32S(0xa), 8-to-32S(0x8), const(0x0), and (0x0) 

621: Input vars: 16-to-32S(0xa), 8-to-32S(0x8), const(0x0), and (0x0) 

724: Input vars: 16-to-32S(0xa), 8-to-32S(0x8), const(0x0), and (0x0) 

Cluster 23 (7) : 
70: Input vars: const(0x0), const(0x18000000), (0xb), and (0x0) 

90: Input vars: const(0x0), const(0x18000000), (0xb), and (0x0) 

174: Input vars: const(0x0), const(0x18000000), (0xb), and (0x0) 

250: Input vars: const(0x0), const(0x18000000), (0xb), and (0x0) 

348: Input vars: const(0x0), const(0x18000000), (0xb), and (0x0) 

529: Input vars: const(0x0), const(0x18000000), (0xb), and (0x0) 

597: Input vars: const(0x0), const(0x18000000), (0xb), and (0x0) 

Cluster 24 (8) : 
72: Input vars: const(0x0), 32-to-32C(0x5), const(0x0), and (0x0) 

143: Input vars: const(0x0), 32-to-32C(0x5), const(0x0), and (0x0) 

320: Input vars: const(0x0), 32-to-32C(0x5), const(0x0), and (0x0) 

367: Input vars: const(0x0), 32-to-32C(0x5), const(0x0), and (0x0) 

411: Input vars: const(0x0), 32-to-32C(0x5), const(0x0), and (0x0) 

454: Input vars: const(0x0), 32-to-32C(0x5), const(0x0), and (0x0) 

720: Input vars: const(0x0), 32-to-32C(0x5), const(0x0), and (0x0) 

739: Input vars: const(0x0), 32-to-32C(0x5), const(0x0), and (0x0) 

Cluster 25 (11) : 
73: Input vars: const(0x0), (0x4), const(0x0), and (0x0) 

115: Input vars: const(0x0), (0x4), const(0x0), and (0x0) 

229: Input vars: const(0x0), (0x4), const(0x0), and (0x0) 

260: Input vars: const(0x0), (0x4), const(0x0), and (0x0) 

321: Input vars: const(0x0), (0x4), const(0x0), and (0x0) 

323: Input vars: const(0x0), (0x4), const(0x0), and (0x0) 

410: Input vars: const(0x0), (0x4), const(0x0), and (0x0) 

452: Input vars: const(0x0), (0x4), const(0x0), and (0x0) 

455: Input vars: const(0x0), (0x4), const(0x0), and (0x0) 

575: Input vars: const(0x0), (0x4), const(0x0), and (0x0) 

691: Input vars: const(0x0), (0x4), const(0x0), and (0x0) 

Cluster 26 (1) : 
91: Input vars: (0x2), (0x3), const(0x11180000), and (0x0) 

Cluster 27 (6) : 
92: Input vars: 16-to-32Z(0x6), const(0x0), (0x1), and (0x0) 

101: Input vars: 16-to-32Z(0x6), const(0x0), (0x1), and (0x0) 

104: Input vars: 16-to-32Z(0x6), const(0x0), (0x1), and (0x0) 

215: Input vars: 16-to-32Z(0x6), const(0x0), (0x1), and (0x0) 

357: Input vars: 16-to-32Z(0x6), const(0x0), (0x1), and (0x0) 

362: Input vars: 16-to-32Z(0x6), const(0x0), (0x1), and (0x0) 

Cluster 28 (7) : 
112: Input vars: const(0x0), const(0x42000000), (0xa), and (0x0) 

160: Input vars: const(0x0), const(0x42000000), (0xa), and (0x0) 

205: Input vars: const(0x0), const(0x42000000), (0xa), and (0x0) 

506: Input vars: const(0x0), const(0x42000000), (0xa), and (0x0) 

523: Input vars: const(0x0), const(0x42000000), (0xa), and (0x0) 

655: Input vars: const(0x0), const(0x42000000), (0xa), and (0x0) 

657: Input vars: const(0x0), const(0x42000000), (0xa), and (0x0) 

Cluster 29 (15) : 
117: Input vars: const(0x0), const(0x18000000), 32-to-32C(0x4), and (0x0) 

144: Input vars: const(0x0), const(0x18000000), 32-to-32C(0x4), and (0x0) 

146: Input vars: const(0x0), const(0x18000000), 32-to-32C(0x4), and (0x0) 

158: Input vars: const(0x0), const(0x18000000), 32-to-32C(0x4), and (0x0) 

298: Input vars: const(0x0), const(0x18000000), 32-to-32C(0x4), and (0x0) 

324: Input vars: const(0x0), const(0x18000000), 32-to-32C(0x4), and (0x0) 

369: Input vars: const(0x0), const(0x18000000), 32-to-32C(0x4), and (0x0) 

371: Input vars: const(0x0), const(0x18000000), 32-to-32C(0x4), and (0x0) 

372: Input vars: const(0x0), const(0x18000000), 32-to-32C(0x4), and (0x0) 

456: Input vars: const(0x0), const(0x18000000), 32-to-32C(0x4), and (0x0) 

505: Input vars: const(0x0), const(0x18000000), 32-to-32C(0x4), and (0x0) 

525: Input vars: const(0x0), const(0x18000000), 32-to-32C(0x4), and (0x0) 

528: Input vars: const(0x0), const(0x18000000), 32-to-32C(0x4), and (0x0) 

606: Input vars: const(0x0), const(0x18000000), 32-to-32C(0x4), and (0x0) 

687: Input vars: const(0x0), const(0x18000000), 32-to-32C(0x4), and (0x0) 

Cluster 30 (5) : 
139: Input vars: 16-to-32Z(0x3), 8-to-32Z(0x2), const(0x0), and (0x0) 

149: Input vars: 16-to-32Z(0x3), 8-to-32Z(0x2), const(0x0), and (0x0) 

153: Input vars: 16-to-32Z(0x3), 8-to-32Z(0x2), const(0x0), and (0x0) 

601: Input vars: 16-to-32Z(0x3), 8-to-32Z(0x2), const(0x0), and (0x0) 

682: Input vars: 16-to-32Z(0x3), 8-to-32Z(0x2), const(0x0), and (0x0) 

Cluster 31 (6) : 
142: Input vars: const(0x0), 32-to-32C(0x6), const(0x0), and (0x0) 

182: Input vars: const(0x0), 32-to-32C(0x6), const(0x0), and (0x0) 

322: Input vars: const(0x0), 32-to-32C(0x6), const(0x0), and (0x0) 

574: Input vars: const(0x0), 32-to-32C(0x6), const(0x0), and (0x0) 

737: Input vars: const(0x0), 32-to-32C(0x6), const(0x0), and (0x0) 

738: Input vars: const(0x0), 32-to-32C(0x6), const(0x0), and (0x0) 

Cluster 32 (1) : 
196: Input vars: (0x1), const(0x0), const(0x10), and (0x0) 

Cluster 33 (1) : 
206: Input vars: (0x5), const(0x0), 16-to-32S(0x9), and (0x0) 

Cluster 34 (3) : 
211: Input vars: (0x7), const(0x0), const(0x80), and (0x0) 

430: Input vars: (0x7), const(0x0), const(0x80), and (0x0) 

560: Input vars: (0x7), const(0x0), const(0x80), and (0x0) 

Cluster 35 (4) : 
224: Input vars: (0xa), const(0x0), 16-to-32S(0xa), and (0x0) 

293: Input vars: (0xa), const(0x0), 16-to-32S(0xa), and (0x0) 

386: Input vars: (0xa), const(0x0), 16-to-32S(0xa), and (0x0) 

680: Input vars: (0xa), const(0x0), 16-to-32S(0xa), and (0x0) 

Cluster 36 (4) : 
236: Input vars: (0x2), const(0x80), const(0x0), and (0x0) 

240: Input vars: (0x2), const(0x80), const(0x0), and (0x0) 

583: Input vars: (0x2), const(0x80), const(0x0), and (0x0) 

644: Input vars: (0x2), const(0x80), const(0x0), and (0x0) 

Cluster 37 (6) : 
241: Input vars: 16-to-32Z(0x5), const(0x20000000), 16-to-32Z(0x1), and (0x0) 

409: Input vars: 16-to-32Z(0x5), const(0x20000000), 16-to-32Z(0x1), and (0x0) 

448: Input vars: 16-to-32Z(0x5), const(0x20000000), 16-to-32Z(0x1), and (0x0) 

490: Input vars: 16-to-32Z(0x5), const(0x20000000), 16-to-32Z(0x1), and (0x0) 

562: Input vars: 16-to-32Z(0x5), const(0x20000000), 16-to-32Z(0x1), and (0x0) 

586: Input vars: 16-to-32Z(0x5), const(0x20000000), 16-to-32Z(0x1), and (0x0) 

Cluster 38 (1) : 
242: Input vars: (0xc), const(0x0), 32-to-32C(0x5), and (0x0) 

Cluster 39 (1) : 
256: Input vars: (0x4), const(0x0), 16-to-32S(0xb), and (0x0) 

Cluster 40 (2) : 
281: Input vars: (0x5), const(0x0), 16-to-32Z(0x6), and (0x0) 

346: Input vars: (0x5), const(0x0), 16-to-32Z(0x6), and (0x0) 

Cluster 41 (2) : 
282: Input vars: (0x8), const(0x0), 32-to-32C(0x9), and (0x0) 

347: Input vars: (0x8), const(0x0), 32-to-32C(0x9), and (0x0) 

Cluster 42 (3) : 
329: Input vars: const(0x0), 32-to-32C(0x8), const(0x0), and (0x0) 

635: Input vars: const(0x0), 32-to-32C(0x8), const(0x0), and (0x0) 

683: Input vars: const(0x0), 32-to-32C(0x8), const(0x0), and (0x0) 

Cluster 43 (1) : 
350: Input vars: (0x7), const(0x0), const(0xd2), and (0x0) 

Cluster 44 (2) : 
364: Input vars: (0x3), const(0x0), 32-to-32C(0x4), and (0x0) 

424: Input vars: (0x3), const(0x0), 32-to-32C(0x4), and (0x0) 

Cluster 45 (2) : 
365: Input vars: (0x5), (0x6), const(0x0), and (0x0) 

425: Input vars: (0x5), (0x6), const(0x0), and (0x0) 

Cluster 46 (2) : 
366: Input vars: (0x8), (0x9), const(0x0), and (0x0) 

426: Input vars: (0x8), (0x9), const(0x0), and (0x0) 

Cluster 47 (2) : 
389: Input vars: (0x6), 32-to-32C(0x5), const(0x0), and (0x0) 

476: Input vars: (0x6), 32-to-32C(0x5), const(0x0), and (0x0) 

Cluster 48 (1) : 
442: Input vars: (0x2), 32-to-32C(0x6), const(0x0), and (0x0) 

Cluster 49 (2) : 
450: Input vars: (0x4), const(0x0), 16-to-32S(0x5), and (0x0) 

553: Input vars: (0x4), const(0x0), 16-to-32S(0x5), and (0x0) 

Cluster 50 (2) : 
451: Input vars: (0x3), (0x4), const(0x0), and (0x0) 

554: Input vars: (0x3), (0x4), const(0x0), and (0x0) 

Cluster 51 (2) : 
503: Input vars: (0x3), (0x2), 16-to-32S(0x7), and (0x0) 

570: Input vars: (0x3), (0x2), 16-to-32S(0x7), and (0x0) 

Cluster 52 (1) : 
522: Input vars: (0x9), const(0x0), 32-to-32C(0x9), and (0x0) 

Cluster 53 (2) : 
530: Input vars: (0x1), 32-to-32C(0x3), const(0x14180000), and (0x0) 

610: Input vars: (0x1), 32-to-32C(0x3), const(0x14180000), and (0x0) 

Cluster 54 (2) : 
571: Input vars: (0x6), const(0x0), 16-to-32Z(0x7), and (0x0) 

603: Input vars: (0x6), const(0x0), 16-to-32Z(0x7), and (0x0) 

Cluster 55 (2) : 
572: Input vars: (0x7), const(0x0), 16-to-32Z(0x8), and (0x0) 

604: Input vars: (0x7), const(0x0), 16-to-32Z(0x8), and (0x0) 

Cluster 56 (2) : 
573: Input vars: (0x4), (0x5), const(0x0), and (0x0) 

605: Input vars: (0x4), (0x5), const(0x0), and (0x0) 

Cluster 57 (1) : 
577: Input vars: 32-to-1(0x3), const(0x20000000), 32-to-1(0x7), and 32-to-1(0x0) 

Cluster 58 (2) : 
633: Input vars: (0x6), (0x7), const(0x0), and (0x0) 

718: Input vars: (0x6), (0x7), const(0x0), and (0x0) 

Cluster 59 (2) : 
634: Input vars: (0x7), 32-to-32C(0x8), const(0x0), and (0x0) 

719: Input vars: (0x7), 32-to-32C(0x8), const(0x0), and (0x0) 

Cluster 60 (1) : 
696: Input vars: (0x6), const(0x0), const(0x80), and (0x0) 

Cluster 61 (1) : 
731: Input vars: (0x2), (0x1), const(0x0), and (0x0) 

Cluster 62 (1) : 
734: Input vars: 16-to-32Z(0x2), const(0x0), const(0x42007772), and (0x0) 

Cluster 63 (1) : 
761: Input vars: 16-to-32Z(0x2), const(0x0), const(0x12002222), and (0x0) 

